[2026-06-10T08:22:03.078+0000] {processor.py:186} INFO - Started process (PID=69) to work on /opt/airflow/dags/starter_pipeline.py
[2026-06-10T08:22:03.094+0000] {processor.py:914} INFO - Processing file /opt/airflow/dags/starter_pipeline.py for tasks to queue
[2026-06-10T08:22:03.114+0000] {logging_mixin.py:190} INFO - [2026-06-10T08:22:03.113+0000] {dagbag.py:588} INFO - Filling up the DagBag from /opt/airflow/dags/starter_pipeline.py
[2026-06-10T08:22:07.803+0000] {processor.py:925} INFO - DAG(s) 'lab4_starter' retrieved from /opt/airflow/dags/starter_pipeline.py
[2026-06-10T08:22:08.125+0000] {logging_mixin.py:190} INFO - [2026-06-10T08:22:08.124+0000] {dag.py:3239} INFO - Sync 1 DAGs
[2026-06-10T08:22:08.255+0000] {logging_mixin.py:190} INFO - [2026-06-10T08:22:08.254+0000] {dag.py:4180} INFO - Setting next_dagrun for lab4_starter to 2026-06-10 00:00:00+00:00, run_after=2026-06-11 00:00:00+00:00
[2026-06-10T08:22:08.335+0000] {processor.py:208} INFO - Processing /opt/airflow/dags/starter_pipeline.py took 5.380 seconds
[2026-06-10T08:22:39.062+0000] {processor.py:186} INFO - Started process (PID=121) to work on /opt/airflow/dags/starter_pipeline.py
[2026-06-10T08:22:39.076+0000] {processor.py:914} INFO - Processing file /opt/airflow/dags/starter_pipeline.py for tasks to queue
[2026-06-10T08:22:39.125+0000] {logging_mixin.py:190} INFO - [2026-06-10T08:22:39.121+0000] {dagbag.py:588} INFO - Filling up the DagBag from /opt/airflow/dags/starter_pipeline.py
[2026-06-10T08:22:41.064+0000] {processor.py:925} INFO - DAG(s) 'lab4_starter' retrieved from /opt/airflow/dags/starter_pipeline.py
[2026-06-10T08:22:41.306+0000] {logging_mixin.py:190} INFO - [2026-06-10T08:22:41.306+0000] {dag.py:3239} INFO - Sync 1 DAGs
[2026-06-10T08:22:41.648+0000] {logging_mixin.py:190} INFO - [2026-06-10T08:22:41.647+0000] {dag.py:4180} INFO - Setting next_dagrun for lab4_starter to 2026-06-10 00:00:00+00:00, run_after=2026-06-11 00:00:00+00:00
[2026-06-10T08:22:41.782+0000] {processor.py:208} INFO - Processing /opt/airflow/dags/starter_pipeline.py took 2.752 seconds
[2026-06-10T08:23:12.381+0000] {processor.py:186} INFO - Started process (PID=147) to work on /opt/airflow/dags/starter_pipeline.py
[2026-06-10T08:23:12.382+0000] {processor.py:914} INFO - Processing file /opt/airflow/dags/starter_pipeline.py for tasks to queue
[2026-06-10T08:23:12.388+0000] {logging_mixin.py:190} INFO - [2026-06-10T08:23:12.385+0000] {dagbag.py:588} INFO - Filling up the DagBag from /opt/airflow/dags/starter_pipeline.py
[2026-06-10T08:23:12.720+0000] {processor.py:925} INFO - DAG(s) 'lab4_starter' retrieved from /opt/airflow/dags/starter_pipeline.py
[2026-06-10T08:23:12.783+0000] {logging_mixin.py:190} INFO - [2026-06-10T08:23:12.783+0000] {dag.py:3239} INFO - Sync 1 DAGs
[2026-06-10T08:23:12.822+0000] {logging_mixin.py:190} INFO - [2026-06-10T08:23:12.821+0000] {dag.py:4180} INFO - Setting next_dagrun for lab4_starter to 2026-06-10 00:00:00+00:00, run_after=2026-06-11 00:00:00+00:00
[2026-06-10T08:23:12.866+0000] {processor.py:208} INFO - Processing /opt/airflow/dags/starter_pipeline.py took 0.494 seconds
[2026-06-10T08:23:43.243+0000] {processor.py:186} INFO - Started process (PID=169) to work on /opt/airflow/dags/starter_pipeline.py
[2026-06-10T08:23:43.245+0000] {processor.py:914} INFO - Processing file /opt/airflow/dags/starter_pipeline.py for tasks to queue
[2026-06-10T08:23:43.248+0000] {logging_mixin.py:190} INFO - [2026-06-10T08:23:43.248+0000] {dagbag.py:588} INFO - Filling up the DagBag from /opt/airflow/dags/starter_pipeline.py
[2026-06-10T08:23:43.584+0000] {processor.py:925} INFO - DAG(s) 'lab4_starter' retrieved from /opt/airflow/dags/starter_pipeline.py
[2026-06-10T08:23:43.615+0000] {logging_mixin.py:190} INFO - [2026-06-10T08:23:43.614+0000] {dag.py:3239} INFO - Sync 1 DAGs
[2026-06-10T08:23:43.638+0000] {logging_mixin.py:190} INFO - [2026-06-10T08:23:43.638+0000] {dag.py:4180} INFO - Setting next_dagrun for lab4_starter to 2026-06-10 00:00:00+00:00, run_after=2026-06-11 00:00:00+00:00
[2026-06-10T08:23:43.660+0000] {processor.py:208} INFO - Processing /opt/airflow/dags/starter_pipeline.py took 0.424 seconds
[2026-06-10T08:24:14.029+0000] {processor.py:186} INFO - Started process (PID=191) to work on /opt/airflow/dags/starter_pipeline.py
[2026-06-10T08:24:14.030+0000] {processor.py:914} INFO - Processing file /opt/airflow/dags/starter_pipeline.py for tasks to queue
[2026-06-10T08:24:14.033+0000] {logging_mixin.py:190} INFO - [2026-06-10T08:24:14.033+0000] {dagbag.py:588} INFO - Filling up the DagBag from /opt/airflow/dags/starter_pipeline.py
[2026-06-10T08:24:14.201+0000] {processor.py:925} INFO - DAG(s) 'lab4_starter' retrieved from /opt/airflow/dags/starter_pipeline.py
[2026-06-10T08:24:14.230+0000] {logging_mixin.py:190} INFO - [2026-06-10T08:24:14.229+0000] {dag.py:3239} INFO - Sync 1 DAGs
[2026-06-10T08:24:14.252+0000] {logging_mixin.py:190} INFO - [2026-06-10T08:24:14.252+0000] {dag.py:4180} INFO - Setting next_dagrun for lab4_starter to 2026-06-10 00:00:00+00:00, run_after=2026-06-11 00:00:00+00:00
[2026-06-10T08:24:14.269+0000] {processor.py:208} INFO - Processing /opt/airflow/dags/starter_pipeline.py took 0.246 seconds
[2026-06-10T08:24:44.842+0000] {processor.py:186} INFO - Started process (PID=213) to work on /opt/airflow/dags/starter_pipeline.py
[2026-06-10T08:24:44.844+0000] {processor.py:914} INFO - Processing file /opt/airflow/dags/starter_pipeline.py for tasks to queue
[2026-06-10T08:24:44.848+0000] {logging_mixin.py:190} INFO - [2026-06-10T08:24:44.847+0000] {dagbag.py:588} INFO - Filling up the DagBag from /opt/airflow/dags/starter_pipeline.py
[2026-06-10T08:24:45.223+0000] {processor.py:925} INFO - DAG(s) 'lab4_starter' retrieved from /opt/airflow/dags/starter_pipeline.py
[2026-06-10T08:24:45.292+0000] {logging_mixin.py:190} INFO - [2026-06-10T08:24:45.291+0000] {dag.py:3239} INFO - Sync 1 DAGs
[2026-06-10T08:24:45.351+0000] {logging_mixin.py:190} INFO - [2026-06-10T08:24:45.351+0000] {dag.py:4180} INFO - Setting next_dagrun for lab4_starter to 2026-06-10 00:00:00+00:00, run_after=2026-06-11 00:00:00+00:00
[2026-06-10T08:24:45.395+0000] {processor.py:208} INFO - Processing /opt/airflow/dags/starter_pipeline.py took 0.562 seconds
[2026-06-10T08:25:15.833+0000] {processor.py:186} INFO - Started process (PID=235) to work on /opt/airflow/dags/starter_pipeline.py
[2026-06-10T08:25:15.835+0000] {processor.py:914} INFO - Processing file /opt/airflow/dags/starter_pipeline.py for tasks to queue
[2026-06-10T08:25:15.842+0000] {logging_mixin.py:190} INFO - [2026-06-10T08:25:15.841+0000] {dagbag.py:588} INFO - Filling up the DagBag from /opt/airflow/dags/starter_pipeline.py
[2026-06-10T08:25:16.147+0000] {processor.py:925} INFO - DAG(s) 'lab4_starter' retrieved from /opt/airflow/dags/starter_pipeline.py
[2026-06-10T08:25:16.187+0000] {logging_mixin.py:190} INFO - [2026-06-10T08:25:16.187+0000] {dag.py:3239} INFO - Sync 1 DAGs
[2026-06-10T08:25:16.222+0000] {logging_mixin.py:190} INFO - [2026-06-10T08:25:16.221+0000] {dag.py:4180} INFO - Setting next_dagrun for lab4_starter to 2026-06-10 00:00:00+00:00, run_after=2026-06-11 00:00:00+00:00
[2026-06-10T08:25:16.258+0000] {processor.py:208} INFO - Processing /opt/airflow/dags/starter_pipeline.py took 0.435 seconds
[2026-06-10T08:25:46.527+0000] {processor.py:186} INFO - Started process (PID=257) to work on /opt/airflow/dags/starter_pipeline.py
[2026-06-10T08:25:46.529+0000] {processor.py:914} INFO - Processing file /opt/airflow/dags/starter_pipeline.py for tasks to queue
[2026-06-10T08:25:46.531+0000] {logging_mixin.py:190} INFO - [2026-06-10T08:25:46.531+0000] {dagbag.py:588} INFO - Filling up the DagBag from /opt/airflow/dags/starter_pipeline.py
[2026-06-10T08:25:46.662+0000] {processor.py:925} INFO - DAG(s) 'lab4_starter' retrieved from /opt/airflow/dags/starter_pipeline.py
[2026-06-10T08:25:46.688+0000] {logging_mixin.py:190} INFO - [2026-06-10T08:25:46.688+0000] {dag.py:3239} INFO - Sync 1 DAGs
[2026-06-10T08:25:46.707+0000] {logging_mixin.py:190} INFO - [2026-06-10T08:25:46.707+0000] {dag.py:4180} INFO - Setting next_dagrun for lab4_starter to 2026-06-10 00:00:00+00:00, run_after=2026-06-11 00:00:00+00:00
[2026-06-10T08:25:46.735+0000] {processor.py:208} INFO - Processing /opt/airflow/dags/starter_pipeline.py took 0.213 seconds
[2026-06-10T08:26:17.134+0000] {processor.py:186} INFO - Started process (PID=279) to work on /opt/airflow/dags/starter_pipeline.py
[2026-06-10T08:26:17.145+0000] {processor.py:914} INFO - Processing file /opt/airflow/dags/starter_pipeline.py for tasks to queue
[2026-06-10T08:26:17.149+0000] {logging_mixin.py:190} INFO - [2026-06-10T08:26:17.148+0000] {dagbag.py:588} INFO - Filling up the DagBag from /opt/airflow/dags/starter_pipeline.py
[2026-06-10T08:26:17.350+0000] {processor.py:925} INFO - DAG(s) 'lab4_starter' retrieved from /opt/airflow/dags/starter_pipeline.py
[2026-06-10T08:26:17.401+0000] {logging_mixin.py:190} INFO - [2026-06-10T08:26:17.401+0000] {dag.py:3239} INFO - Sync 1 DAGs
[2026-06-10T08:26:17.450+0000] {logging_mixin.py:190} INFO - [2026-06-10T08:26:17.450+0000] {dag.py:4180} INFO - Setting next_dagrun for lab4_starter to 2026-06-10 00:00:00+00:00, run_after=2026-06-11 00:00:00+00:00
[2026-06-10T08:26:17.501+0000] {processor.py:208} INFO - Processing /opt/airflow/dags/starter_pipeline.py took 0.373 seconds
[2026-06-10T08:26:47.865+0000] {processor.py:186} INFO - Started process (PID=301) to work on /opt/airflow/dags/starter_pipeline.py
[2026-06-10T08:26:47.867+0000] {processor.py:914} INFO - Processing file /opt/airflow/dags/starter_pipeline.py for tasks to queue
[2026-06-10T08:26:47.870+0000] {logging_mixin.py:190} INFO - [2026-06-10T08:26:47.869+0000] {dagbag.py:588} INFO - Filling up the DagBag from /opt/airflow/dags/starter_pipeline.py
[2026-06-10T08:26:48.025+0000] {processor.py:925} INFO - DAG(s) 'lab4_starter' retrieved from /opt/airflow/dags/starter_pipeline.py
[2026-06-10T08:26:48.059+0000] {logging_mixin.py:190} INFO - [2026-06-10T08:26:48.058+0000] {dag.py:3239} INFO - Sync 1 DAGs
[2026-06-10T08:26:48.092+0000] {logging_mixin.py:190} INFO - [2026-06-10T08:26:48.092+0000] {dag.py:4180} INFO - Setting next_dagrun for lab4_starter to 2026-06-10 00:00:00+00:00, run_after=2026-06-11 00:00:00+00:00
[2026-06-10T08:26:48.120+0000] {processor.py:208} INFO - Processing /opt/airflow/dags/starter_pipeline.py took 0.261 seconds
[2026-06-10T08:27:18.815+0000] {processor.py:186} INFO - Started process (PID=323) to work on /opt/airflow/dags/starter_pipeline.py
[2026-06-10T08:27:18.818+0000] {processor.py:914} INFO - Processing file /opt/airflow/dags/starter_pipeline.py for tasks to queue
[2026-06-10T08:27:18.824+0000] {logging_mixin.py:190} INFO - [2026-06-10T08:27:18.823+0000] {dagbag.py:588} INFO - Filling up the DagBag from /opt/airflow/dags/starter_pipeline.py
[2026-06-10T08:27:19.090+0000] {processor.py:925} INFO - DAG(s) 'lab4_starter' retrieved from /opt/airflow/dags/starter_pipeline.py
[2026-06-10T08:27:19.181+0000] {logging_mixin.py:190} INFO - [2026-06-10T08:27:19.180+0000] {dag.py:3239} INFO - Sync 1 DAGs
[2026-06-10T08:27:19.239+0000] {logging_mixin.py:190} INFO - [2026-06-10T08:27:19.238+0000] {dag.py:4180} INFO - Setting next_dagrun for lab4_starter to 2026-06-10 00:00:00+00:00, run_after=2026-06-11 00:00:00+00:00
[2026-06-10T08:27:19.294+0000] {processor.py:208} INFO - Processing /opt/airflow/dags/starter_pipeline.py took 0.492 seconds
[2026-06-10T08:27:49.727+0000] {processor.py:186} INFO - Started process (PID=352) to work on /opt/airflow/dags/starter_pipeline.py
[2026-06-10T08:27:49.728+0000] {processor.py:914} INFO - Processing file /opt/airflow/dags/starter_pipeline.py for tasks to queue
[2026-06-10T08:27:49.731+0000] {logging_mixin.py:190} INFO - [2026-06-10T08:27:49.730+0000] {dagbag.py:588} INFO - Filling up the DagBag from /opt/airflow/dags/starter_pipeline.py
[2026-06-10T08:27:49.875+0000] {processor.py:925} INFO - DAG(s) 'lab4_starter' retrieved from /opt/airflow/dags/starter_pipeline.py
[2026-06-10T08:27:49.899+0000] {logging_mixin.py:190} INFO - [2026-06-10T08:27:49.899+0000] {dag.py:3239} INFO - Sync 1 DAGs
[2026-06-10T08:27:49.917+0000] {logging_mixin.py:190} INFO - [2026-06-10T08:27:49.917+0000] {dag.py:4180} INFO - Setting next_dagrun for lab4_starter to 2026-06-10 00:00:00+00:00, run_after=2026-06-11 00:00:00+00:00
[2026-06-10T08:27:49.937+0000] {processor.py:208} INFO - Processing /opt/airflow/dags/starter_pipeline.py took 0.216 seconds
[2026-06-10T08:28:20.292+0000] {processor.py:186} INFO - Started process (PID=374) to work on /opt/airflow/dags/starter_pipeline.py
[2026-06-10T08:28:20.293+0000] {processor.py:914} INFO - Processing file /opt/airflow/dags/starter_pipeline.py for tasks to queue
[2026-06-10T08:28:20.296+0000] {logging_mixin.py:190} INFO - [2026-06-10T08:28:20.296+0000] {dagbag.py:588} INFO - Filling up the DagBag from /opt/airflow/dags/starter_pipeline.py
[2026-06-10T08:28:20.487+0000] {processor.py:925} INFO - DAG(s) 'lab4_starter' retrieved from /opt/airflow/dags/starter_pipeline.py
[2026-06-10T08:28:20.534+0000] {logging_mixin.py:190} INFO - [2026-06-10T08:28:20.534+0000] {dag.py:3239} INFO - Sync 1 DAGs
[2026-06-10T08:28:20.555+0000] {logging_mixin.py:190} INFO - [2026-06-10T08:28:20.555+0000] {dag.py:4180} INFO - Setting next_dagrun for lab4_starter to 2026-06-10 00:00:00+00:00, run_after=2026-06-11 00:00:00+00:00
[2026-06-10T08:28:20.571+0000] {processor.py:208} INFO - Processing /opt/airflow/dags/starter_pipeline.py took 0.286 seconds
[2026-06-10T08:28:50.951+0000] {processor.py:186} INFO - Started process (PID=410) to work on /opt/airflow/dags/starter_pipeline.py
[2026-06-10T08:28:50.956+0000] {processor.py:914} INFO - Processing file /opt/airflow/dags/starter_pipeline.py for tasks to queue
[2026-06-10T08:28:50.960+0000] {logging_mixin.py:190} INFO - [2026-06-10T08:28:50.959+0000] {dagbag.py:588} INFO - Filling up the DagBag from /opt/airflow/dags/starter_pipeline.py
[2026-06-10T08:28:51.119+0000] {processor.py:925} INFO - DAG(s) 'lab4_starter' retrieved from /opt/airflow/dags/starter_pipeline.py
[2026-06-10T08:28:51.144+0000] {logging_mixin.py:190} INFO - [2026-06-10T08:28:51.143+0000] {dag.py:3239} INFO - Sync 1 DAGs
[2026-06-10T08:28:51.163+0000] {logging_mixin.py:190} INFO - [2026-06-10T08:28:51.163+0000] {dag.py:4180} INFO - Setting next_dagrun for lab4_starter to 2026-06-10 00:00:00+00:00, run_after=2026-06-11 00:00:00+00:00
[2026-06-10T08:28:51.189+0000] {processor.py:208} INFO - Processing /opt/airflow/dags/starter_pipeline.py took 0.248 seconds
[2026-06-10T08:29:21.553+0000] {processor.py:186} INFO - Started process (PID=432) to work on /opt/airflow/dags/starter_pipeline.py
[2026-06-10T08:29:21.555+0000] {processor.py:914} INFO - Processing file /opt/airflow/dags/starter_pipeline.py for tasks to queue
[2026-06-10T08:29:21.557+0000] {logging_mixin.py:190} INFO - [2026-06-10T08:29:21.557+0000] {dagbag.py:588} INFO - Filling up the DagBag from /opt/airflow/dags/starter_pipeline.py
[2026-06-10T08:29:21.725+0000] {processor.py:925} INFO - DAG(s) 'lab4_starter' retrieved from /opt/airflow/dags/starter_pipeline.py
[2026-06-10T08:29:21.763+0000] {logging_mixin.py:190} INFO - [2026-06-10T08:29:21.763+0000] {dag.py:3239} INFO - Sync 1 DAGs
[2026-06-10T08:29:21.795+0000] {logging_mixin.py:190} INFO - [2026-06-10T08:29:21.794+0000] {dag.py:4180} INFO - Setting next_dagrun for lab4_starter to 2026-06-10 00:00:00+00:00, run_after=2026-06-11 00:00:00+00:00
[2026-06-10T08:29:21.829+0000] {processor.py:208} INFO - Processing /opt/airflow/dags/starter_pipeline.py took 0.282 seconds
[2026-06-10T08:29:52.180+0000] {processor.py:186} INFO - Started process (PID=455) to work on /opt/airflow/dags/starter_pipeline.py
[2026-06-10T08:29:52.181+0000] {processor.py:914} INFO - Processing file /opt/airflow/dags/starter_pipeline.py for tasks to queue
[2026-06-10T08:29:52.184+0000] {logging_mixin.py:190} INFO - [2026-06-10T08:29:52.184+0000] {dagbag.py:588} INFO - Filling up the DagBag from /opt/airflow/dags/starter_pipeline.py
[2026-06-10T08:29:52.312+0000] {processor.py:925} INFO - DAG(s) 'lab4_starter' retrieved from /opt/airflow/dags/starter_pipeline.py
[2026-06-10T08:29:52.341+0000] {logging_mixin.py:190} INFO - [2026-06-10T08:29:52.341+0000] {dag.py:3239} INFO - Sync 1 DAGs
[2026-06-10T08:29:52.365+0000] {logging_mixin.py:190} INFO - [2026-06-10T08:29:52.365+0000] {dag.py:4180} INFO - Setting next_dagrun for lab4_starter to 2026-06-10 00:00:00+00:00, run_after=2026-06-11 00:00:00+00:00
[2026-06-10T08:29:52.390+0000] {processor.py:208} INFO - Processing /opt/airflow/dags/starter_pipeline.py took 0.216 seconds
[2026-06-10T08:30:22.791+0000] {processor.py:186} INFO - Started process (PID=477) to work on /opt/airflow/dags/starter_pipeline.py
[2026-06-10T08:30:22.793+0000] {processor.py:914} INFO - Processing file /opt/airflow/dags/starter_pipeline.py for tasks to queue
[2026-06-10T08:30:22.796+0000] {logging_mixin.py:190} INFO - [2026-06-10T08:30:22.796+0000] {dagbag.py:588} INFO - Filling up the DagBag from /opt/airflow/dags/starter_pipeline.py
[2026-06-10T08:30:22.994+0000] {processor.py:925} INFO - DAG(s) 'lab4_starter' retrieved from /opt/airflow/dags/starter_pipeline.py
[2026-06-10T08:30:23.032+0000] {logging_mixin.py:190} INFO - [2026-06-10T08:30:23.032+0000] {dag.py:3239} INFO - Sync 1 DAGs
[2026-06-10T08:30:23.060+0000] {logging_mixin.py:190} INFO - [2026-06-10T08:30:23.060+0000] {dag.py:4180} INFO - Setting next_dagrun for lab4_starter to 2026-06-10 00:00:00+00:00, run_after=2026-06-11 00:00:00+00:00
[2026-06-10T08:30:23.080+0000] {processor.py:208} INFO - Processing /opt/airflow/dags/starter_pipeline.py took 0.295 seconds
[2026-06-10T08:30:53.223+0000] {processor.py:186} INFO - Started process (PID=499) to work on /opt/airflow/dags/starter_pipeline.py
[2026-06-10T08:30:53.225+0000] {processor.py:914} INFO - Processing file /opt/airflow/dags/starter_pipeline.py for tasks to queue
[2026-06-10T08:30:53.230+0000] {logging_mixin.py:190} INFO - [2026-06-10T08:30:53.229+0000] {dagbag.py:588} INFO - Filling up the DagBag from /opt/airflow/dags/starter_pipeline.py
[2026-06-10T08:30:53.636+0000] {processor.py:925} INFO - DAG(s) 'lab4_starter' retrieved from /opt/airflow/dags/starter_pipeline.py
[2026-06-10T08:30:53.764+0000] {logging_mixin.py:190} INFO - [2026-06-10T08:30:53.763+0000] {dag.py:3239} INFO - Sync 1 DAGs
[2026-06-10T08:30:53.884+0000] {logging_mixin.py:190} INFO - [2026-06-10T08:30:53.883+0000] {dag.py:4180} INFO - Setting next_dagrun for lab4_starter to 2026-06-10 00:00:00+00:00, run_after=2026-06-11 00:00:00+00:00
[2026-06-10T08:30:53.967+0000] {processor.py:208} INFO - Processing /opt/airflow/dags/starter_pipeline.py took 0.759 seconds
[2026-06-10T08:31:24.407+0000] {processor.py:186} INFO - Started process (PID=521) to work on /opt/airflow/dags/starter_pipeline.py
[2026-06-10T08:31:24.408+0000] {processor.py:914} INFO - Processing file /opt/airflow/dags/starter_pipeline.py for tasks to queue
[2026-06-10T08:31:24.410+0000] {logging_mixin.py:190} INFO - [2026-06-10T08:31:24.410+0000] {dagbag.py:588} INFO - Filling up the DagBag from /opt/airflow/dags/starter_pipeline.py
[2026-06-10T08:31:24.572+0000] {processor.py:925} INFO - DAG(s) 'lab4_starter' retrieved from /opt/airflow/dags/starter_pipeline.py
[2026-06-10T08:31:24.601+0000] {logging_mixin.py:190} INFO - [2026-06-10T08:31:24.600+0000] {dag.py:3239} INFO - Sync 1 DAGs
[2026-06-10T08:31:24.623+0000] {logging_mixin.py:190} INFO - [2026-06-10T08:31:24.623+0000] {dag.py:4180} INFO - Setting next_dagrun for lab4_starter to 2026-06-10 00:00:00+00:00, run_after=2026-06-11 00:00:00+00:00
[2026-06-10T08:31:24.658+0000] {processor.py:208} INFO - Processing /opt/airflow/dags/starter_pipeline.py took 0.257 seconds
[2026-06-10T08:31:55.068+0000] {processor.py:186} INFO - Started process (PID=543) to work on /opt/airflow/dags/starter_pipeline.py
[2026-06-10T08:31:55.071+0000] {processor.py:914} INFO - Processing file /opt/airflow/dags/starter_pipeline.py for tasks to queue
[2026-06-10T08:31:55.076+0000] {logging_mixin.py:190} INFO - [2026-06-10T08:31:55.076+0000] {dagbag.py:588} INFO - Filling up the DagBag from /opt/airflow/dags/starter_pipeline.py
[2026-06-10T08:31:55.294+0000] {processor.py:925} INFO - DAG(s) 'lab4_starter' retrieved from /opt/airflow/dags/starter_pipeline.py
[2026-06-10T08:31:55.345+0000] {logging_mixin.py:190} INFO - [2026-06-10T08:31:55.344+0000] {dag.py:3239} INFO - Sync 1 DAGs
[2026-06-10T08:31:55.380+0000] {logging_mixin.py:190} INFO - [2026-06-10T08:31:55.380+0000] {dag.py:4180} INFO - Setting next_dagrun for lab4_starter to 2026-06-10 00:00:00+00:00, run_after=2026-06-11 00:00:00+00:00
[2026-06-10T08:31:55.411+0000] {processor.py:208} INFO - Processing /opt/airflow/dags/starter_pipeline.py took 0.355 seconds
[2026-06-10T08:32:25.815+0000] {processor.py:186} INFO - Started process (PID=566) to work on /opt/airflow/dags/starter_pipeline.py
[2026-06-10T08:32:25.817+0000] {processor.py:914} INFO - Processing file /opt/airflow/dags/starter_pipeline.py for tasks to queue
[2026-06-10T08:32:25.821+0000] {logging_mixin.py:190} INFO - [2026-06-10T08:32:25.821+0000] {dagbag.py:588} INFO - Filling up the DagBag from /opt/airflow/dags/starter_pipeline.py
[2026-06-10T08:32:26.058+0000] {processor.py:925} INFO - DAG(s) 'lab4_starter' retrieved from /opt/airflow/dags/starter_pipeline.py
[2026-06-10T08:32:26.118+0000] {logging_mixin.py:190} INFO - [2026-06-10T08:32:26.118+0000] {dag.py:3239} INFO - Sync 1 DAGs
[2026-06-10T08:32:26.153+0000] {logging_mixin.py:190} INFO - [2026-06-10T08:32:26.153+0000] {dag.py:4180} INFO - Setting next_dagrun for lab4_starter to 2026-06-10 00:00:00+00:00, run_after=2026-06-11 00:00:00+00:00
[2026-06-10T08:32:26.186+0000] {processor.py:208} INFO - Processing /opt/airflow/dags/starter_pipeline.py took 0.378 seconds
[2026-06-10T08:32:56.542+0000] {processor.py:186} INFO - Started process (PID=588) to work on /opt/airflow/dags/starter_pipeline.py
[2026-06-10T08:32:56.544+0000] {processor.py:914} INFO - Processing file /opt/airflow/dags/starter_pipeline.py for tasks to queue
[2026-06-10T08:32:56.550+0000] {logging_mixin.py:190} INFO - [2026-06-10T08:32:56.549+0000] {dagbag.py:588} INFO - Filling up the DagBag from /opt/airflow/dags/starter_pipeline.py
[2026-06-10T08:32:56.725+0000] {processor.py:925} INFO - DAG(s) 'lab4_starter' retrieved from /opt/airflow/dags/starter_pipeline.py
[2026-06-10T08:32:56.757+0000] {logging_mixin.py:190} INFO - [2026-06-10T08:32:56.757+0000] {dag.py:3239} INFO - Sync 1 DAGs
[2026-06-10T08:32:56.783+0000] {logging_mixin.py:190} INFO - [2026-06-10T08:32:56.783+0000] {dag.py:4180} INFO - Setting next_dagrun for lab4_starter to 2026-06-10 00:00:00+00:00, run_after=2026-06-11 00:00:00+00:00
[2026-06-10T08:32:56.806+0000] {processor.py:208} INFO - Processing /opt/airflow/dags/starter_pipeline.py took 0.272 seconds
[2026-06-10T08:33:27.213+0000] {processor.py:186} INFO - Started process (PID=611) to work on /opt/airflow/dags/starter_pipeline.py
[2026-06-10T08:33:27.215+0000] {processor.py:914} INFO - Processing file /opt/airflow/dags/starter_pipeline.py for tasks to queue
[2026-06-10T08:33:27.221+0000] {logging_mixin.py:190} INFO - [2026-06-10T08:33:27.220+0000] {dagbag.py:588} INFO - Filling up the DagBag from /opt/airflow/dags/starter_pipeline.py
[2026-06-10T08:33:27.436+0000] {processor.py:925} INFO - DAG(s) 'lab4_starter' retrieved from /opt/airflow/dags/starter_pipeline.py
[2026-06-10T08:33:27.470+0000] {logging_mixin.py:190} INFO - [2026-06-10T08:33:27.470+0000] {dag.py:3239} INFO - Sync 1 DAGs
[2026-06-10T08:33:27.496+0000] {logging_mixin.py:190} INFO - [2026-06-10T08:33:27.496+0000] {dag.py:4180} INFO - Setting next_dagrun for lab4_starter to 2026-06-10 00:00:00+00:00, run_after=2026-06-11 00:00:00+00:00
[2026-06-10T08:33:27.529+0000] {processor.py:208} INFO - Processing /opt/airflow/dags/starter_pipeline.py took 0.327 seconds
[2026-06-10T08:33:57.821+0000] {processor.py:186} INFO - Started process (PID=633) to work on /opt/airflow/dags/starter_pipeline.py
[2026-06-10T08:33:57.823+0000] {processor.py:914} INFO - Processing file /opt/airflow/dags/starter_pipeline.py for tasks to queue
[2026-06-10T08:33:57.826+0000] {logging_mixin.py:190} INFO - [2026-06-10T08:33:57.825+0000] {dagbag.py:588} INFO - Filling up the DagBag from /opt/airflow/dags/starter_pipeline.py
[2026-06-10T08:33:57.952+0000] {processor.py:925} INFO - DAG(s) 'lab4_starter' retrieved from /opt/airflow/dags/starter_pipeline.py
[2026-06-10T08:33:57.978+0000] {logging_mixin.py:190} INFO - [2026-06-10T08:33:57.977+0000] {dag.py:3239} INFO - Sync 1 DAGs
[2026-06-10T08:33:57.999+0000] {logging_mixin.py:190} INFO - [2026-06-10T08:33:57.999+0000] {dag.py:4180} INFO - Setting next_dagrun for lab4_starter to 2026-06-10 00:00:00+00:00, run_after=2026-06-11 00:00:00+00:00
[2026-06-10T08:33:58.035+0000] {processor.py:208} INFO - Processing /opt/airflow/dags/starter_pipeline.py took 0.221 seconds
[2026-06-10T08:34:28.381+0000] {processor.py:186} INFO - Started process (PID=655) to work on /opt/airflow/dags/starter_pipeline.py
[2026-06-10T08:34:28.383+0000] {processor.py:914} INFO - Processing file /opt/airflow/dags/starter_pipeline.py for tasks to queue
[2026-06-10T08:34:28.386+0000] {logging_mixin.py:190} INFO - [2026-06-10T08:34:28.385+0000] {dagbag.py:588} INFO - Filling up the DagBag from /opt/airflow/dags/starter_pipeline.py
[2026-06-10T08:34:28.527+0000] {processor.py:925} INFO - DAG(s) 'lab4_starter' retrieved from /opt/airflow/dags/starter_pipeline.py
[2026-06-10T08:34:28.554+0000] {logging_mixin.py:190} INFO - [2026-06-10T08:34:28.554+0000] {dag.py:3239} INFO - Sync 1 DAGs
[2026-06-10T08:34:28.577+0000] {logging_mixin.py:190} INFO - [2026-06-10T08:34:28.577+0000] {dag.py:4180} INFO - Setting next_dagrun for lab4_starter to 2026-06-10 00:00:00+00:00, run_after=2026-06-11 00:00:00+00:00
[2026-06-10T08:34:28.596+0000] {processor.py:208} INFO - Processing /opt/airflow/dags/starter_pipeline.py took 0.220 seconds
[2026-06-10T08:34:58.966+0000] {processor.py:186} INFO - Started process (PID=677) to work on /opt/airflow/dags/starter_pipeline.py
[2026-06-10T08:34:58.967+0000] {processor.py:914} INFO - Processing file /opt/airflow/dags/starter_pipeline.py for tasks to queue
[2026-06-10T08:34:58.969+0000] {logging_mixin.py:190} INFO - [2026-06-10T08:34:58.969+0000] {dagbag.py:588} INFO - Filling up the DagBag from /opt/airflow/dags/starter_pipeline.py
[2026-06-10T08:34:59.109+0000] {processor.py:925} INFO - DAG(s) 'lab4_starter' retrieved from /opt/airflow/dags/starter_pipeline.py
[2026-06-10T08:34:59.133+0000] {logging_mixin.py:190} INFO - [2026-06-10T08:34:59.133+0000] {dag.py:3239} INFO - Sync 1 DAGs
[2026-06-10T08:34:59.156+0000] {logging_mixin.py:190} INFO - [2026-06-10T08:34:59.156+0000] {dag.py:4180} INFO - Setting next_dagrun for lab4_starter to 2026-06-10 00:00:00+00:00, run_after=2026-06-11 00:00:00+00:00
[2026-06-10T08:34:59.175+0000] {processor.py:208} INFO - Processing /opt/airflow/dags/starter_pipeline.py took 0.214 seconds
[2026-06-10T08:35:29.597+0000] {processor.py:186} INFO - Started process (PID=699) to work on /opt/airflow/dags/starter_pipeline.py
[2026-06-10T08:35:29.599+0000] {processor.py:914} INFO - Processing file /opt/airflow/dags/starter_pipeline.py for tasks to queue
[2026-06-10T08:35:29.605+0000] {logging_mixin.py:190} INFO - [2026-06-10T08:35:29.604+0000] {dagbag.py:588} INFO - Filling up the DagBag from /opt/airflow/dags/starter_pipeline.py
[2026-06-10T08:35:29.846+0000] {processor.py:925} INFO - DAG(s) 'lab4_starter' retrieved from /opt/airflow/dags/starter_pipeline.py
[2026-06-10T08:35:29.889+0000] {logging_mixin.py:190} INFO - [2026-06-10T08:35:29.888+0000] {dag.py:3239} INFO - Sync 1 DAGs
[2026-06-10T08:35:29.923+0000] {logging_mixin.py:190} INFO - [2026-06-10T08:35:29.923+0000] {dag.py:4180} INFO - Setting next_dagrun for lab4_starter to 2026-06-10 00:00:00+00:00, run_after=2026-06-11 00:00:00+00:00
[2026-06-10T08:35:29.956+0000] {processor.py:208} INFO - Processing /opt/airflow/dags/starter_pipeline.py took 0.366 seconds
[2026-06-10T08:36:00.532+0000] {processor.py:186} INFO - Started process (PID=721) to work on /opt/airflow/dags/starter_pipeline.py
[2026-06-10T08:36:00.536+0000] {processor.py:914} INFO - Processing file /opt/airflow/dags/starter_pipeline.py for tasks to queue
[2026-06-10T08:36:00.542+0000] {logging_mixin.py:190} INFO - [2026-06-10T08:36:00.541+0000] {dagbag.py:588} INFO - Filling up the DagBag from /opt/airflow/dags/starter_pipeline.py
[2026-06-10T08:36:01.044+0000] {processor.py:925} INFO - DAG(s) 'lab4_starter' retrieved from /opt/airflow/dags/starter_pipeline.py
[2026-06-10T08:36:01.165+0000] {logging_mixin.py:190} INFO - [2026-06-10T08:36:01.164+0000] {dag.py:3239} INFO - Sync 1 DAGs
[2026-06-10T08:36:01.225+0000] {logging_mixin.py:190} INFO - [2026-06-10T08:36:01.225+0000] {dag.py:4180} INFO - Setting next_dagrun for lab4_starter to 2026-06-10 00:00:00+00:00, run_after=2026-06-11 00:00:00+00:00
[2026-06-10T08:36:01.251+0000] {processor.py:208} INFO - Processing /opt/airflow/dags/starter_pipeline.py took 0.731 seconds
[2026-06-10T08:36:31.358+0000] {processor.py:186} INFO - Started process (PID=743) to work on /opt/airflow/dags/starter_pipeline.py
[2026-06-10T08:36:31.360+0000] {processor.py:914} INFO - Processing file /opt/airflow/dags/starter_pipeline.py for tasks to queue
[2026-06-10T08:36:31.364+0000] {logging_mixin.py:190} INFO - [2026-06-10T08:36:31.363+0000] {dagbag.py:588} INFO - Filling up the DagBag from /opt/airflow/dags/starter_pipeline.py
[2026-06-10T08:36:31.554+0000] {processor.py:925} INFO - DAG(s) 'lab4_starter' retrieved from /opt/airflow/dags/starter_pipeline.py
[2026-06-10T08:36:31.599+0000] {logging_mixin.py:190} INFO - [2026-06-10T08:36:31.599+0000] {dag.py:3239} INFO - Sync 1 DAGs
[2026-06-10T08:36:31.628+0000] {logging_mixin.py:190} INFO - [2026-06-10T08:36:31.627+0000] {dag.py:4180} INFO - Setting next_dagrun for lab4_starter to 2026-06-10 00:00:00+00:00, run_after=2026-06-11 00:00:00+00:00
[2026-06-10T08:36:31.657+0000] {processor.py:208} INFO - Processing /opt/airflow/dags/starter_pipeline.py took 0.305 seconds
[2026-06-10T08:37:02.117+0000] {processor.py:186} INFO - Started process (PID=765) to work on /opt/airflow/dags/starter_pipeline.py
[2026-06-10T08:37:02.118+0000] {processor.py:914} INFO - Processing file /opt/airflow/dags/starter_pipeline.py for tasks to queue
[2026-06-10T08:37:02.121+0000] {logging_mixin.py:190} INFO - [2026-06-10T08:37:02.120+0000] {dagbag.py:588} INFO - Filling up the DagBag from /opt/airflow/dags/starter_pipeline.py
[2026-06-10T08:37:02.311+0000] {processor.py:925} INFO - DAG(s) 'lab4_starter' retrieved from /opt/airflow/dags/starter_pipeline.py
[2026-06-10T08:37:02.353+0000] {logging_mixin.py:190} INFO - [2026-06-10T08:37:02.353+0000] {dag.py:3239} INFO - Sync 1 DAGs
[2026-06-10T08:37:02.389+0000] {logging_mixin.py:190} INFO - [2026-06-10T08:37:02.389+0000] {dag.py:4180} INFO - Setting next_dagrun for lab4_starter to 2026-06-10 00:00:00+00:00, run_after=2026-06-11 00:00:00+00:00
[2026-06-10T08:37:02.427+0000] {processor.py:208} INFO - Processing /opt/airflow/dags/starter_pipeline.py took 0.315 seconds
[2026-06-10T08:37:32.548+0000] {processor.py:186} INFO - Started process (PID=787) to work on /opt/airflow/dags/starter_pipeline.py
[2026-06-10T08:37:32.550+0000] {processor.py:914} INFO - Processing file /opt/airflow/dags/starter_pipeline.py for tasks to queue
[2026-06-10T08:37:32.555+0000] {logging_mixin.py:190} INFO - [2026-06-10T08:37:32.554+0000] {dagbag.py:588} INFO - Filling up the DagBag from /opt/airflow/dags/starter_pipeline.py
[2026-06-10T08:37:32.776+0000] {processor.py:925} INFO - DAG(s) 'lab4_starter' retrieved from /opt/airflow/dags/starter_pipeline.py
[2026-06-10T08:37:32.845+0000] {logging_mixin.py:190} INFO - [2026-06-10T08:37:32.845+0000] {dag.py:3239} INFO - Sync 1 DAGs
[2026-06-10T08:37:32.883+0000] {logging_mixin.py:190} INFO - [2026-06-10T08:37:32.882+0000] {dag.py:4180} INFO - Setting next_dagrun for lab4_starter to 2026-06-10 00:00:00+00:00, run_after=2026-06-11 00:00:00+00:00
[2026-06-10T08:37:32.921+0000] {processor.py:208} INFO - Processing /opt/airflow/dags/starter_pipeline.py took 0.383 seconds
[2026-06-10T08:38:03.370+0000] {processor.py:186} INFO - Started process (PID=809) to work on /opt/airflow/dags/starter_pipeline.py
[2026-06-10T08:38:03.376+0000] {processor.py:914} INFO - Processing file /opt/airflow/dags/starter_pipeline.py for tasks to queue
[2026-06-10T08:38:03.381+0000] {logging_mixin.py:190} INFO - [2026-06-10T08:38:03.381+0000] {dagbag.py:588} INFO - Filling up the DagBag from /opt/airflow/dags/starter_pipeline.py
[2026-06-10T08:38:03.565+0000] {processor.py:925} INFO - DAG(s) 'lab4_starter' retrieved from /opt/airflow/dags/starter_pipeline.py
[2026-06-10T08:38:03.593+0000] {logging_mixin.py:190} INFO - [2026-06-10T08:38:03.593+0000] {dag.py:3239} INFO - Sync 1 DAGs
[2026-06-10T08:38:03.613+0000] {logging_mixin.py:190} INFO - [2026-06-10T08:38:03.613+0000] {dag.py:4180} INFO - Setting next_dagrun for lab4_starter to 2026-06-10 00:00:00+00:00, run_after=2026-06-11 00:00:00+00:00
[2026-06-10T08:38:03.631+0000] {processor.py:208} INFO - Processing /opt/airflow/dags/starter_pipeline.py took 0.272 seconds
[2026-06-10T08:38:34.022+0000] {processor.py:186} INFO - Started process (PID=831) to work on /opt/airflow/dags/starter_pipeline.py
[2026-06-10T08:38:34.024+0000] {processor.py:914} INFO - Processing file /opt/airflow/dags/starter_pipeline.py for tasks to queue
[2026-06-10T08:38:34.027+0000] {logging_mixin.py:190} INFO - [2026-06-10T08:38:34.027+0000] {dagbag.py:588} INFO - Filling up the DagBag from /opt/airflow/dags/starter_pipeline.py
[2026-06-10T08:38:34.456+0000] {processor.py:925} INFO - DAG(s) 'lab4_starter' retrieved from /opt/airflow/dags/starter_pipeline.py
[2026-06-10T08:38:34.489+0000] {logging_mixin.py:190} INFO - [2026-06-10T08:38:34.489+0000] {dag.py:3239} INFO - Sync 1 DAGs
[2026-06-10T08:38:34.514+0000] {logging_mixin.py:190} INFO - [2026-06-10T08:38:34.514+0000] {dag.py:4180} INFO - Setting next_dagrun for lab4_starter to 2026-06-10 00:00:00+00:00, run_after=2026-06-11 00:00:00+00:00
[2026-06-10T08:38:34.539+0000] {processor.py:208} INFO - Processing /opt/airflow/dags/starter_pipeline.py took 0.528 seconds
[2026-06-10T08:39:04.956+0000] {processor.py:186} INFO - Started process (PID=853) to work on /opt/airflow/dags/starter_pipeline.py
[2026-06-10T08:39:04.958+0000] {processor.py:914} INFO - Processing file /opt/airflow/dags/starter_pipeline.py for tasks to queue
[2026-06-10T08:39:04.964+0000] {logging_mixin.py:190} INFO - [2026-06-10T08:39:04.963+0000] {dagbag.py:588} INFO - Filling up the DagBag from /opt/airflow/dags/starter_pipeline.py
[2026-06-10T08:39:05.144+0000] {processor.py:925} INFO - DAG(s) 'lab4_starter' retrieved from /opt/airflow/dags/starter_pipeline.py
[2026-06-10T08:39:05.190+0000] {logging_mixin.py:190} INFO - [2026-06-10T08:39:05.190+0000] {dag.py:3239} INFO - Sync 1 DAGs
[2026-06-10T08:39:05.224+0000] {logging_mixin.py:190} INFO - [2026-06-10T08:39:05.224+0000] {dag.py:4180} INFO - Setting next_dagrun for lab4_starter to 2026-06-10 00:00:00+00:00, run_after=2026-06-11 00:00:00+00:00
[2026-06-10T08:39:05.255+0000] {processor.py:208} INFO - Processing /opt/airflow/dags/starter_pipeline.py took 0.309 seconds
[2026-06-10T08:39:35.693+0000] {processor.py:186} INFO - Started process (PID=875) to work on /opt/airflow/dags/starter_pipeline.py
[2026-06-10T08:39:35.694+0000] {processor.py:914} INFO - Processing file /opt/airflow/dags/starter_pipeline.py for tasks to queue
[2026-06-10T08:39:35.696+0000] {logging_mixin.py:190} INFO - [2026-06-10T08:39:35.696+0000] {dagbag.py:588} INFO - Filling up the DagBag from /opt/airflow/dags/starter_pipeline.py
[2026-06-10T08:39:35.854+0000] {processor.py:925} INFO - DAG(s) 'lab4_starter' retrieved from /opt/airflow/dags/starter_pipeline.py
[2026-06-10T08:39:35.878+0000] {logging_mixin.py:190} INFO - [2026-06-10T08:39:35.877+0000] {dag.py:3239} INFO - Sync 1 DAGs
[2026-06-10T08:39:35.897+0000] {logging_mixin.py:190} INFO - [2026-06-10T08:39:35.897+0000] {dag.py:4180} INFO - Setting next_dagrun for lab4_starter to 2026-06-10 00:00:00+00:00, run_after=2026-06-11 00:00:00+00:00
[2026-06-10T08:39:35.989+0000] {processor.py:208} INFO - Processing /opt/airflow/dags/starter_pipeline.py took 0.302 seconds
[2026-06-10T08:40:06.561+0000] {processor.py:186} INFO - Started process (PID=897) to work on /opt/airflow/dags/starter_pipeline.py
[2026-06-10T08:40:06.579+0000] {processor.py:914} INFO - Processing file /opt/airflow/dags/starter_pipeline.py for tasks to queue
[2026-06-10T08:40:06.592+0000] {logging_mixin.py:190} INFO - [2026-06-10T08:40:06.591+0000] {dagbag.py:588} INFO - Filling up the DagBag from /opt/airflow/dags/starter_pipeline.py
[2026-06-10T08:40:06.916+0000] {processor.py:925} INFO - DAG(s) 'lab4_starter' retrieved from /opt/airflow/dags/starter_pipeline.py
[2026-06-10T08:40:06.962+0000] {logging_mixin.py:190} INFO - [2026-06-10T08:40:06.961+0000] {dag.py:3239} INFO - Sync 1 DAGs
[2026-06-10T08:40:07.005+0000] {logging_mixin.py:190} INFO - [2026-06-10T08:40:07.005+0000] {dag.py:4180} INFO - Setting next_dagrun for lab4_starter to 2026-06-10 00:00:00+00:00, run_after=2026-06-11 00:00:00+00:00
[2026-06-10T08:40:07.040+0000] {processor.py:208} INFO - Processing /opt/airflow/dags/starter_pipeline.py took 0.548 seconds
[2026-06-10T08:40:37.357+0000] {processor.py:186} INFO - Started process (PID=919) to work on /opt/airflow/dags/starter_pipeline.py
[2026-06-10T08:40:37.359+0000] {processor.py:914} INFO - Processing file /opt/airflow/dags/starter_pipeline.py for tasks to queue
[2026-06-10T08:40:37.361+0000] {logging_mixin.py:190} INFO - [2026-06-10T08:40:37.361+0000] {dagbag.py:588} INFO - Filling up the DagBag from /opt/airflow/dags/starter_pipeline.py
[2026-06-10T08:40:37.534+0000] {processor.py:925} INFO - DAG(s) 'lab4_starter' retrieved from /opt/airflow/dags/starter_pipeline.py
[2026-06-10T08:40:37.565+0000] {logging_mixin.py:190} INFO - [2026-06-10T08:40:37.565+0000] {dag.py:3239} INFO - Sync 1 DAGs
[2026-06-10T08:40:37.593+0000] {logging_mixin.py:190} INFO - [2026-06-10T08:40:37.593+0000] {dag.py:4180} INFO - Setting next_dagrun for lab4_starter to 2026-06-10 00:00:00+00:00, run_after=2026-06-11 00:00:00+00:00
[2026-06-10T08:40:37.615+0000] {processor.py:208} INFO - Processing /opt/airflow/dags/starter_pipeline.py took 0.263 seconds
[2026-06-10T08:41:08.096+0000] {processor.py:186} INFO - Started process (PID=941) to work on /opt/airflow/dags/starter_pipeline.py
[2026-06-10T08:41:08.097+0000] {processor.py:914} INFO - Processing file /opt/airflow/dags/starter_pipeline.py for tasks to queue
[2026-06-10T08:41:08.103+0000] {logging_mixin.py:190} INFO - [2026-06-10T08:41:08.102+0000] {dagbag.py:588} INFO - Filling up the DagBag from /opt/airflow/dags/starter_pipeline.py
[2026-06-10T08:41:08.294+0000] {processor.py:925} INFO - DAG(s) 'lab4_starter' retrieved from /opt/airflow/dags/starter_pipeline.py
[2026-06-10T08:41:08.325+0000] {logging_mixin.py:190} INFO - [2026-06-10T08:41:08.325+0000] {dag.py:3239} INFO - Sync 1 DAGs
[2026-06-10T08:41:08.351+0000] {logging_mixin.py:190} INFO - [2026-06-10T08:41:08.351+0000] {dag.py:4180} INFO - Setting next_dagrun for lab4_starter to 2026-06-10 00:00:00+00:00, run_after=2026-06-11 00:00:00+00:00
[2026-06-10T08:41:08.376+0000] {processor.py:208} INFO - Processing /opt/airflow/dags/starter_pipeline.py took 0.290 seconds
[2026-06-10T08:41:38.817+0000] {processor.py:186} INFO - Started process (PID=963) to work on /opt/airflow/dags/starter_pipeline.py
[2026-06-10T08:41:38.818+0000] {processor.py:914} INFO - Processing file /opt/airflow/dags/starter_pipeline.py for tasks to queue
[2026-06-10T08:41:38.821+0000] {logging_mixin.py:190} INFO - [2026-06-10T08:41:38.820+0000] {dagbag.py:588} INFO - Filling up the DagBag from /opt/airflow/dags/starter_pipeline.py
[2026-06-10T08:41:38.964+0000] {processor.py:925} INFO - DAG(s) 'lab4_starter' retrieved from /opt/airflow/dags/starter_pipeline.py
[2026-06-10T08:41:38.987+0000] {logging_mixin.py:190} INFO - [2026-06-10T08:41:38.987+0000] {dag.py:3239} INFO - Sync 1 DAGs
[2026-06-10T08:41:39.008+0000] {logging_mixin.py:190} INFO - [2026-06-10T08:41:39.008+0000] {dag.py:4180} INFO - Setting next_dagrun for lab4_starter to 2026-06-10 00:00:00+00:00, run_after=2026-06-11 00:00:00+00:00
[2026-06-10T08:41:39.028+0000] {processor.py:208} INFO - Processing /opt/airflow/dags/starter_pipeline.py took 0.216 seconds
[2026-06-10T08:42:09.312+0000] {processor.py:186} INFO - Started process (PID=985) to work on /opt/airflow/dags/starter_pipeline.py
[2026-06-10T08:42:09.314+0000] {processor.py:914} INFO - Processing file /opt/airflow/dags/starter_pipeline.py for tasks to queue
[2026-06-10T08:42:09.316+0000] {logging_mixin.py:190} INFO - [2026-06-10T08:42:09.316+0000] {dagbag.py:588} INFO - Filling up the DagBag from /opt/airflow/dags/starter_pipeline.py
[2026-06-10T08:42:09.477+0000] {processor.py:925} INFO - DAG(s) 'lab4_starter' retrieved from /opt/airflow/dags/starter_pipeline.py
[2026-06-10T08:42:09.509+0000] {logging_mixin.py:190} INFO - [2026-06-10T08:42:09.509+0000] {dag.py:3239} INFO - Sync 1 DAGs
[2026-06-10T08:42:09.530+0000] {logging_mixin.py:190} INFO - [2026-06-10T08:42:09.530+0000] {dag.py:4180} INFO - Setting next_dagrun for lab4_starter to 2026-06-10 00:00:00+00:00, run_after=2026-06-11 00:00:00+00:00
[2026-06-10T08:42:09.552+0000] {processor.py:208} INFO - Processing /opt/airflow/dags/starter_pipeline.py took 0.246 seconds
[2026-06-10T08:42:39.904+0000] {processor.py:186} INFO - Started process (PID=1007) to work on /opt/airflow/dags/starter_pipeline.py
[2026-06-10T08:42:39.905+0000] {processor.py:914} INFO - Processing file /opt/airflow/dags/starter_pipeline.py for tasks to queue
[2026-06-10T08:42:39.907+0000] {logging_mixin.py:190} INFO - [2026-06-10T08:42:39.907+0000] {dagbag.py:588} INFO - Filling up the DagBag from /opt/airflow/dags/starter_pipeline.py
[2026-06-10T08:42:40.044+0000] {processor.py:925} INFO - DAG(s) 'lab4_starter' retrieved from /opt/airflow/dags/starter_pipeline.py
[2026-06-10T08:42:40.068+0000] {logging_mixin.py:190} INFO - [2026-06-10T08:42:40.068+0000] {dag.py:3239} INFO - Sync 1 DAGs
[2026-06-10T08:42:40.086+0000] {logging_mixin.py:190} INFO - [2026-06-10T08:42:40.086+0000] {dag.py:4180} INFO - Setting next_dagrun for lab4_starter to 2026-06-10 00:00:00+00:00, run_after=2026-06-11 00:00:00+00:00
[2026-06-10T08:42:40.107+0000] {processor.py:208} INFO - Processing /opt/airflow/dags/starter_pipeline.py took 0.210 seconds
[2026-06-10T08:43:10.813+0000] {processor.py:186} INFO - Started process (PID=1029) to work on /opt/airflow/dags/starter_pipeline.py
[2026-06-10T08:43:10.818+0000] {processor.py:914} INFO - Processing file /opt/airflow/dags/starter_pipeline.py for tasks to queue
[2026-06-10T08:43:10.824+0000] {logging_mixin.py:190} INFO - [2026-06-10T08:43:10.822+0000] {dagbag.py:588} INFO - Filling up the DagBag from /opt/airflow/dags/starter_pipeline.py
[2026-06-10T08:43:11.538+0000] {processor.py:925} INFO - DAG(s) 'lab4_starter' retrieved from /opt/airflow/dags/starter_pipeline.py
[2026-06-10T08:43:11.575+0000] {logging_mixin.py:190} INFO - [2026-06-10T08:43:11.575+0000] {dag.py:3239} INFO - Sync 1 DAGs
[2026-06-10T08:43:11.601+0000] {logging_mixin.py:190} INFO - [2026-06-10T08:43:11.600+0000] {dag.py:4180} INFO - Setting next_dagrun for lab4_starter to 2026-06-10 00:00:00+00:00, run_after=2026-06-11 00:00:00+00:00
[2026-06-10T08:43:11.629+0000] {processor.py:208} INFO - Processing /opt/airflow/dags/starter_pipeline.py took 0.836 seconds
[2026-06-10T08:43:42.188+0000] {processor.py:186} INFO - Started process (PID=1051) to work on /opt/airflow/dags/starter_pipeline.py
[2026-06-10T08:43:42.189+0000] {processor.py:914} INFO - Processing file /opt/airflow/dags/starter_pipeline.py for tasks to queue
[2026-06-10T08:43:42.190+0000] {logging_mixin.py:190} INFO - [2026-06-10T08:43:42.190+0000] {dagbag.py:588} INFO - Filling up the DagBag from /opt/airflow/dags/starter_pipeline.py
[2026-06-10T08:43:42.307+0000] {processor.py:925} INFO - DAG(s) 'lab4_starter' retrieved from /opt/airflow/dags/starter_pipeline.py
[2026-06-10T08:43:42.335+0000] {logging_mixin.py:190} INFO - [2026-06-10T08:43:42.334+0000] {dag.py:3239} INFO - Sync 1 DAGs
[2026-06-10T08:43:42.353+0000] {logging_mixin.py:190} INFO - [2026-06-10T08:43:42.353+0000] {dag.py:4180} INFO - Setting next_dagrun for lab4_starter to 2026-06-10 00:00:00+00:00, run_after=2026-06-11 00:00:00+00:00
[2026-06-10T08:43:42.371+0000] {processor.py:208} INFO - Processing /opt/airflow/dags/starter_pipeline.py took 0.189 seconds
[2026-06-10T08:44:12.727+0000] {processor.py:186} INFO - Started process (PID=1079) to work on /opt/airflow/dags/starter_pipeline.py
[2026-06-10T08:44:12.728+0000] {processor.py:914} INFO - Processing file /opt/airflow/dags/starter_pipeline.py for tasks to queue
[2026-06-10T08:44:12.729+0000] {logging_mixin.py:190} INFO - [2026-06-10T08:44:12.729+0000] {dagbag.py:588} INFO - Filling up the DagBag from /opt/airflow/dags/starter_pipeline.py
[2026-06-10T08:44:12.860+0000] {processor.py:925} INFO - DAG(s) 'lab4_starter' retrieved from /opt/airflow/dags/starter_pipeline.py
[2026-06-10T08:44:12.882+0000] {logging_mixin.py:190} INFO - [2026-06-10T08:44:12.882+0000] {dag.py:3239} INFO - Sync 1 DAGs
[2026-06-10T08:44:12.903+0000] {logging_mixin.py:190} INFO - [2026-06-10T08:44:12.903+0000] {dag.py:4180} INFO - Setting next_dagrun for lab4_starter to 2026-06-10 00:00:00+00:00, run_after=2026-06-11 00:00:00+00:00
[2026-06-10T08:44:12.921+0000] {processor.py:208} INFO - Processing /opt/airflow/dags/starter_pipeline.py took 0.200 seconds
[2026-06-10T08:44:43.300+0000] {processor.py:186} INFO - Started process (PID=1101) to work on /opt/airflow/dags/starter_pipeline.py
[2026-06-10T08:44:43.302+0000] {processor.py:914} INFO - Processing file /opt/airflow/dags/starter_pipeline.py for tasks to queue
[2026-06-10T08:44:43.303+0000] {logging_mixin.py:190} INFO - [2026-06-10T08:44:43.303+0000] {dagbag.py:588} INFO - Filling up the DagBag from /opt/airflow/dags/starter_pipeline.py
[2026-06-10T08:44:43.424+0000] {processor.py:925} INFO - DAG(s) 'lab4_starter' retrieved from /opt/airflow/dags/starter_pipeline.py
[2026-06-10T08:44:43.447+0000] {logging_mixin.py:190} INFO - [2026-06-10T08:44:43.446+0000] {dag.py:3239} INFO - Sync 1 DAGs
[2026-06-10T08:44:43.466+0000] {logging_mixin.py:190} INFO - [2026-06-10T08:44:43.465+0000] {dag.py:4180} INFO - Setting next_dagrun for lab4_starter to 2026-06-10 00:00:00+00:00, run_after=2026-06-11 00:00:00+00:00
[2026-06-10T08:44:43.484+0000] {processor.py:208} INFO - Processing /opt/airflow/dags/starter_pipeline.py took 0.188 seconds
[2026-06-10T08:45:13.846+0000] {processor.py:186} INFO - Started process (PID=1123) to work on /opt/airflow/dags/starter_pipeline.py
[2026-06-10T08:45:13.848+0000] {processor.py:914} INFO - Processing file /opt/airflow/dags/starter_pipeline.py for tasks to queue
[2026-06-10T08:45:13.850+0000] {logging_mixin.py:190} INFO - [2026-06-10T08:45:13.849+0000] {dagbag.py:588} INFO - Filling up the DagBag from /opt/airflow/dags/starter_pipeline.py
[2026-06-10T08:45:14.013+0000] {processor.py:925} INFO - DAG(s) 'lab4_starter' retrieved from /opt/airflow/dags/starter_pipeline.py
[2026-06-10T08:45:14.054+0000] {logging_mixin.py:190} INFO - [2026-06-10T08:45:14.053+0000] {dag.py:3239} INFO - Sync 1 DAGs
[2026-06-10T08:45:14.087+0000] {logging_mixin.py:190} INFO - [2026-06-10T08:45:14.087+0000] {dag.py:4180} INFO - Setting next_dagrun for lab4_starter to 2026-06-10 00:00:00+00:00, run_after=2026-06-11 00:00:00+00:00
[2026-06-10T08:45:14.131+0000] {processor.py:208} INFO - Processing /opt/airflow/dags/starter_pipeline.py took 0.291 seconds
[2026-06-10T08:45:44.633+0000] {processor.py:186} INFO - Started process (PID=1145) to work on /opt/airflow/dags/starter_pipeline.py
[2026-06-10T08:45:44.635+0000] {processor.py:914} INFO - Processing file /opt/airflow/dags/starter_pipeline.py for tasks to queue
[2026-06-10T08:45:44.637+0000] {logging_mixin.py:190} INFO - [2026-06-10T08:45:44.636+0000] {dagbag.py:588} INFO - Filling up the DagBag from /opt/airflow/dags/starter_pipeline.py
[2026-06-10T08:45:44.782+0000] {processor.py:925} INFO - DAG(s) 'lab4_starter' retrieved from /opt/airflow/dags/starter_pipeline.py
[2026-06-10T08:45:44.805+0000] {logging_mixin.py:190} INFO - [2026-06-10T08:45:44.805+0000] {dag.py:3239} INFO - Sync 1 DAGs
[2026-06-10T08:45:44.823+0000] {logging_mixin.py:190} INFO - [2026-06-10T08:45:44.822+0000] {dag.py:4180} INFO - Setting next_dagrun for lab4_starter to 2026-06-10 00:00:00+00:00, run_after=2026-06-11 00:00:00+00:00
[2026-06-10T08:45:44.839+0000] {processor.py:208} INFO - Processing /opt/airflow/dags/starter_pipeline.py took 0.213 seconds
[2026-06-10T08:46:15.046+0000] {processor.py:186} INFO - Started process (PID=1167) to work on /opt/airflow/dags/starter_pipeline.py
[2026-06-10T08:46:15.048+0000] {processor.py:914} INFO - Processing file /opt/airflow/dags/starter_pipeline.py for tasks to queue
[2026-06-10T08:46:15.049+0000] {logging_mixin.py:190} INFO - [2026-06-10T08:46:15.049+0000] {dagbag.py:588} INFO - Filling up the DagBag from /opt/airflow/dags/starter_pipeline.py
[2026-06-10T08:46:15.230+0000] {processor.py:925} INFO - DAG(s) 'lab4_starter' retrieved from /opt/airflow/dags/starter_pipeline.py
[2026-06-10T08:46:15.266+0000] {logging_mixin.py:190} INFO - [2026-06-10T08:46:15.266+0000] {dag.py:3239} INFO - Sync 1 DAGs
[2026-06-10T08:46:15.294+0000] {logging_mixin.py:190} INFO - [2026-06-10T08:46:15.293+0000] {dag.py:4180} INFO - Setting next_dagrun for lab4_starter to 2026-06-10 00:00:00+00:00, run_after=2026-06-11 00:00:00+00:00
[2026-06-10T08:46:15.320+0000] {processor.py:208} INFO - Processing /opt/airflow/dags/starter_pipeline.py took 0.285 seconds
[2026-06-10T08:46:45.982+0000] {processor.py:186} INFO - Started process (PID=1189) to work on /opt/airflow/dags/starter_pipeline.py
[2026-06-10T08:46:45.985+0000] {processor.py:914} INFO - Processing file /opt/airflow/dags/starter_pipeline.py for tasks to queue
[2026-06-10T08:46:45.989+0000] {logging_mixin.py:190} INFO - [2026-06-10T08:46:45.988+0000] {dagbag.py:588} INFO - Filling up the DagBag from /opt/airflow/dags/starter_pipeline.py
[2026-06-10T08:46:46.227+0000] {processor.py:925} INFO - DAG(s) 'lab4_starter' retrieved from /opt/airflow/dags/starter_pipeline.py
[2026-06-10T08:46:46.275+0000] {logging_mixin.py:190} INFO - [2026-06-10T08:46:46.275+0000] {dag.py:3239} INFO - Sync 1 DAGs
[2026-06-10T08:46:46.346+0000] {logging_mixin.py:190} INFO - [2026-06-10T08:46:46.345+0000] {dag.py:4180} INFO - Setting next_dagrun for lab4_starter to 2026-06-10 00:00:00+00:00, run_after=2026-06-11 00:00:00+00:00
[2026-06-10T08:46:46.529+0000] {processor.py:208} INFO - Processing /opt/airflow/dags/starter_pipeline.py took 0.557 seconds
[2026-06-10T08:47:17.049+0000] {processor.py:186} INFO - Started process (PID=1211) to work on /opt/airflow/dags/starter_pipeline.py
[2026-06-10T08:47:17.055+0000] {processor.py:914} INFO - Processing file /opt/airflow/dags/starter_pipeline.py for tasks to queue
[2026-06-10T08:47:17.060+0000] {logging_mixin.py:190} INFO - [2026-06-10T08:47:17.060+0000] {dagbag.py:588} INFO - Filling up the DagBag from /opt/airflow/dags/starter_pipeline.py
[2026-06-10T08:47:17.701+0000] {processor.py:925} INFO - DAG(s) 'lab4_starter' retrieved from /opt/airflow/dags/starter_pipeline.py
[2026-06-10T08:47:17.773+0000] {logging_mixin.py:190} INFO - [2026-06-10T08:47:17.773+0000] {dag.py:3239} INFO - Sync 1 DAGs
[2026-06-10T08:47:17.827+0000] {logging_mixin.py:190} INFO - [2026-06-10T08:47:17.827+0000] {dag.py:4180} INFO - Setting next_dagrun for lab4_starter to 2026-06-10 00:00:00+00:00, run_after=2026-06-11 00:00:00+00:00
[2026-06-10T08:47:17.891+0000] {processor.py:208} INFO - Processing /opt/airflow/dags/starter_pipeline.py took 0.881 seconds
[2026-06-10T08:47:48.364+0000] {processor.py:186} INFO - Started process (PID=1234) to work on /opt/airflow/dags/starter_pipeline.py
[2026-06-10T08:47:48.365+0000] {processor.py:914} INFO - Processing file /opt/airflow/dags/starter_pipeline.py for tasks to queue
[2026-06-10T08:47:48.367+0000] {logging_mixin.py:190} INFO - [2026-06-10T08:47:48.366+0000] {dagbag.py:588} INFO - Filling up the DagBag from /opt/airflow/dags/starter_pipeline.py
[2026-06-10T08:47:48.601+0000] {processor.py:925} INFO - DAG(s) 'lab4_starter' retrieved from /opt/airflow/dags/starter_pipeline.py
[2026-06-10T08:47:48.638+0000] {logging_mixin.py:190} INFO - [2026-06-10T08:47:48.637+0000] {dag.py:3239} INFO - Sync 1 DAGs
[2026-06-10T08:47:48.667+0000] {logging_mixin.py:190} INFO - [2026-06-10T08:47:48.667+0000] {dag.py:4180} INFO - Setting next_dagrun for lab4_starter to 2026-06-10 00:00:00+00:00, run_after=2026-06-11 00:00:00+00:00
[2026-06-10T08:47:48.713+0000] {processor.py:208} INFO - Processing /opt/airflow/dags/starter_pipeline.py took 0.357 seconds
[2026-06-10T08:48:19.180+0000] {processor.py:186} INFO - Started process (PID=1256) to work on /opt/airflow/dags/starter_pipeline.py
[2026-06-10T08:48:19.182+0000] {processor.py:914} INFO - Processing file /opt/airflow/dags/starter_pipeline.py for tasks to queue
[2026-06-10T08:48:19.184+0000] {logging_mixin.py:190} INFO - [2026-06-10T08:48:19.183+0000] {dagbag.py:588} INFO - Filling up the DagBag from /opt/airflow/dags/starter_pipeline.py
[2026-06-10T08:48:19.390+0000] {processor.py:925} INFO - DAG(s) 'lab4_starter' retrieved from /opt/airflow/dags/starter_pipeline.py
[2026-06-10T08:48:19.449+0000] {logging_mixin.py:190} INFO - [2026-06-10T08:48:19.448+0000] {dag.py:3239} INFO - Sync 1 DAGs
[2026-06-10T08:48:19.500+0000] {logging_mixin.py:190} INFO - [2026-06-10T08:48:19.499+0000] {dag.py:4180} INFO - Setting next_dagrun for lab4_starter to 2026-06-10 00:00:00+00:00, run_after=2026-06-11 00:00:00+00:00
[2026-06-10T08:48:19.536+0000] {processor.py:208} INFO - Processing /opt/airflow/dags/starter_pipeline.py took 0.361 seconds
[2026-06-10T08:48:50.137+0000] {processor.py:186} INFO - Started process (PID=1278) to work on /opt/airflow/dags/starter_pipeline.py
[2026-06-10T08:48:50.140+0000] {processor.py:914} INFO - Processing file /opt/airflow/dags/starter_pipeline.py for tasks to queue
[2026-06-10T08:48:50.152+0000] {logging_mixin.py:190} INFO - [2026-06-10T08:48:50.151+0000] {dagbag.py:588} INFO - Filling up the DagBag from /opt/airflow/dags/starter_pipeline.py
[2026-06-10T08:48:50.388+0000] {processor.py:925} INFO - DAG(s) 'lab4_starter' retrieved from /opt/airflow/dags/starter_pipeline.py
[2026-06-10T08:48:50.448+0000] {logging_mixin.py:190} INFO - [2026-06-10T08:48:50.447+0000] {dag.py:3239} INFO - Sync 1 DAGs
[2026-06-10T08:48:50.481+0000] {logging_mixin.py:190} INFO - [2026-06-10T08:48:50.481+0000] {dag.py:4180} INFO - Setting next_dagrun for lab4_starter to 2026-06-10 00:00:00+00:00, run_after=2026-06-11 00:00:00+00:00
[2026-06-10T08:48:50.508+0000] {processor.py:208} INFO - Processing /opt/airflow/dags/starter_pipeline.py took 0.399 seconds
[2026-06-10T08:49:20.941+0000] {processor.py:186} INFO - Started process (PID=1300) to work on /opt/airflow/dags/starter_pipeline.py
[2026-06-10T08:49:20.942+0000] {processor.py:914} INFO - Processing file /opt/airflow/dags/starter_pipeline.py for tasks to queue
[2026-06-10T08:49:20.944+0000] {logging_mixin.py:190} INFO - [2026-06-10T08:49:20.944+0000] {dagbag.py:588} INFO - Filling up the DagBag from /opt/airflow/dags/starter_pipeline.py
[2026-06-10T08:49:21.232+0000] {processor.py:925} INFO - DAG(s) 'lab4_starter' retrieved from /opt/airflow/dags/starter_pipeline.py
[2026-06-10T08:49:21.304+0000] {logging_mixin.py:190} INFO - [2026-06-10T08:49:21.304+0000] {dag.py:3239} INFO - Sync 1 DAGs
[2026-06-10T08:49:21.368+0000] {logging_mixin.py:190} INFO - [2026-06-10T08:49:21.368+0000] {dag.py:4180} INFO - Setting next_dagrun for lab4_starter to 2026-06-10 00:00:00+00:00, run_after=2026-06-11 00:00:00+00:00
[2026-06-10T08:49:21.428+0000] {processor.py:208} INFO - Processing /opt/airflow/dags/starter_pipeline.py took 0.496 seconds
[2026-06-10T08:49:51.643+0000] {processor.py:186} INFO - Started process (PID=1322) to work on /opt/airflow/dags/starter_pipeline.py
[2026-06-10T08:49:51.645+0000] {processor.py:914} INFO - Processing file /opt/airflow/dags/starter_pipeline.py for tasks to queue
[2026-06-10T08:49:51.648+0000] {logging_mixin.py:190} INFO - [2026-06-10T08:49:51.647+0000] {dagbag.py:588} INFO - Filling up the DagBag from /opt/airflow/dags/starter_pipeline.py
[2026-06-10T08:49:51.888+0000] {processor.py:925} INFO - DAG(s) 'lab4_starter' retrieved from /opt/airflow/dags/starter_pipeline.py
[2026-06-10T08:49:51.930+0000] {logging_mixin.py:190} INFO - [2026-06-10T08:49:51.930+0000] {dag.py:3239} INFO - Sync 1 DAGs
[2026-06-10T08:49:51.963+0000] {logging_mixin.py:190} INFO - [2026-06-10T08:49:51.962+0000] {dag.py:4180} INFO - Setting next_dagrun for lab4_starter to 2026-06-10 00:00:00+00:00, run_after=2026-06-11 00:00:00+00:00
[2026-06-10T08:49:51.995+0000] {processor.py:208} INFO - Processing /opt/airflow/dags/starter_pipeline.py took 0.361 seconds
[2026-06-10T08:50:22.429+0000] {processor.py:186} INFO - Started process (PID=1344) to work on /opt/airflow/dags/starter_pipeline.py
[2026-06-10T08:50:22.432+0000] {processor.py:914} INFO - Processing file /opt/airflow/dags/starter_pipeline.py for tasks to queue
[2026-06-10T08:50:22.437+0000] {logging_mixin.py:190} INFO - [2026-06-10T08:50:22.436+0000] {dagbag.py:588} INFO - Filling up the DagBag from /opt/airflow/dags/starter_pipeline.py
[2026-06-10T08:50:22.655+0000] {processor.py:925} INFO - DAG(s) 'lab4_starter' retrieved from /opt/airflow/dags/starter_pipeline.py
[2026-06-10T08:50:22.693+0000] {logging_mixin.py:190} INFO - [2026-06-10T08:50:22.692+0000] {dag.py:3239} INFO - Sync 1 DAGs
[2026-06-10T08:50:22.730+0000] {logging_mixin.py:190} INFO - [2026-06-10T08:50:22.729+0000] {dag.py:4180} INFO - Setting next_dagrun for lab4_starter to 2026-06-10 00:00:00+00:00, run_after=2026-06-11 00:00:00+00:00
[2026-06-10T08:50:22.776+0000] {processor.py:208} INFO - Processing /opt/airflow/dags/starter_pipeline.py took 0.355 seconds
[2026-06-10T08:50:53.150+0000] {processor.py:186} INFO - Started process (PID=1366) to work on /opt/airflow/dags/starter_pipeline.py
[2026-06-10T08:50:53.152+0000] {processor.py:914} INFO - Processing file /opt/airflow/dags/starter_pipeline.py for tasks to queue
[2026-06-10T08:50:53.153+0000] {logging_mixin.py:190} INFO - [2026-06-10T08:50:53.153+0000] {dagbag.py:588} INFO - Filling up the DagBag from /opt/airflow/dags/starter_pipeline.py
[2026-06-10T08:50:53.290+0000] {processor.py:925} INFO - DAG(s) 'lab4_starter' retrieved from /opt/airflow/dags/starter_pipeline.py
[2026-06-10T08:50:53.319+0000] {logging_mixin.py:190} INFO - [2026-06-10T08:50:53.318+0000] {dag.py:3239} INFO - Sync 1 DAGs
[2026-06-10T08:50:53.349+0000] {logging_mixin.py:190} INFO - [2026-06-10T08:50:53.349+0000] {dag.py:4180} INFO - Setting next_dagrun for lab4_starter to 2026-06-10 00:00:00+00:00, run_after=2026-06-11 00:00:00+00:00
[2026-06-10T08:50:53.379+0000] {processor.py:208} INFO - Processing /opt/airflow/dags/starter_pipeline.py took 0.234 seconds
[2026-06-10T08:51:23.756+0000] {processor.py:186} INFO - Started process (PID=1388) to work on /opt/airflow/dags/starter_pipeline.py
[2026-06-10T08:51:23.758+0000] {processor.py:914} INFO - Processing file /opt/airflow/dags/starter_pipeline.py for tasks to queue
[2026-06-10T08:51:23.760+0000] {logging_mixin.py:190} INFO - [2026-06-10T08:51:23.759+0000] {dagbag.py:588} INFO - Filling up the DagBag from /opt/airflow/dags/starter_pipeline.py
[2026-06-10T08:51:23.936+0000] {processor.py:925} INFO - DAG(s) 'lab4_starter' retrieved from /opt/airflow/dags/starter_pipeline.py
[2026-06-10T08:51:23.967+0000] {logging_mixin.py:190} INFO - [2026-06-10T08:51:23.967+0000] {dag.py:3239} INFO - Sync 1 DAGs
[2026-06-10T08:51:23.997+0000] {logging_mixin.py:190} INFO - [2026-06-10T08:51:23.996+0000] {dag.py:4180} INFO - Setting next_dagrun for lab4_starter to 2026-06-10 00:00:00+00:00, run_after=2026-06-11 00:00:00+00:00
[2026-06-10T08:51:24.032+0000] {processor.py:208} INFO - Processing /opt/airflow/dags/starter_pipeline.py took 0.282 seconds
[2026-06-10T08:51:54.400+0000] {processor.py:186} INFO - Started process (PID=1410) to work on /opt/airflow/dags/starter_pipeline.py
[2026-06-10T08:51:54.402+0000] {processor.py:914} INFO - Processing file /opt/airflow/dags/starter_pipeline.py for tasks to queue
[2026-06-10T08:51:54.404+0000] {logging_mixin.py:190} INFO - [2026-06-10T08:51:54.403+0000] {dagbag.py:588} INFO - Filling up the DagBag from /opt/airflow/dags/starter_pipeline.py
[2026-06-10T08:51:54.645+0000] {processor.py:925} INFO - DAG(s) 'lab4_starter' retrieved from /opt/airflow/dags/starter_pipeline.py
[2026-06-10T08:51:54.696+0000] {logging_mixin.py:190} INFO - [2026-06-10T08:51:54.695+0000] {dag.py:3239} INFO - Sync 1 DAGs
[2026-06-10T08:51:54.736+0000] {logging_mixin.py:190} INFO - [2026-06-10T08:51:54.735+0000] {dag.py:4180} INFO - Setting next_dagrun for lab4_starter to 2026-06-10 00:00:00+00:00, run_after=2026-06-11 00:00:00+00:00
[2026-06-10T08:51:54.774+0000] {processor.py:208} INFO - Processing /opt/airflow/dags/starter_pipeline.py took 0.390 seconds
[2026-06-10T08:52:25.317+0000] {processor.py:186} INFO - Started process (PID=1432) to work on /opt/airflow/dags/starter_pipeline.py
[2026-06-10T08:52:25.322+0000] {processor.py:914} INFO - Processing file /opt/airflow/dags/starter_pipeline.py for tasks to queue
[2026-06-10T08:52:25.325+0000] {logging_mixin.py:190} INFO - [2026-06-10T08:52:25.324+0000] {dagbag.py:588} INFO - Filling up the DagBag from /opt/airflow/dags/starter_pipeline.py
[2026-06-10T08:52:25.813+0000] {processor.py:925} INFO - DAG(s) 'lab4_starter' retrieved from /opt/airflow/dags/starter_pipeline.py
[2026-06-10T08:52:25.898+0000] {logging_mixin.py:190} INFO - [2026-06-10T08:52:25.898+0000] {dag.py:3239} INFO - Sync 1 DAGs
[2026-06-10T08:52:25.962+0000] {logging_mixin.py:190} INFO - [2026-06-10T08:52:25.961+0000] {dag.py:4180} INFO - Setting next_dagrun for lab4_starter to 2026-06-10 00:00:00+00:00, run_after=2026-06-11 00:00:00+00:00
[2026-06-10T08:52:26.011+0000] {processor.py:208} INFO - Processing /opt/airflow/dags/starter_pipeline.py took 0.719 seconds
[2026-06-10T08:52:56.886+0000] {processor.py:186} INFO - Started process (PID=1454) to work on /opt/airflow/dags/starter_pipeline.py
[2026-06-10T08:52:56.888+0000] {processor.py:914} INFO - Processing file /opt/airflow/dags/starter_pipeline.py for tasks to queue
[2026-06-10T08:52:56.890+0000] {logging_mixin.py:190} INFO - [2026-06-10T08:52:56.890+0000] {dagbag.py:588} INFO - Filling up the DagBag from /opt/airflow/dags/starter_pipeline.py
[2026-06-10T08:52:57.121+0000] {processor.py:925} INFO - DAG(s) 'lab4_starter' retrieved from /opt/airflow/dags/starter_pipeline.py
[2026-06-10T08:52:57.161+0000] {logging_mixin.py:190} INFO - [2026-06-10T08:52:57.161+0000] {dag.py:3239} INFO - Sync 1 DAGs
[2026-06-10T08:52:57.207+0000] {logging_mixin.py:190} INFO - [2026-06-10T08:52:57.206+0000] {dag.py:4180} INFO - Setting next_dagrun for lab4_starter to 2026-06-10 00:00:00+00:00, run_after=2026-06-11 00:00:00+00:00
[2026-06-10T08:52:57.241+0000] {processor.py:208} INFO - Processing /opt/airflow/dags/starter_pipeline.py took 0.362 seconds
[2026-06-10T08:53:27.626+0000] {processor.py:186} INFO - Started process (PID=1476) to work on /opt/airflow/dags/starter_pipeline.py
[2026-06-10T08:53:27.627+0000] {processor.py:914} INFO - Processing file /opt/airflow/dags/starter_pipeline.py for tasks to queue
[2026-06-10T08:53:27.629+0000] {logging_mixin.py:190} INFO - [2026-06-10T08:53:27.629+0000] {dagbag.py:588} INFO - Filling up the DagBag from /opt/airflow/dags/starter_pipeline.py
[2026-06-10T08:53:27.780+0000] {processor.py:925} INFO - DAG(s) 'lab4_starter' retrieved from /opt/airflow/dags/starter_pipeline.py
[2026-06-10T08:53:27.810+0000] {logging_mixin.py:190} INFO - [2026-06-10T08:53:27.809+0000] {dag.py:3239} INFO - Sync 1 DAGs
[2026-06-10T08:53:27.832+0000] {logging_mixin.py:190} INFO - [2026-06-10T08:53:27.832+0000] {dag.py:4180} INFO - Setting next_dagrun for lab4_starter to 2026-06-10 00:00:00+00:00, run_after=2026-06-11 00:00:00+00:00
[2026-06-10T08:53:27.851+0000] {processor.py:208} INFO - Processing /opt/airflow/dags/starter_pipeline.py took 0.231 seconds
[2026-06-10T08:53:59.264+0000] {processor.py:186} INFO - Started process (PID=1498) to work on /opt/airflow/dags/starter_pipeline.py
[2026-06-10T08:53:59.274+0000] {processor.py:914} INFO - Processing file /opt/airflow/dags/starter_pipeline.py for tasks to queue
[2026-06-10T08:53:59.286+0000] {logging_mixin.py:190} INFO - [2026-06-10T08:53:59.286+0000] {dagbag.py:588} INFO - Filling up the DagBag from /opt/airflow/dags/starter_pipeline.py
[2026-06-10T08:54:01.719+0000] {processor.py:925} INFO - DAG(s) 'lab4_starter' retrieved from /opt/airflow/dags/starter_pipeline.py
[2026-06-10T08:54:01.898+0000] {logging_mixin.py:190} INFO - [2026-06-10T08:54:01.897+0000] {dag.py:3239} INFO - Sync 1 DAGs
[2026-06-10T08:54:02.037+0000] {logging_mixin.py:190} INFO - [2026-06-10T08:54:02.036+0000] {dag.py:4180} INFO - Setting next_dagrun for lab4_starter to 2026-06-10 00:00:00+00:00, run_after=2026-06-11 00:00:00+00:00
[2026-06-10T08:54:02.228+0000] {processor.py:208} INFO - Processing /opt/airflow/dags/starter_pipeline.py took 2.985 seconds
[2026-06-10T08:54:33.114+0000] {processor.py:186} INFO - Started process (PID=1520) to work on /opt/airflow/dags/starter_pipeline.py
[2026-06-10T08:54:33.116+0000] {processor.py:914} INFO - Processing file /opt/airflow/dags/starter_pipeline.py for tasks to queue
[2026-06-10T08:54:33.118+0000] {logging_mixin.py:190} INFO - [2026-06-10T08:54:33.118+0000] {dagbag.py:588} INFO - Filling up the DagBag from /opt/airflow/dags/starter_pipeline.py
[2026-06-10T08:54:33.331+0000] {processor.py:925} INFO - DAG(s) 'lab4_starter' retrieved from /opt/airflow/dags/starter_pipeline.py
[2026-06-10T08:54:33.368+0000] {logging_mixin.py:190} INFO - [2026-06-10T08:54:33.368+0000] {dag.py:3239} INFO - Sync 1 DAGs
[2026-06-10T08:54:33.401+0000] {logging_mixin.py:190} INFO - [2026-06-10T08:54:33.401+0000] {dag.py:4180} INFO - Setting next_dagrun for lab4_starter to 2026-06-10 00:00:00+00:00, run_after=2026-06-11 00:00:00+00:00
[2026-06-10T08:54:33.502+0000] {processor.py:208} INFO - Processing /opt/airflow/dags/starter_pipeline.py took 0.398 seconds
[2026-06-10T08:55:03.897+0000] {processor.py:186} INFO - Started process (PID=1542) to work on /opt/airflow/dags/starter_pipeline.py
[2026-06-10T08:55:03.899+0000] {processor.py:914} INFO - Processing file /opt/airflow/dags/starter_pipeline.py for tasks to queue
[2026-06-10T08:55:03.901+0000] {logging_mixin.py:190} INFO - [2026-06-10T08:55:03.901+0000] {dagbag.py:588} INFO - Filling up the DagBag from /opt/airflow/dags/starter_pipeline.py
[2026-06-10T08:55:04.089+0000] {processor.py:925} INFO - DAG(s) 'lab4_starter' retrieved from /opt/airflow/dags/starter_pipeline.py
[2026-06-10T08:55:04.123+0000] {logging_mixin.py:190} INFO - [2026-06-10T08:55:04.122+0000] {dag.py:3239} INFO - Sync 1 DAGs
[2026-06-10T08:55:04.152+0000] {logging_mixin.py:190} INFO - [2026-06-10T08:55:04.152+0000] {dag.py:4180} INFO - Setting next_dagrun for lab4_starter to 2026-06-10 00:00:00+00:00, run_after=2026-06-11 00:00:00+00:00
[2026-06-10T08:55:04.184+0000] {processor.py:208} INFO - Processing /opt/airflow/dags/starter_pipeline.py took 0.294 seconds
[2026-06-10T08:55:34.557+0000] {processor.py:186} INFO - Started process (PID=1564) to work on /opt/airflow/dags/starter_pipeline.py
[2026-06-10T08:55:34.559+0000] {processor.py:914} INFO - Processing file /opt/airflow/dags/starter_pipeline.py for tasks to queue
[2026-06-10T08:55:34.561+0000] {logging_mixin.py:190} INFO - [2026-06-10T08:55:34.560+0000] {dagbag.py:588} INFO - Filling up the DagBag from /opt/airflow/dags/starter_pipeline.py
[2026-06-10T08:55:34.740+0000] {processor.py:925} INFO - DAG(s) 'lab4_starter' retrieved from /opt/airflow/dags/starter_pipeline.py
[2026-06-10T08:55:34.777+0000] {logging_mixin.py:190} INFO - [2026-06-10T08:55:34.777+0000] {dag.py:3239} INFO - Sync 1 DAGs
[2026-06-10T08:55:34.838+0000] {logging_mixin.py:190} INFO - [2026-06-10T08:55:34.838+0000] {dag.py:4180} INFO - Setting next_dagrun for lab4_starter to 2026-06-10 00:00:00+00:00, run_after=2026-06-11 00:00:00+00:00
[2026-06-10T08:55:34.885+0000] {processor.py:208} INFO - Processing /opt/airflow/dags/starter_pipeline.py took 0.334 seconds
[2026-06-10T09:12:29.752+0000] {processor.py:186} INFO - Started process (PID=2301) to work on /opt/airflow/dags/starter_pipeline.py
[2026-06-10T09:12:29.754+0000] {processor.py:914} INFO - Processing file /opt/airflow/dags/starter_pipeline.py for tasks to queue
[2026-06-10T09:12:29.755+0000] {logging_mixin.py:190} INFO - [2026-06-10T09:12:29.755+0000] {dagbag.py:588} INFO - Filling up the DagBag from /opt/airflow/dags/starter_pipeline.py
[2026-06-10T09:12:29.913+0000] {processor.py:925} INFO - DAG(s) 'lab4_starter' retrieved from /opt/airflow/dags/starter_pipeline.py
[2026-06-10T09:12:29.936+0000] {logging_mixin.py:190} INFO - [2026-06-10T09:12:29.936+0000] {dag.py:3239} INFO - Sync 1 DAGs
[2026-06-10T09:12:29.957+0000] {logging_mixin.py:190} INFO - [2026-06-10T09:12:29.956+0000] {dag.py:4180} INFO - Setting next_dagrun for lab4_starter to 2026-06-10 00:00:00+00:00, run_after=2026-06-11 00:00:00+00:00
[2026-06-10T09:12:29.977+0000] {processor.py:208} INFO - Processing /opt/airflow/dags/starter_pipeline.py took 0.230 seconds
[2026-06-10T09:13:00.612+0000] {processor.py:186} INFO - Started process (PID=2317) to work on /opt/airflow/dags/starter_pipeline.py
[2026-06-10T09:13:00.629+0000] {processor.py:914} INFO - Processing file /opt/airflow/dags/starter_pipeline.py for tasks to queue
[2026-06-10T09:13:00.630+0000] {logging_mixin.py:190} INFO - [2026-06-10T09:13:00.630+0000] {dagbag.py:588} INFO - Filling up the DagBag from /opt/airflow/dags/starter_pipeline.py
[2026-06-10T09:13:00.889+0000] {processor.py:925} INFO - DAG(s) 'lab4_starter' retrieved from /opt/airflow/dags/starter_pipeline.py
[2026-06-10T09:13:00.922+0000] {logging_mixin.py:190} INFO - [2026-06-10T09:13:00.922+0000] {dag.py:3239} INFO - Sync 1 DAGs
[2026-06-10T09:13:01.000+0000] {logging_mixin.py:190} INFO - [2026-06-10T09:13:00.999+0000] {dag.py:4180} INFO - Setting next_dagrun for lab4_starter to 2026-06-10 00:00:00+00:00, run_after=2026-06-11 00:00:00+00:00
[2026-06-10T09:13:01.061+0000] {processor.py:208} INFO - Processing /opt/airflow/dags/starter_pipeline.py took 0.454 seconds
[2026-06-10T09:13:31.386+0000] {processor.py:186} INFO - Started process (PID=2333) to work on /opt/airflow/dags/starter_pipeline.py
[2026-06-10T09:13:31.388+0000] {processor.py:914} INFO - Processing file /opt/airflow/dags/starter_pipeline.py for tasks to queue
[2026-06-10T09:13:31.391+0000] {logging_mixin.py:190} INFO - [2026-06-10T09:13:31.391+0000] {dagbag.py:588} INFO - Filling up the DagBag from /opt/airflow/dags/starter_pipeline.py
[2026-06-10T09:13:31.612+0000] {processor.py:925} INFO - DAG(s) 'lab4_starter' retrieved from /opt/airflow/dags/starter_pipeline.py
[2026-06-10T09:13:31.644+0000] {logging_mixin.py:190} INFO - [2026-06-10T09:13:31.644+0000] {dag.py:3239} INFO - Sync 1 DAGs
[2026-06-10T09:13:31.670+0000] {logging_mixin.py:190} INFO - [2026-06-10T09:13:31.670+0000] {dag.py:4180} INFO - Setting next_dagrun for lab4_starter to 2026-06-10 00:00:00+00:00, run_after=2026-06-11 00:00:00+00:00
[2026-06-10T09:13:31.701+0000] {processor.py:208} INFO - Processing /opt/airflow/dags/starter_pipeline.py took 0.320 seconds
[2026-06-10T09:14:02.056+0000] {processor.py:186} INFO - Started process (PID=2349) to work on /opt/airflow/dags/starter_pipeline.py
[2026-06-10T09:14:02.058+0000] {processor.py:914} INFO - Processing file /opt/airflow/dags/starter_pipeline.py for tasks to queue
[2026-06-10T09:14:02.061+0000] {logging_mixin.py:190} INFO - [2026-06-10T09:14:02.060+0000] {dagbag.py:588} INFO - Filling up the DagBag from /opt/airflow/dags/starter_pipeline.py
[2026-06-10T09:14:02.299+0000] {processor.py:925} INFO - DAG(s) 'lab4_starter' retrieved from /opt/airflow/dags/starter_pipeline.py
[2026-06-10T09:14:02.349+0000] {logging_mixin.py:190} INFO - [2026-06-10T09:14:02.348+0000] {dag.py:3239} INFO - Sync 1 DAGs
[2026-06-10T09:14:02.387+0000] {logging_mixin.py:190} INFO - [2026-06-10T09:14:02.387+0000] {dag.py:4180} INFO - Setting next_dagrun for lab4_starter to 2026-06-10 00:00:00+00:00, run_after=2026-06-11 00:00:00+00:00
[2026-06-10T09:14:02.451+0000] {processor.py:208} INFO - Processing /opt/airflow/dags/starter_pipeline.py took 0.407 seconds
[2026-06-10T09:14:32.838+0000] {processor.py:186} INFO - Started process (PID=2365) to work on /opt/airflow/dags/starter_pipeline.py
[2026-06-10T09:14:32.858+0000] {processor.py:914} INFO - Processing file /opt/airflow/dags/starter_pipeline.py for tasks to queue
[2026-06-10T09:14:32.870+0000] {logging_mixin.py:190} INFO - [2026-06-10T09:14:32.869+0000] {dagbag.py:588} INFO - Filling up the DagBag from /opt/airflow/dags/starter_pipeline.py
[2026-06-10T09:14:33.275+0000] {processor.py:925} INFO - DAG(s) 'lab4_starter' retrieved from /opt/airflow/dags/starter_pipeline.py
[2026-06-10T09:14:33.348+0000] {logging_mixin.py:190} INFO - [2026-06-10T09:14:33.347+0000] {dag.py:3239} INFO - Sync 1 DAGs
[2026-06-10T09:14:33.415+0000] {logging_mixin.py:190} INFO - [2026-06-10T09:14:33.414+0000] {dag.py:4180} INFO - Setting next_dagrun for lab4_starter to 2026-06-10 00:00:00+00:00, run_after=2026-06-11 00:00:00+00:00
[2026-06-10T09:14:33.470+0000] {processor.py:208} INFO - Processing /opt/airflow/dags/starter_pipeline.py took 0.669 seconds
[2026-06-10T09:15:03.735+0000] {processor.py:186} INFO - Started process (PID=2389) to work on /opt/airflow/dags/starter_pipeline.py
[2026-06-10T09:15:03.738+0000] {processor.py:914} INFO - Processing file /opt/airflow/dags/starter_pipeline.py for tasks to queue
[2026-06-10T09:15:03.744+0000] {logging_mixin.py:190} INFO - [2026-06-10T09:15:03.743+0000] {dagbag.py:588} INFO - Filling up the DagBag from /opt/airflow/dags/starter_pipeline.py
[2026-06-10T09:15:04.212+0000] {processor.py:925} INFO - DAG(s) 'lab4_starter' retrieved from /opt/airflow/dags/starter_pipeline.py
[2026-06-10T09:15:04.253+0000] {logging_mixin.py:190} INFO - [2026-06-10T09:15:04.252+0000] {dag.py:3239} INFO - Sync 1 DAGs
[2026-06-10T09:15:04.285+0000] {logging_mixin.py:190} INFO - [2026-06-10T09:15:04.285+0000] {dag.py:4180} INFO - Setting next_dagrun for lab4_starter to 2026-06-10 00:00:00+00:00, run_after=2026-06-11 00:00:00+00:00
[2026-06-10T09:15:04.309+0000] {processor.py:208} INFO - Processing /opt/airflow/dags/starter_pipeline.py took 0.595 seconds
[2026-06-10T09:15:34.939+0000] {processor.py:186} INFO - Started process (PID=2412) to work on /opt/airflow/dags/starter_pipeline.py
[2026-06-10T09:15:34.940+0000] {processor.py:914} INFO - Processing file /opt/airflow/dags/starter_pipeline.py for tasks to queue
[2026-06-10T09:15:34.941+0000] {logging_mixin.py:190} INFO - [2026-06-10T09:15:34.941+0000] {dagbag.py:588} INFO - Filling up the DagBag from /opt/airflow/dags/starter_pipeline.py
[2026-06-10T09:15:35.122+0000] {processor.py:925} INFO - DAG(s) 'lab4_starter' retrieved from /opt/airflow/dags/starter_pipeline.py
[2026-06-10T09:15:35.149+0000] {logging_mixin.py:190} INFO - [2026-06-10T09:15:35.149+0000] {dag.py:3239} INFO - Sync 1 DAGs
[2026-06-10T09:15:35.174+0000] {logging_mixin.py:190} INFO - [2026-06-10T09:15:35.173+0000] {dag.py:4180} INFO - Setting next_dagrun for lab4_starter to 2026-06-10 00:00:00+00:00, run_after=2026-06-11 00:00:00+00:00
[2026-06-10T09:15:35.200+0000] {processor.py:208} INFO - Processing /opt/airflow/dags/starter_pipeline.py took 0.268 seconds
[2026-06-10T09:16:05.521+0000] {processor.py:186} INFO - Started process (PID=2435) to work on /opt/airflow/dags/starter_pipeline.py
[2026-06-10T09:16:05.522+0000] {processor.py:914} INFO - Processing file /opt/airflow/dags/starter_pipeline.py for tasks to queue
[2026-06-10T09:16:05.524+0000] {logging_mixin.py:190} INFO - [2026-06-10T09:16:05.523+0000] {dagbag.py:588} INFO - Filling up the DagBag from /opt/airflow/dags/starter_pipeline.py
[2026-06-10T09:16:05.681+0000] {processor.py:925} INFO - DAG(s) 'lab4_starter' retrieved from /opt/airflow/dags/starter_pipeline.py
[2026-06-10T09:16:05.708+0000] {logging_mixin.py:190} INFO - [2026-06-10T09:16:05.708+0000] {dag.py:3239} INFO - Sync 1 DAGs
[2026-06-10T09:16:05.732+0000] {logging_mixin.py:190} INFO - [2026-06-10T09:16:05.732+0000] {dag.py:4180} INFO - Setting next_dagrun for lab4_starter to 2026-06-10 00:00:00+00:00, run_after=2026-06-11 00:00:00+00:00
[2026-06-10T09:16:05.771+0000] {processor.py:208} INFO - Processing /opt/airflow/dags/starter_pipeline.py took 0.255 seconds
[2026-06-10T09:16:36.057+0000] {processor.py:186} INFO - Started process (PID=2458) to work on /opt/airflow/dags/starter_pipeline.py
[2026-06-10T09:16:36.059+0000] {processor.py:914} INFO - Processing file /opt/airflow/dags/starter_pipeline.py for tasks to queue
[2026-06-10T09:16:36.062+0000] {logging_mixin.py:190} INFO - [2026-06-10T09:16:36.062+0000] {dagbag.py:588} INFO - Filling up the DagBag from /opt/airflow/dags/starter_pipeline.py
[2026-06-10T09:16:36.518+0000] {processor.py:925} INFO - DAG(s) 'lab4_starter' retrieved from /opt/airflow/dags/starter_pipeline.py
[2026-06-10T09:16:36.550+0000] {logging_mixin.py:190} INFO - [2026-06-10T09:16:36.550+0000] {dag.py:3239} INFO - Sync 1 DAGs
[2026-06-10T09:16:36.575+0000] {logging_mixin.py:190} INFO - [2026-06-10T09:16:36.575+0000] {dag.py:4180} INFO - Setting next_dagrun for lab4_starter to 2026-06-10 00:00:00+00:00, run_after=2026-06-11 00:00:00+00:00
[2026-06-10T09:16:36.596+0000] {processor.py:208} INFO - Processing /opt/airflow/dags/starter_pipeline.py took 0.551 seconds
[2026-06-10T09:17:07.452+0000] {processor.py:186} INFO - Started process (PID=2481) to work on /opt/airflow/dags/starter_pipeline.py
[2026-06-10T09:17:07.454+0000] {processor.py:914} INFO - Processing file /opt/airflow/dags/starter_pipeline.py for tasks to queue
[2026-06-10T09:17:07.456+0000] {logging_mixin.py:190} INFO - [2026-06-10T09:17:07.455+0000] {dagbag.py:588} INFO - Filling up the DagBag from /opt/airflow/dags/starter_pipeline.py
[2026-06-10T09:17:07.731+0000] {processor.py:925} INFO - DAG(s) 'lab4_starter' retrieved from /opt/airflow/dags/starter_pipeline.py
[2026-06-10T09:17:07.776+0000] {logging_mixin.py:190} INFO - [2026-06-10T09:17:07.776+0000] {dag.py:3239} INFO - Sync 1 DAGs
[2026-06-10T09:17:07.808+0000] {logging_mixin.py:190} INFO - [2026-06-10T09:17:07.808+0000] {dag.py:4180} INFO - Setting next_dagrun for lab4_starter to 2026-06-10 00:00:00+00:00, run_after=2026-06-11 00:00:00+00:00
[2026-06-10T09:17:07.834+0000] {processor.py:208} INFO - Processing /opt/airflow/dags/starter_pipeline.py took 0.390 seconds
