[2026-06-10T08:22:02.961+0000] {processor.py:186} INFO - Started process (PID=68) to work on /opt/airflow/dags/team_adrien.py
[2026-06-10T08:22:02.981+0000] {processor.py:914} INFO - Processing file /opt/airflow/dags/team_adrien.py for tasks to queue
[2026-06-10T08:22:03.045+0000] {logging_mixin.py:190} INFO - [2026-06-10T08:22:03.043+0000] {dagbag.py:588} INFO - Filling up the DagBag from /opt/airflow/dags/team_adrien.py
[2026-06-10T08:22:07.785+0000] {processor.py:925} INFO - DAG(s) 'team_adrien' retrieved from /opt/airflow/dags/team_adrien.py
[2026-06-10T08:22:08.127+0000] {logging_mixin.py:190} INFO - [2026-06-10T08:22:08.126+0000] {dag.py:3239} INFO - Sync 1 DAGs
[2026-06-10T08:22:08.256+0000] {logging_mixin.py:190} INFO - [2026-06-10T08:22:08.256+0000] {dag.py:4180} INFO - Setting next_dagrun for team_adrien to 2026-06-10 00:00:00+00:00, run_after=2026-06-11 00:00:00+00:00
[2026-06-10T08:22:08.372+0000] {processor.py:208} INFO - Processing /opt/airflow/dags/team_adrien.py took 5.555 seconds
[2026-06-10T08:22:39.064+0000] {processor.py:186} INFO - Started process (PID=120) to work on /opt/airflow/dags/team_adrien.py
[2026-06-10T08:22:39.072+0000] {processor.py:914} INFO - Processing file /opt/airflow/dags/team_adrien.py for tasks to queue
[2026-06-10T08:22:39.116+0000] {logging_mixin.py:190} INFO - [2026-06-10T08:22:39.111+0000] {dagbag.py:588} INFO - Filling up the DagBag from /opt/airflow/dags/team_adrien.py
[2026-06-10T08:22:41.069+0000] {processor.py:925} INFO - DAG(s) 'team_adrien' retrieved from /opt/airflow/dags/team_adrien.py
[2026-06-10T08:22:41.310+0000] {logging_mixin.py:190} INFO - [2026-06-10T08:22:41.310+0000] {dag.py:3239} INFO - Sync 1 DAGs
[2026-06-10T08:22:41.651+0000] {logging_mixin.py:190} INFO - [2026-06-10T08:22:41.650+0000] {dag.py:4180} INFO - Setting next_dagrun for team_adrien to 2026-06-10 00:00:00+00:00, run_after=2026-06-11 00:00:00+00:00
[2026-06-10T08:22:41.781+0000] {processor.py:208} INFO - Processing /opt/airflow/dags/team_adrien.py took 2.797 seconds
[2026-06-10T08:23:12.375+0000] {processor.py:186} INFO - Started process (PID=146) to work on /opt/airflow/dags/team_adrien.py
[2026-06-10T08:23:12.376+0000] {processor.py:914} INFO - Processing file /opt/airflow/dags/team_adrien.py for tasks to queue
[2026-06-10T08:23:12.382+0000] {logging_mixin.py:190} INFO - [2026-06-10T08:23:12.381+0000] {dagbag.py:588} INFO - Filling up the DagBag from /opt/airflow/dags/team_adrien.py
[2026-06-10T08:23:12.720+0000] {processor.py:925} INFO - DAG(s) 'team_adrien' retrieved from /opt/airflow/dags/team_adrien.py
[2026-06-10T08:23:12.778+0000] {logging_mixin.py:190} INFO - [2026-06-10T08:23:12.777+0000] {dag.py:3239} INFO - Sync 1 DAGs
[2026-06-10T08:23:12.822+0000] {logging_mixin.py:190} INFO - [2026-06-10T08:23:12.822+0000] {dag.py:4180} INFO - Setting next_dagrun for team_adrien to 2026-06-10 00:00:00+00:00, run_after=2026-06-11 00:00:00+00:00
[2026-06-10T08:23:12.849+0000] {processor.py:208} INFO - Processing /opt/airflow/dags/team_adrien.py took 0.485 seconds
[2026-06-10T08:23:43.233+0000] {processor.py:186} INFO - Started process (PID=168) to work on /opt/airflow/dags/team_adrien.py
[2026-06-10T08:23:43.245+0000] {processor.py:914} INFO - Processing file /opt/airflow/dags/team_adrien.py for tasks to queue
[2026-06-10T08:23:43.248+0000] {logging_mixin.py:190} INFO - [2026-06-10T08:23:43.248+0000] {dagbag.py:588} INFO - Filling up the DagBag from /opt/airflow/dags/team_adrien.py
[2026-06-10T08:23:43.601+0000] {processor.py:925} INFO - DAG(s) 'team_adrien' retrieved from /opt/airflow/dags/team_adrien.py
[2026-06-10T08:23:43.644+0000] {logging_mixin.py:190} INFO - [2026-06-10T08:23:43.644+0000] {dag.py:3239} INFO - Sync 1 DAGs
[2026-06-10T08:23:43.666+0000] {logging_mixin.py:190} INFO - [2026-06-10T08:23:43.666+0000] {dag.py:4180} INFO - Setting next_dagrun for team_adrien to 2026-06-10 00:00:00+00:00, run_after=2026-06-11 00:00:00+00:00
[2026-06-10T08:23:43.690+0000] {processor.py:208} INFO - Processing /opt/airflow/dags/team_adrien.py took 0.468 seconds
[2026-06-10T08:24:14.025+0000] {processor.py:186} INFO - Started process (PID=190) to work on /opt/airflow/dags/team_adrien.py
[2026-06-10T08:24:14.027+0000] {processor.py:914} INFO - Processing file /opt/airflow/dags/team_adrien.py for tasks to queue
[2026-06-10T08:24:14.030+0000] {logging_mixin.py:190} INFO - [2026-06-10T08:24:14.030+0000] {dagbag.py:588} INFO - Filling up the DagBag from /opt/airflow/dags/team_adrien.py
[2026-06-10T08:24:14.223+0000] {processor.py:925} INFO - DAG(s) 'team_adrien' retrieved from /opt/airflow/dags/team_adrien.py
[2026-06-10T08:24:14.250+0000] {logging_mixin.py:190} INFO - [2026-06-10T08:24:14.249+0000] {dag.py:3239} INFO - Sync 1 DAGs
[2026-06-10T08:24:14.281+0000] {logging_mixin.py:190} INFO - [2026-06-10T08:24:14.281+0000] {dag.py:4180} INFO - Setting next_dagrun for team_adrien to 2026-06-10 00:00:00+00:00, run_after=2026-06-11 00:00:00+00:00
[2026-06-10T08:24:14.297+0000] {processor.py:208} INFO - Processing /opt/airflow/dags/team_adrien.py took 0.279 seconds
[2026-06-10T08:24:44.826+0000] {processor.py:186} INFO - Started process (PID=212) to work on /opt/airflow/dags/team_adrien.py
[2026-06-10T08:24:44.828+0000] {processor.py:914} INFO - Processing file /opt/airflow/dags/team_adrien.py for tasks to queue
[2026-06-10T08:24:44.834+0000] {logging_mixin.py:190} INFO - [2026-06-10T08:24:44.833+0000] {dagbag.py:588} INFO - Filling up the DagBag from /opt/airflow/dags/team_adrien.py
[2026-06-10T08:24:45.225+0000] {processor.py:925} INFO - DAG(s) 'team_adrien' retrieved from /opt/airflow/dags/team_adrien.py
[2026-06-10T08:24:45.293+0000] {logging_mixin.py:190} INFO - [2026-06-10T08:24:45.292+0000] {dag.py:3239} INFO - Sync 1 DAGs
[2026-06-10T08:24:45.354+0000] {logging_mixin.py:190} INFO - [2026-06-10T08:24:45.353+0000] {dag.py:4180} INFO - Setting next_dagrun for team_adrien to 2026-06-10 00:00:00+00:00, run_after=2026-06-11 00:00:00+00:00
[2026-06-10T08:24:45.390+0000] {processor.py:208} INFO - Processing /opt/airflow/dags/team_adrien.py took 0.575 seconds
[2026-06-10T08:25:15.815+0000] {processor.py:186} INFO - Started process (PID=234) to work on /opt/airflow/dags/team_adrien.py
[2026-06-10T08:25:15.817+0000] {processor.py:914} INFO - Processing file /opt/airflow/dags/team_adrien.py for tasks to queue
[2026-06-10T08:25:15.824+0000] {logging_mixin.py:190} INFO - [2026-06-10T08:25:15.823+0000] {dagbag.py:588} INFO - Filling up the DagBag from /opt/airflow/dags/team_adrien.py
[2026-06-10T08:25:16.148+0000] {processor.py:925} INFO - DAG(s) 'team_adrien' retrieved from /opt/airflow/dags/team_adrien.py
[2026-06-10T08:25:16.187+0000] {logging_mixin.py:190} INFO - [2026-06-10T08:25:16.187+0000] {dag.py:3239} INFO - Sync 1 DAGs
[2026-06-10T08:25:16.221+0000] {logging_mixin.py:190} INFO - [2026-06-10T08:25:16.221+0000] {dag.py:4180} INFO - Setting next_dagrun for team_adrien to 2026-06-10 00:00:00+00:00, run_after=2026-06-11 00:00:00+00:00
[2026-06-10T08:25:16.256+0000] {processor.py:208} INFO - Processing /opt/airflow/dags/team_adrien.py took 0.454 seconds
[2026-06-10T08:25:46.525+0000] {processor.py:186} INFO - Started process (PID=256) to work on /opt/airflow/dags/team_adrien.py
[2026-06-10T08:25:46.526+0000] {processor.py:914} INFO - Processing file /opt/airflow/dags/team_adrien.py for tasks to queue
[2026-06-10T08:25:46.529+0000] {logging_mixin.py:190} INFO - [2026-06-10T08:25:46.529+0000] {dagbag.py:588} INFO - Filling up the DagBag from /opt/airflow/dags/team_adrien.py
[2026-06-10T08:25:46.670+0000] {processor.py:925} INFO - DAG(s) 'team_adrien' retrieved from /opt/airflow/dags/team_adrien.py
[2026-06-10T08:25:46.696+0000] {logging_mixin.py:190} INFO - [2026-06-10T08:25:46.695+0000] {dag.py:3239} INFO - Sync 1 DAGs
[2026-06-10T08:25:46.715+0000] {logging_mixin.py:190} INFO - [2026-06-10T08:25:46.715+0000] {dag.py:4180} INFO - Setting next_dagrun for team_adrien to 2026-06-10 00:00:00+00:00, run_after=2026-06-11 00:00:00+00:00
[2026-06-10T08:25:46.748+0000] {processor.py:208} INFO - Processing /opt/airflow/dags/team_adrien.py took 0.229 seconds
[2026-06-10T08:26:17.134+0000] {processor.py:186} INFO - Started process (PID=278) to work on /opt/airflow/dags/team_adrien.py
[2026-06-10T08:26:17.145+0000] {processor.py:914} INFO - Processing file /opt/airflow/dags/team_adrien.py for tasks to queue
[2026-06-10T08:26:17.148+0000] {logging_mixin.py:190} INFO - [2026-06-10T08:26:17.148+0000] {dagbag.py:588} INFO - Filling up the DagBag from /opt/airflow/dags/team_adrien.py
[2026-06-10T08:26:17.363+0000] {processor.py:925} INFO - DAG(s) 'team_adrien' retrieved from /opt/airflow/dags/team_adrien.py
[2026-06-10T08:26:17.408+0000] {logging_mixin.py:190} INFO - [2026-06-10T08:26:17.407+0000] {dag.py:3239} INFO - Sync 1 DAGs
[2026-06-10T08:26:17.448+0000] {logging_mixin.py:190} INFO - [2026-06-10T08:26:17.448+0000] {dag.py:4180} INFO - Setting next_dagrun for team_adrien to 2026-06-10 00:00:00+00:00, run_after=2026-06-11 00:00:00+00:00
[2026-06-10T08:26:17.488+0000] {processor.py:208} INFO - Processing /opt/airflow/dags/team_adrien.py took 0.361 seconds
[2026-06-10T08:26:47.850+0000] {processor.py:186} INFO - Started process (PID=300) to work on /opt/airflow/dags/team_adrien.py
[2026-06-10T08:26:47.851+0000] {processor.py:914} INFO - Processing file /opt/airflow/dags/team_adrien.py for tasks to queue
[2026-06-10T08:26:47.854+0000] {logging_mixin.py:190} INFO - [2026-06-10T08:26:47.853+0000] {dagbag.py:588} INFO - Filling up the DagBag from /opt/airflow/dags/team_adrien.py
[2026-06-10T08:26:48.010+0000] {processor.py:925} INFO - DAG(s) 'team_adrien' retrieved from /opt/airflow/dags/team_adrien.py
[2026-06-10T08:26:48.043+0000] {logging_mixin.py:190} INFO - [2026-06-10T08:26:48.042+0000] {dag.py:3239} INFO - Sync 1 DAGs
[2026-06-10T08:26:48.078+0000] {logging_mixin.py:190} INFO - [2026-06-10T08:26:48.078+0000] {dag.py:4180} INFO - Setting next_dagrun for team_adrien to 2026-06-10 00:00:00+00:00, run_after=2026-06-11 00:00:00+00:00
[2026-06-10T08:26:48.106+0000] {processor.py:208} INFO - Processing /opt/airflow/dags/team_adrien.py took 0.262 seconds
[2026-06-10T08:27:18.801+0000] {processor.py:186} INFO - Started process (PID=322) to work on /opt/airflow/dags/team_adrien.py
[2026-06-10T08:27:18.805+0000] {processor.py:914} INFO - Processing file /opt/airflow/dags/team_adrien.py for tasks to queue
[2026-06-10T08:27:18.812+0000] {logging_mixin.py:190} INFO - [2026-06-10T08:27:18.811+0000] {dagbag.py:588} INFO - Filling up the DagBag from /opt/airflow/dags/team_adrien.py
[2026-06-10T08:27:19.113+0000] {processor.py:925} INFO - DAG(s) 'team_adrien' retrieved from /opt/airflow/dags/team_adrien.py
[2026-06-10T08:27:19.168+0000] {logging_mixin.py:190} INFO - [2026-06-10T08:27:19.168+0000] {dag.py:3239} INFO - Sync 1 DAGs
[2026-06-10T08:27:19.232+0000] {logging_mixin.py:190} INFO - [2026-06-10T08:27:19.232+0000] {dag.py:4180} INFO - Setting next_dagrun for team_adrien to 2026-06-10 00:00:00+00:00, run_after=2026-06-11 00:00:00+00:00
[2026-06-10T08:27:19.284+0000] {processor.py:208} INFO - Processing /opt/airflow/dags/team_adrien.py took 0.498 seconds
[2026-06-10T08:27:38.606+0000] {processor.py:186} INFO - Started process (PID=338) to work on /opt/airflow/dags/team_adrien.py
[2026-06-10T08:27:38.607+0000] {processor.py:914} INFO - Processing file /opt/airflow/dags/team_adrien.py for tasks to queue
[2026-06-10T08:27:38.610+0000] {logging_mixin.py:190} INFO - [2026-06-10T08:27:38.609+0000] {dagbag.py:588} INFO - Filling up the DagBag from /opt/airflow/dags/team_adrien.py
[2026-06-10T08:27:38.830+0000] {processor.py:925} INFO - DAG(s) 'team_adrien' retrieved from /opt/airflow/dags/team_adrien.py
[2026-06-10T08:27:38.865+0000] {logging_mixin.py:190} INFO - [2026-06-10T08:27:38.865+0000] {dag.py:3239} INFO - Sync 1 DAGs
[2026-06-10T08:27:38.891+0000] {logging_mixin.py:190} INFO - [2026-06-10T08:27:38.891+0000] {dag.py:4180} INFO - Setting next_dagrun for team_adrien to 2026-06-10 00:00:00+00:00, run_after=2026-06-11 00:00:00+00:00
[2026-06-10T08:27:38.938+0000] {processor.py:208} INFO - Processing /opt/airflow/dags/team_adrien.py took 0.338 seconds
[2026-06-10T08:28:09.175+0000] {processor.py:186} INFO - Started process (PID=360) to work on /opt/airflow/dags/team_adrien.py
[2026-06-10T08:28:09.176+0000] {processor.py:914} INFO - Processing file /opt/airflow/dags/team_adrien.py for tasks to queue
[2026-06-10T08:28:09.179+0000] {logging_mixin.py:190} INFO - [2026-06-10T08:28:09.178+0000] {dagbag.py:588} INFO - Filling up the DagBag from /opt/airflow/dags/team_adrien.py
[2026-06-10T08:28:09.317+0000] {processor.py:925} INFO - DAG(s) 'team_adrien' retrieved from /opt/airflow/dags/team_adrien.py
[2026-06-10T08:28:09.349+0000] {logging_mixin.py:190} INFO - [2026-06-10T08:28:09.349+0000] {dag.py:3239} INFO - Sync 1 DAGs
[2026-06-10T08:28:09.376+0000] {logging_mixin.py:190} INFO - [2026-06-10T08:28:09.376+0000] {dag.py:4180} INFO - Setting next_dagrun for team_adrien to 2026-06-10 00:00:00+00:00, run_after=2026-06-11 00:00:00+00:00
[2026-06-10T08:28:09.398+0000] {processor.py:208} INFO - Processing /opt/airflow/dags/team_adrien.py took 0.228 seconds
[2026-06-10T08:28:39.787+0000] {processor.py:186} INFO - Started process (PID=402) to work on /opt/airflow/dags/team_adrien.py
[2026-06-10T08:28:39.788+0000] {processor.py:914} INFO - Processing file /opt/airflow/dags/team_adrien.py for tasks to queue
[2026-06-10T08:28:39.790+0000] {logging_mixin.py:190} INFO - [2026-06-10T08:28:39.790+0000] {dagbag.py:588} INFO - Filling up the DagBag from /opt/airflow/dags/team_adrien.py
[2026-06-10T08:28:39.938+0000] {processor.py:925} INFO - DAG(s) 'team_adrien' retrieved from /opt/airflow/dags/team_adrien.py
[2026-06-10T08:28:39.967+0000] {logging_mixin.py:190} INFO - [2026-06-10T08:28:39.966+0000] {dag.py:3239} INFO - Sync 1 DAGs
[2026-06-10T08:28:39.991+0000] {logging_mixin.py:190} INFO - [2026-06-10T08:28:39.990+0000] {dag.py:4180} INFO - Setting next_dagrun for team_adrien to 2026-06-10 00:00:00+00:00, run_after=2026-06-11 00:00:00+00:00
[2026-06-10T08:28:40.012+0000] {processor.py:208} INFO - Processing /opt/airflow/dags/team_adrien.py took 0.230 seconds
[2026-06-10T08:29:10.360+0000] {processor.py:186} INFO - Started process (PID=424) to work on /opt/airflow/dags/team_adrien.py
[2026-06-10T08:29:10.361+0000] {processor.py:914} INFO - Processing file /opt/airflow/dags/team_adrien.py for tasks to queue
[2026-06-10T08:29:10.365+0000] {logging_mixin.py:190} INFO - [2026-06-10T08:29:10.364+0000] {dagbag.py:588} INFO - Filling up the DagBag from /opt/airflow/dags/team_adrien.py
[2026-06-10T08:29:10.588+0000] {processor.py:925} INFO - DAG(s) 'team_adrien' retrieved from /opt/airflow/dags/team_adrien.py
[2026-06-10T08:29:10.611+0000] {logging_mixin.py:190} INFO - [2026-06-10T08:29:10.611+0000] {dag.py:3239} INFO - Sync 1 DAGs
[2026-06-10T08:29:10.632+0000] {logging_mixin.py:190} INFO - [2026-06-10T08:29:10.631+0000] {dag.py:4180} INFO - Setting next_dagrun for team_adrien to 2026-06-10 00:00:00+00:00, run_after=2026-06-11 00:00:00+00:00
[2026-06-10T08:29:10.649+0000] {processor.py:208} INFO - Processing /opt/airflow/dags/team_adrien.py took 0.296 seconds
[2026-06-10T08:29:41.056+0000] {processor.py:186} INFO - Started process (PID=447) to work on /opt/airflow/dags/team_adrien.py
[2026-06-10T08:29:41.058+0000] {processor.py:914} INFO - Processing file /opt/airflow/dags/team_adrien.py for tasks to queue
[2026-06-10T08:29:41.060+0000] {logging_mixin.py:190} INFO - [2026-06-10T08:29:41.060+0000] {dagbag.py:588} INFO - Filling up the DagBag from /opt/airflow/dags/team_adrien.py
[2026-06-10T08:29:41.197+0000] {processor.py:925} INFO - DAG(s) 'team_adrien' retrieved from /opt/airflow/dags/team_adrien.py
[2026-06-10T08:29:41.221+0000] {logging_mixin.py:190} INFO - [2026-06-10T08:29:41.221+0000] {dag.py:3239} INFO - Sync 1 DAGs
[2026-06-10T08:29:41.241+0000] {logging_mixin.py:190} INFO - [2026-06-10T08:29:41.241+0000] {dag.py:4180} INFO - Setting next_dagrun for team_adrien to 2026-06-10 00:00:00+00:00, run_after=2026-06-11 00:00:00+00:00
[2026-06-10T08:29:41.260+0000] {processor.py:208} INFO - Processing /opt/airflow/dags/team_adrien.py took 0.209 seconds
[2026-06-10T08:30:11.620+0000] {processor.py:186} INFO - Started process (PID=469) to work on /opt/airflow/dags/team_adrien.py
[2026-06-10T08:30:11.621+0000] {processor.py:914} INFO - Processing file /opt/airflow/dags/team_adrien.py for tasks to queue
[2026-06-10T08:30:11.624+0000] {logging_mixin.py:190} INFO - [2026-06-10T08:30:11.624+0000] {dagbag.py:588} INFO - Filling up the DagBag from /opt/airflow/dags/team_adrien.py
[2026-06-10T08:30:11.800+0000] {processor.py:925} INFO - DAG(s) 'team_adrien' retrieved from /opt/airflow/dags/team_adrien.py
[2026-06-10T08:30:11.833+0000] {logging_mixin.py:190} INFO - [2026-06-10T08:30:11.833+0000] {dag.py:3239} INFO - Sync 1 DAGs
[2026-06-10T08:30:11.856+0000] {logging_mixin.py:190} INFO - [2026-06-10T08:30:11.855+0000] {dag.py:4180} INFO - Setting next_dagrun for team_adrien to 2026-06-10 00:00:00+00:00, run_after=2026-06-11 00:00:00+00:00
[2026-06-10T08:30:11.876+0000] {processor.py:208} INFO - Processing /opt/airflow/dags/team_adrien.py took 0.262 seconds
[2026-06-10T08:30:42.550+0000] {processor.py:186} INFO - Started process (PID=491) to work on /opt/airflow/dags/team_adrien.py
[2026-06-10T08:30:42.554+0000] {processor.py:914} INFO - Processing file /opt/airflow/dags/team_adrien.py for tasks to queue
[2026-06-10T08:30:42.577+0000] {logging_mixin.py:190} INFO - [2026-06-10T08:30:42.576+0000] {dagbag.py:588} INFO - Filling up the DagBag from /opt/airflow/dags/team_adrien.py
[2026-06-10T08:30:43.693+0000] {processor.py:925} INFO - DAG(s) 'team_adrien' retrieved from /opt/airflow/dags/team_adrien.py
[2026-06-10T08:30:43.840+0000] {logging_mixin.py:190} INFO - [2026-06-10T08:30:43.839+0000] {dag.py:3239} INFO - Sync 1 DAGs
[2026-06-10T08:30:43.922+0000] {logging_mixin.py:190} INFO - [2026-06-10T08:30:43.921+0000] {dag.py:4180} INFO - Setting next_dagrun for team_adrien to 2026-06-10 00:00:00+00:00, run_after=2026-06-11 00:00:00+00:00
[2026-06-10T08:30:43.981+0000] {processor.py:208} INFO - Processing /opt/airflow/dags/team_adrien.py took 1.533 seconds
[2026-06-10T08:31:14.304+0000] {processor.py:186} INFO - Started process (PID=513) to work on /opt/airflow/dags/team_adrien.py
[2026-06-10T08:31:14.306+0000] {processor.py:914} INFO - Processing file /opt/airflow/dags/team_adrien.py for tasks to queue
[2026-06-10T08:31:14.310+0000] {logging_mixin.py:190} INFO - [2026-06-10T08:31:14.310+0000] {dagbag.py:588} INFO - Filling up the DagBag from /opt/airflow/dags/team_adrien.py
[2026-06-10T08:31:14.696+0000] {processor.py:925} INFO - DAG(s) 'team_adrien' retrieved from /opt/airflow/dags/team_adrien.py
[2026-06-10T08:31:14.764+0000] {logging_mixin.py:190} INFO - [2026-06-10T08:31:14.763+0000] {dag.py:3239} INFO - Sync 1 DAGs
[2026-06-10T08:31:14.823+0000] {logging_mixin.py:190} INFO - [2026-06-10T08:31:14.823+0000] {dag.py:4180} INFO - Setting next_dagrun for team_adrien to 2026-06-10 00:00:00+00:00, run_after=2026-06-11 00:00:00+00:00
[2026-06-10T08:31:14.858+0000] {processor.py:208} INFO - Processing /opt/airflow/dags/team_adrien.py took 0.575 seconds
[2026-06-10T08:31:44.938+0000] {processor.py:186} INFO - Started process (PID=535) to work on /opt/airflow/dags/team_adrien.py
[2026-06-10T08:31:44.939+0000] {processor.py:914} INFO - Processing file /opt/airflow/dags/team_adrien.py for tasks to queue
[2026-06-10T08:31:44.942+0000] {logging_mixin.py:190} INFO - [2026-06-10T08:31:44.942+0000] {dagbag.py:588} INFO - Filling up the DagBag from /opt/airflow/dags/team_adrien.py
[2026-06-10T08:31:45.095+0000] {processor.py:925} INFO - DAG(s) 'team_adrien' retrieved from /opt/airflow/dags/team_adrien.py
[2026-06-10T08:31:45.122+0000] {logging_mixin.py:190} INFO - [2026-06-10T08:31:45.122+0000] {dag.py:3239} INFO - Sync 1 DAGs
[2026-06-10T08:31:45.142+0000] {logging_mixin.py:190} INFO - [2026-06-10T08:31:45.142+0000] {dag.py:4180} INFO - Setting next_dagrun for team_adrien to 2026-06-10 00:00:00+00:00, run_after=2026-06-11 00:00:00+00:00
[2026-06-10T08:31:45.175+0000] {processor.py:208} INFO - Processing /opt/airflow/dags/team_adrien.py took 0.243 seconds
[2026-06-10T08:32:15.609+0000] {processor.py:186} INFO - Started process (PID=558) to work on /opt/airflow/dags/team_adrien.py
[2026-06-10T08:32:15.613+0000] {processor.py:914} INFO - Processing file /opt/airflow/dags/team_adrien.py for tasks to queue
[2026-06-10T08:32:15.630+0000] {logging_mixin.py:190} INFO - [2026-06-10T08:32:15.627+0000] {dagbag.py:588} INFO - Filling up the DagBag from /opt/airflow/dags/team_adrien.py
[2026-06-10T08:32:15.842+0000] {processor.py:925} INFO - DAG(s) 'team_adrien' retrieved from /opt/airflow/dags/team_adrien.py
[2026-06-10T08:32:15.905+0000] {logging_mixin.py:190} INFO - [2026-06-10T08:32:15.904+0000] {dag.py:3239} INFO - Sync 1 DAGs
[2026-06-10T08:32:15.953+0000] {logging_mixin.py:190} INFO - [2026-06-10T08:32:15.952+0000] {dag.py:4180} INFO - Setting next_dagrun for team_adrien to 2026-06-10 00:00:00+00:00, run_after=2026-06-11 00:00:00+00:00
[2026-06-10T08:32:15.986+0000] {processor.py:208} INFO - Processing /opt/airflow/dags/team_adrien.py took 0.383 seconds
[2026-06-10T08:32:46.080+0000] {processor.py:186} INFO - Started process (PID=580) to work on /opt/airflow/dags/team_adrien.py
[2026-06-10T08:32:46.082+0000] {processor.py:914} INFO - Processing file /opt/airflow/dags/team_adrien.py for tasks to queue
[2026-06-10T08:32:46.086+0000] {logging_mixin.py:190} INFO - [2026-06-10T08:32:46.085+0000] {dagbag.py:588} INFO - Filling up the DagBag from /opt/airflow/dags/team_adrien.py
[2026-06-10T08:32:46.331+0000] {processor.py:925} INFO - DAG(s) 'team_adrien' retrieved from /opt/airflow/dags/team_adrien.py
[2026-06-10T08:32:46.371+0000] {logging_mixin.py:190} INFO - [2026-06-10T08:32:46.371+0000] {dag.py:3239} INFO - Sync 1 DAGs
[2026-06-10T08:32:46.400+0000] {logging_mixin.py:190} INFO - [2026-06-10T08:32:46.400+0000] {dag.py:4180} INFO - Setting next_dagrun for team_adrien to 2026-06-10 00:00:00+00:00, run_after=2026-06-11 00:00:00+00:00
[2026-06-10T08:32:46.439+0000] {processor.py:208} INFO - Processing /opt/airflow/dags/team_adrien.py took 0.369 seconds
[2026-06-10T08:33:16.836+0000] {processor.py:186} INFO - Started process (PID=603) to work on /opt/airflow/dags/team_adrien.py
[2026-06-10T08:33:16.838+0000] {processor.py:914} INFO - Processing file /opt/airflow/dags/team_adrien.py for tasks to queue
[2026-06-10T08:33:16.840+0000] {logging_mixin.py:190} INFO - [2026-06-10T08:33:16.840+0000] {dagbag.py:588} INFO - Filling up the DagBag from /opt/airflow/dags/team_adrien.py
[2026-06-10T08:33:17.042+0000] {processor.py:925} INFO - DAG(s) 'team_adrien' retrieved from /opt/airflow/dags/team_adrien.py
[2026-06-10T08:33:17.070+0000] {logging_mixin.py:190} INFO - [2026-06-10T08:33:17.070+0000] {dag.py:3239} INFO - Sync 1 DAGs
[2026-06-10T08:33:17.093+0000] {logging_mixin.py:190} INFO - [2026-06-10T08:33:17.093+0000] {dag.py:4180} INFO - Setting next_dagrun for team_adrien to 2026-06-10 00:00:00+00:00, run_after=2026-06-11 00:00:00+00:00
[2026-06-10T08:33:17.111+0000] {processor.py:208} INFO - Processing /opt/airflow/dags/team_adrien.py took 0.281 seconds
[2026-06-10T08:33:47.453+0000] {processor.py:186} INFO - Started process (PID=625) to work on /opt/airflow/dags/team_adrien.py
[2026-06-10T08:33:47.454+0000] {processor.py:914} INFO - Processing file /opt/airflow/dags/team_adrien.py for tasks to queue
[2026-06-10T08:33:47.457+0000] {logging_mixin.py:190} INFO - [2026-06-10T08:33:47.456+0000] {dagbag.py:588} INFO - Filling up the DagBag from /opt/airflow/dags/team_adrien.py
[2026-06-10T08:33:47.612+0000] {processor.py:925} INFO - DAG(s) 'team_adrien' retrieved from /opt/airflow/dags/team_adrien.py
[2026-06-10T08:33:47.644+0000] {logging_mixin.py:190} INFO - [2026-06-10T08:33:47.644+0000] {dag.py:3239} INFO - Sync 1 DAGs
[2026-06-10T08:33:47.671+0000] {logging_mixin.py:190} INFO - [2026-06-10T08:33:47.671+0000] {dag.py:4180} INFO - Setting next_dagrun for team_adrien to 2026-06-10 00:00:00+00:00, run_after=2026-06-11 00:00:00+00:00
[2026-06-10T08:33:47.703+0000] {processor.py:208} INFO - Processing /opt/airflow/dags/team_adrien.py took 0.255 seconds
[2026-06-10T08:34:18.069+0000] {processor.py:186} INFO - Started process (PID=647) to work on /opt/airflow/dags/team_adrien.py
[2026-06-10T08:34:18.070+0000] {processor.py:914} INFO - Processing file /opt/airflow/dags/team_adrien.py for tasks to queue
[2026-06-10T08:34:18.073+0000] {logging_mixin.py:190} INFO - [2026-06-10T08:34:18.072+0000] {dagbag.py:588} INFO - Filling up the DagBag from /opt/airflow/dags/team_adrien.py
[2026-06-10T08:34:18.220+0000] {processor.py:925} INFO - DAG(s) 'team_adrien' retrieved from /opt/airflow/dags/team_adrien.py
[2026-06-10T08:34:18.252+0000] {logging_mixin.py:190} INFO - [2026-06-10T08:34:18.252+0000] {dag.py:3239} INFO - Sync 1 DAGs
[2026-06-10T08:34:18.274+0000] {logging_mixin.py:190} INFO - [2026-06-10T08:34:18.274+0000] {dag.py:4180} INFO - Setting next_dagrun for team_adrien to 2026-06-10 00:00:00+00:00, run_after=2026-06-11 00:00:00+00:00
[2026-06-10T08:34:18.295+0000] {processor.py:208} INFO - Processing /opt/airflow/dags/team_adrien.py took 0.231 seconds
[2026-06-10T08:34:48.628+0000] {processor.py:186} INFO - Started process (PID=669) to work on /opt/airflow/dags/team_adrien.py
[2026-06-10T08:34:48.629+0000] {processor.py:914} INFO - Processing file /opt/airflow/dags/team_adrien.py for tasks to queue
[2026-06-10T08:34:48.631+0000] {logging_mixin.py:190} INFO - [2026-06-10T08:34:48.631+0000] {dagbag.py:588} INFO - Filling up the DagBag from /opt/airflow/dags/team_adrien.py
[2026-06-10T08:34:48.765+0000] {processor.py:925} INFO - DAG(s) 'team_adrien' retrieved from /opt/airflow/dags/team_adrien.py
[2026-06-10T08:34:48.793+0000] {logging_mixin.py:190} INFO - [2026-06-10T08:34:48.793+0000] {dag.py:3239} INFO - Sync 1 DAGs
[2026-06-10T08:34:48.815+0000] {logging_mixin.py:190} INFO - [2026-06-10T08:34:48.815+0000] {dag.py:4180} INFO - Setting next_dagrun for team_adrien to 2026-06-10 00:00:00+00:00, run_after=2026-06-11 00:00:00+00:00
[2026-06-10T08:34:48.835+0000] {processor.py:208} INFO - Processing /opt/airflow/dags/team_adrien.py took 0.212 seconds
[2026-06-10T08:35:19.228+0000] {processor.py:186} INFO - Started process (PID=691) to work on /opt/airflow/dags/team_adrien.py
[2026-06-10T08:35:19.230+0000] {processor.py:914} INFO - Processing file /opt/airflow/dags/team_adrien.py for tasks to queue
[2026-06-10T08:35:19.233+0000] {logging_mixin.py:190} INFO - [2026-06-10T08:35:19.232+0000] {dagbag.py:588} INFO - Filling up the DagBag from /opt/airflow/dags/team_adrien.py
[2026-06-10T08:35:19.450+0000] {processor.py:925} INFO - DAG(s) 'team_adrien' retrieved from /opt/airflow/dags/team_adrien.py
[2026-06-10T08:35:19.510+0000] {logging_mixin.py:190} INFO - [2026-06-10T08:35:19.509+0000] {dag.py:3239} INFO - Sync 1 DAGs
[2026-06-10T08:35:19.554+0000] {logging_mixin.py:190} INFO - [2026-06-10T08:35:19.553+0000] {dag.py:4180} INFO - Setting next_dagrun for team_adrien to 2026-06-10 00:00:00+00:00, run_after=2026-06-11 00:00:00+00:00
[2026-06-10T08:35:19.594+0000] {processor.py:208} INFO - Processing /opt/airflow/dags/team_adrien.py took 0.372 seconds
[2026-06-10T08:35:50.117+0000] {processor.py:186} INFO - Started process (PID=713) to work on /opt/airflow/dags/team_adrien.py
[2026-06-10T08:35:50.120+0000] {processor.py:914} INFO - Processing file /opt/airflow/dags/team_adrien.py for tasks to queue
[2026-06-10T08:35:50.127+0000] {logging_mixin.py:190} INFO - [2026-06-10T08:35:50.126+0000] {dagbag.py:588} INFO - Filling up the DagBag from /opt/airflow/dags/team_adrien.py
[2026-06-10T08:35:50.463+0000] {processor.py:925} INFO - DAG(s) 'team_adrien' retrieved from /opt/airflow/dags/team_adrien.py
[2026-06-10T08:35:50.524+0000] {logging_mixin.py:190} INFO - [2026-06-10T08:35:50.524+0000] {dag.py:3239} INFO - Sync 1 DAGs
[2026-06-10T08:35:50.612+0000] {logging_mixin.py:190} INFO - [2026-06-10T08:35:50.612+0000] {dag.py:4180} INFO - Setting next_dagrun for team_adrien to 2026-06-10 00:00:00+00:00, run_after=2026-06-11 00:00:00+00:00
[2026-06-10T08:35:50.673+0000] {processor.py:208} INFO - Processing /opt/airflow/dags/team_adrien.py took 0.573 seconds
[2026-06-10T08:36:21.204+0000] {processor.py:186} INFO - Started process (PID=735) to work on /opt/airflow/dags/team_adrien.py
[2026-06-10T08:36:21.205+0000] {processor.py:914} INFO - Processing file /opt/airflow/dags/team_adrien.py for tasks to queue
[2026-06-10T08:36:21.207+0000] {logging_mixin.py:190} INFO - [2026-06-10T08:36:21.207+0000] {dagbag.py:588} INFO - Filling up the DagBag from /opt/airflow/dags/team_adrien.py
[2026-06-10T08:36:21.396+0000] {processor.py:925} INFO - DAG(s) 'team_adrien' retrieved from /opt/airflow/dags/team_adrien.py
[2026-06-10T08:36:21.439+0000] {logging_mixin.py:190} INFO - [2026-06-10T08:36:21.438+0000] {dag.py:3239} INFO - Sync 1 DAGs
[2026-06-10T08:36:21.472+0000] {logging_mixin.py:190} INFO - [2026-06-10T08:36:21.472+0000] {dag.py:4180} INFO - Setting next_dagrun for team_adrien to 2026-06-10 00:00:00+00:00, run_after=2026-06-11 00:00:00+00:00
[2026-06-10T08:36:21.510+0000] {processor.py:208} INFO - Processing /opt/airflow/dags/team_adrien.py took 0.312 seconds
[2026-06-10T08:36:51.649+0000] {processor.py:186} INFO - Started process (PID=757) to work on /opt/airflow/dags/team_adrien.py
[2026-06-10T08:36:51.652+0000] {processor.py:914} INFO - Processing file /opt/airflow/dags/team_adrien.py for tasks to queue
[2026-06-10T08:36:51.659+0000] {logging_mixin.py:190} INFO - [2026-06-10T08:36:51.659+0000] {dagbag.py:588} INFO - Filling up the DagBag from /opt/airflow/dags/team_adrien.py
[2026-06-10T08:36:51.906+0000] {processor.py:925} INFO - DAG(s) 'team_adrien' retrieved from /opt/airflow/dags/team_adrien.py
[2026-06-10T08:36:51.946+0000] {logging_mixin.py:190} INFO - [2026-06-10T08:36:51.945+0000] {dag.py:3239} INFO - Sync 1 DAGs
[2026-06-10T08:36:51.977+0000] {logging_mixin.py:190} INFO - [2026-06-10T08:36:51.977+0000] {dag.py:4180} INFO - Setting next_dagrun for team_adrien to 2026-06-10 00:00:00+00:00, run_after=2026-06-11 00:00:00+00:00
[2026-06-10T08:36:52.004+0000] {processor.py:208} INFO - Processing /opt/airflow/dags/team_adrien.py took 0.373 seconds
[2026-06-10T08:37:22.429+0000] {processor.py:186} INFO - Started process (PID=779) to work on /opt/airflow/dags/team_adrien.py
[2026-06-10T08:37:22.431+0000] {processor.py:914} INFO - Processing file /opt/airflow/dags/team_adrien.py for tasks to queue
[2026-06-10T08:37:22.443+0000] {logging_mixin.py:190} INFO - [2026-06-10T08:37:22.441+0000] {dagbag.py:588} INFO - Filling up the DagBag from /opt/airflow/dags/team_adrien.py
[2026-06-10T08:37:22.663+0000] {processor.py:925} INFO - DAG(s) 'team_adrien' retrieved from /opt/airflow/dags/team_adrien.py
[2026-06-10T08:37:22.701+0000] {logging_mixin.py:190} INFO - [2026-06-10T08:37:22.700+0000] {dag.py:3239} INFO - Sync 1 DAGs
[2026-06-10T08:37:22.733+0000] {logging_mixin.py:190} INFO - [2026-06-10T08:37:22.732+0000] {dag.py:4180} INFO - Setting next_dagrun for team_adrien to 2026-06-10 00:00:00+00:00, run_after=2026-06-11 00:00:00+00:00
[2026-06-10T08:37:22.759+0000] {processor.py:208} INFO - Processing /opt/airflow/dags/team_adrien.py took 0.347 seconds
[2026-06-10T08:37:53.176+0000] {processor.py:186} INFO - Started process (PID=801) to work on /opt/airflow/dags/team_adrien.py
[2026-06-10T08:37:53.179+0000] {processor.py:914} INFO - Processing file /opt/airflow/dags/team_adrien.py for tasks to queue
[2026-06-10T08:37:53.184+0000] {logging_mixin.py:190} INFO - [2026-06-10T08:37:53.184+0000] {dagbag.py:588} INFO - Filling up the DagBag from /opt/airflow/dags/team_adrien.py
[2026-06-10T08:37:53.382+0000] {processor.py:925} INFO - DAG(s) 'team_adrien' retrieved from /opt/airflow/dags/team_adrien.py
[2026-06-10T08:37:53.423+0000] {logging_mixin.py:190} INFO - [2026-06-10T08:37:53.423+0000] {dag.py:3239} INFO - Sync 1 DAGs
[2026-06-10T08:37:53.465+0000] {logging_mixin.py:190} INFO - [2026-06-10T08:37:53.464+0000] {dag.py:4180} INFO - Setting next_dagrun for team_adrien to 2026-06-10 00:00:00+00:00, run_after=2026-06-11 00:00:00+00:00
[2026-06-10T08:37:53.499+0000] {processor.py:208} INFO - Processing /opt/airflow/dags/team_adrien.py took 0.333 seconds
[2026-06-10T08:38:23.892+0000] {processor.py:186} INFO - Started process (PID=823) to work on /opt/airflow/dags/team_adrien.py
[2026-06-10T08:38:23.894+0000] {processor.py:914} INFO - Processing file /opt/airflow/dags/team_adrien.py for tasks to queue
[2026-06-10T08:38:23.898+0000] {logging_mixin.py:190} INFO - [2026-06-10T08:38:23.897+0000] {dagbag.py:588} INFO - Filling up the DagBag from /opt/airflow/dags/team_adrien.py
[2026-06-10T08:38:24.395+0000] {processor.py:925} INFO - DAG(s) 'team_adrien' retrieved from /opt/airflow/dags/team_adrien.py
[2026-06-10T08:38:24.452+0000] {logging_mixin.py:190} INFO - [2026-06-10T08:38:24.452+0000] {dag.py:3239} INFO - Sync 1 DAGs
[2026-06-10T08:38:24.485+0000] {logging_mixin.py:190} INFO - [2026-06-10T08:38:24.484+0000] {dag.py:4180} INFO - Setting next_dagrun for team_adrien to 2026-06-10 00:00:00+00:00, run_after=2026-06-11 00:00:00+00:00
[2026-06-10T08:38:24.505+0000] {processor.py:208} INFO - Processing /opt/airflow/dags/team_adrien.py took 0.624 seconds
[2026-06-10T08:38:54.798+0000] {processor.py:186} INFO - Started process (PID=845) to work on /opt/airflow/dags/team_adrien.py
[2026-06-10T08:38:54.799+0000] {processor.py:914} INFO - Processing file /opt/airflow/dags/team_adrien.py for tasks to queue
[2026-06-10T08:38:54.802+0000] {logging_mixin.py:190} INFO - [2026-06-10T08:38:54.801+0000] {dagbag.py:588} INFO - Filling up the DagBag from /opt/airflow/dags/team_adrien.py
[2026-06-10T08:38:54.972+0000] {processor.py:925} INFO - DAG(s) 'team_adrien' retrieved from /opt/airflow/dags/team_adrien.py
[2026-06-10T08:38:55.001+0000] {logging_mixin.py:190} INFO - [2026-06-10T08:38:55.001+0000] {dag.py:3239} INFO - Sync 1 DAGs
[2026-06-10T08:38:55.035+0000] {logging_mixin.py:190} INFO - [2026-06-10T08:38:55.034+0000] {dag.py:4180} INFO - Setting next_dagrun for team_adrien to 2026-06-10 00:00:00+00:00, run_after=2026-06-11 00:00:00+00:00
[2026-06-10T08:38:55.063+0000] {processor.py:208} INFO - Processing /opt/airflow/dags/team_adrien.py took 0.270 seconds
[2026-06-10T08:39:25.575+0000] {processor.py:186} INFO - Started process (PID=867) to work on /opt/airflow/dags/team_adrien.py
[2026-06-10T08:39:25.577+0000] {processor.py:914} INFO - Processing file /opt/airflow/dags/team_adrien.py for tasks to queue
[2026-06-10T08:39:25.582+0000] {logging_mixin.py:190} INFO - [2026-06-10T08:39:25.581+0000] {dagbag.py:588} INFO - Filling up the DagBag from /opt/airflow/dags/team_adrien.py
[2026-06-10T08:39:25.836+0000] {processor.py:925} INFO - DAG(s) 'team_adrien' retrieved from /opt/airflow/dags/team_adrien.py
[2026-06-10T08:39:25.876+0000] {logging_mixin.py:190} INFO - [2026-06-10T08:39:25.876+0000] {dag.py:3239} INFO - Sync 1 DAGs
[2026-06-10T08:39:25.922+0000] {logging_mixin.py:190} INFO - [2026-06-10T08:39:25.921+0000] {dag.py:4180} INFO - Setting next_dagrun for team_adrien to 2026-06-10 00:00:00+00:00, run_after=2026-06-11 00:00:00+00:00
[2026-06-10T08:39:25.947+0000] {processor.py:208} INFO - Processing /opt/airflow/dags/team_adrien.py took 0.380 seconds
[2026-06-10T08:39:56.261+0000] {processor.py:186} INFO - Started process (PID=889) to work on /opt/airflow/dags/team_adrien.py
[2026-06-10T08:39:56.263+0000] {processor.py:914} INFO - Processing file /opt/airflow/dags/team_adrien.py for tasks to queue
[2026-06-10T08:39:56.265+0000] {logging_mixin.py:190} INFO - [2026-06-10T08:39:56.265+0000] {dagbag.py:588} INFO - Filling up the DagBag from /opt/airflow/dags/team_adrien.py
[2026-06-10T08:39:56.436+0000] {processor.py:925} INFO - DAG(s) 'team_adrien' retrieved from /opt/airflow/dags/team_adrien.py
[2026-06-10T08:39:56.462+0000] {logging_mixin.py:190} INFO - [2026-06-10T08:39:56.461+0000] {dag.py:3239} INFO - Sync 1 DAGs
[2026-06-10T08:39:56.486+0000] {logging_mixin.py:190} INFO - [2026-06-10T08:39:56.486+0000] {dag.py:4180} INFO - Setting next_dagrun for team_adrien to 2026-06-10 00:00:00+00:00, run_after=2026-06-11 00:00:00+00:00
[2026-06-10T08:39:56.508+0000] {processor.py:208} INFO - Processing /opt/airflow/dags/team_adrien.py took 0.253 seconds
[2026-06-10T08:40:26.903+0000] {processor.py:186} INFO - Started process (PID=911) to work on /opt/airflow/dags/team_adrien.py
[2026-06-10T08:40:26.905+0000] {processor.py:914} INFO - Processing file /opt/airflow/dags/team_adrien.py for tasks to queue
[2026-06-10T08:40:26.908+0000] {logging_mixin.py:190} INFO - [2026-06-10T08:40:26.907+0000] {dagbag.py:588} INFO - Filling up the DagBag from /opt/airflow/dags/team_adrien.py
[2026-06-10T08:40:27.107+0000] {processor.py:925} INFO - DAG(s) 'team_adrien' retrieved from /opt/airflow/dags/team_adrien.py
[2026-06-10T08:40:27.145+0000] {logging_mixin.py:190} INFO - [2026-06-10T08:40:27.144+0000] {dag.py:3239} INFO - Sync 1 DAGs
[2026-06-10T08:40:27.176+0000] {logging_mixin.py:190} INFO - [2026-06-10T08:40:27.175+0000] {dag.py:4180} INFO - Setting next_dagrun for team_adrien to 2026-06-10 00:00:00+00:00, run_after=2026-06-11 00:00:00+00:00
[2026-06-10T08:40:27.203+0000] {processor.py:208} INFO - Processing /opt/airflow/dags/team_adrien.py took 0.306 seconds
[2026-06-10T08:40:57.767+0000] {processor.py:186} INFO - Started process (PID=933) to work on /opt/airflow/dags/team_adrien.py
[2026-06-10T08:40:57.768+0000] {processor.py:914} INFO - Processing file /opt/airflow/dags/team_adrien.py for tasks to queue
[2026-06-10T08:40:57.770+0000] {logging_mixin.py:190} INFO - [2026-06-10T08:40:57.770+0000] {dagbag.py:588} INFO - Filling up the DagBag from /opt/airflow/dags/team_adrien.py
[2026-06-10T08:40:58.246+0000] {processor.py:925} INFO - DAG(s) 'team_adrien' retrieved from /opt/airflow/dags/team_adrien.py
[2026-06-10T08:40:58.306+0000] {logging_mixin.py:190} INFO - [2026-06-10T08:40:58.306+0000] {dag.py:3239} INFO - Sync 1 DAGs
[2026-06-10T08:40:58.346+0000] {logging_mixin.py:190} INFO - [2026-06-10T08:40:58.346+0000] {dag.py:4180} INFO - Setting next_dagrun for team_adrien to 2026-06-10 00:00:00+00:00, run_after=2026-06-11 00:00:00+00:00
[2026-06-10T08:40:58.382+0000] {processor.py:208} INFO - Processing /opt/airflow/dags/team_adrien.py took 0.622 seconds
[2026-06-10T08:41:28.678+0000] {processor.py:186} INFO - Started process (PID=955) to work on /opt/airflow/dags/team_adrien.py
[2026-06-10T08:41:28.679+0000] {processor.py:914} INFO - Processing file /opt/airflow/dags/team_adrien.py for tasks to queue
[2026-06-10T08:41:28.681+0000] {logging_mixin.py:190} INFO - [2026-06-10T08:41:28.681+0000] {dagbag.py:588} INFO - Filling up the DagBag from /opt/airflow/dags/team_adrien.py
[2026-06-10T08:41:28.863+0000] {logging_mixin.py:190} INFO - [2026-06-10T08:41:28.841+0000] {dagbag.py:387} ERROR - Failed to import: /opt/airflow/dags/team_adrien.py
Traceback (most recent call last):
  File "/home/airflow/.local/lib/python3.11/site-packages/airflow/models/dagbag.py", line 383, in parse
    loader.exec_module(new_module)
  File "<frozen importlib._bootstrap_external>", line 940, in exec_module
  File "<frozen importlib._bootstrap>", line 241, in _call_with_frames_removed
  File "/opt/airflow/dags/team_adrien.py", line 17, in <module>
    from include.team_adrien_spark import run_daily
  File "/opt/airflow/include/team_adrien_spark.py", line 21, in <module>
    StructField("ts", T.LongType(), True),
    ^^^^^^^^^^^
NameError: name 'StructField' is not defined
[2026-06-10T08:41:28.867+0000] {processor.py:927} WARNING - No viable dags retrieved from /opt/airflow/dags/team_adrien.py
[2026-06-10T08:41:28.915+0000] {processor.py:208} INFO - Processing /opt/airflow/dags/team_adrien.py took 0.242 seconds
[2026-06-10T08:41:59.034+0000] {processor.py:186} INFO - Started process (PID=977) to work on /opt/airflow/dags/team_adrien.py
[2026-06-10T08:41:59.036+0000] {processor.py:914} INFO - Processing file /opt/airflow/dags/team_adrien.py for tasks to queue
[2026-06-10T08:41:59.038+0000] {logging_mixin.py:190} INFO - [2026-06-10T08:41:59.038+0000] {dagbag.py:588} INFO - Filling up the DagBag from /opt/airflow/dags/team_adrien.py
[2026-06-10T08:41:59.206+0000] {logging_mixin.py:190} INFO - [2026-06-10T08:41:59.193+0000] {dagbag.py:387} ERROR - Failed to import: /opt/airflow/dags/team_adrien.py
Traceback (most recent call last):
  File "/home/airflow/.local/lib/python3.11/site-packages/airflow/models/dagbag.py", line 383, in parse
    loader.exec_module(new_module)
  File "<frozen importlib._bootstrap_external>", line 940, in exec_module
  File "<frozen importlib._bootstrap>", line 241, in _call_with_frames_removed
  File "/opt/airflow/dags/team_adrien.py", line 17, in <module>
    from include.team_adrien_spark import run_daily
  File "/opt/airflow/include/team_adrien_spark.py", line 21, in <module>
    StructField("ts", T.LongType(), True),
    ^^^^^^^^^^^
NameError: name 'StructField' is not defined
[2026-06-10T08:41:59.210+0000] {processor.py:927} WARNING - No viable dags retrieved from /opt/airflow/dags/team_adrien.py
[2026-06-10T08:41:59.231+0000] {processor.py:208} INFO - Processing /opt/airflow/dags/team_adrien.py took 0.203 seconds
[2026-06-10T08:42:29.621+0000] {processor.py:186} INFO - Started process (PID=999) to work on /opt/airflow/dags/team_adrien.py
[2026-06-10T08:42:29.624+0000] {processor.py:914} INFO - Processing file /opt/airflow/dags/team_adrien.py for tasks to queue
[2026-06-10T08:42:29.626+0000] {logging_mixin.py:190} INFO - [2026-06-10T08:42:29.625+0000] {dagbag.py:588} INFO - Filling up the DagBag from /opt/airflow/dags/team_adrien.py
[2026-06-10T08:42:29.823+0000] {logging_mixin.py:190} INFO - [2026-06-10T08:42:29.810+0000] {dagbag.py:387} ERROR - Failed to import: /opt/airflow/dags/team_adrien.py
Traceback (most recent call last):
  File "/home/airflow/.local/lib/python3.11/site-packages/airflow/models/dagbag.py", line 383, in parse
    loader.exec_module(new_module)
  File "<frozen importlib._bootstrap_external>", line 940, in exec_module
  File "<frozen importlib._bootstrap>", line 241, in _call_with_frames_removed
  File "/opt/airflow/dags/team_adrien.py", line 17, in <module>
    from include.team_adrien_spark import run_daily
  File "/opt/airflow/include/team_adrien_spark.py", line 21, in <module>
    StructField("ts", T.LongType(), True),
    ^^^^^^^^^^^
NameError: name 'StructField' is not defined
[2026-06-10T08:42:29.827+0000] {processor.py:927} WARNING - No viable dags retrieved from /opt/airflow/dags/team_adrien.py
[2026-06-10T08:42:29.853+0000] {processor.py:208} INFO - Processing /opt/airflow/dags/team_adrien.py took 0.244 seconds
[2026-06-10T08:43:00.362+0000] {processor.py:186} INFO - Started process (PID=1021) to work on /opt/airflow/dags/team_adrien.py
[2026-06-10T08:43:00.364+0000] {processor.py:914} INFO - Processing file /opt/airflow/dags/team_adrien.py for tasks to queue
[2026-06-10T08:43:00.367+0000] {logging_mixin.py:190} INFO - [2026-06-10T08:43:00.366+0000] {dagbag.py:588} INFO - Filling up the DagBag from /opt/airflow/dags/team_adrien.py
[2026-06-10T08:43:00.549+0000] {logging_mixin.py:190} INFO - [2026-06-10T08:43:00.541+0000] {dagbag.py:387} ERROR - Failed to import: /opt/airflow/dags/team_adrien.py
Traceback (most recent call last):
  File "/home/airflow/.local/lib/python3.11/site-packages/airflow/models/dagbag.py", line 383, in parse
    loader.exec_module(new_module)
  File "<frozen importlib._bootstrap_external>", line 940, in exec_module
  File "<frozen importlib._bootstrap>", line 241, in _call_with_frames_removed
  File "/opt/airflow/dags/team_adrien.py", line 17, in <module>
    from include.team_adrien_spark import run_daily
  File "/opt/airflow/include/team_adrien_spark.py", line 21, in <module>
    StructField("ts", T.LongType(), True),
    ^^^^^^^^^^^
NameError: name 'StructField' is not defined
[2026-06-10T08:43:00.552+0000] {processor.py:927} WARNING - No viable dags retrieved from /opt/airflow/dags/team_adrien.py
[2026-06-10T08:43:00.569+0000] {processor.py:208} INFO - Processing /opt/airflow/dags/team_adrien.py took 0.214 seconds
[2026-06-10T08:43:30.960+0000] {processor.py:186} INFO - Started process (PID=1043) to work on /opt/airflow/dags/team_adrien.py
[2026-06-10T08:43:30.962+0000] {processor.py:914} INFO - Processing file /opt/airflow/dags/team_adrien.py for tasks to queue
[2026-06-10T08:43:30.963+0000] {logging_mixin.py:190} INFO - [2026-06-10T08:43:30.963+0000] {dagbag.py:588} INFO - Filling up the DagBag from /opt/airflow/dags/team_adrien.py
[2026-06-10T08:43:31.251+0000] {logging_mixin.py:190} INFO - [2026-06-10T08:43:31.237+0000] {dagbag.py:387} ERROR - Failed to import: /opt/airflow/dags/team_adrien.py
Traceback (most recent call last):
  File "/home/airflow/.local/lib/python3.11/site-packages/airflow/models/dagbag.py", line 383, in parse
    loader.exec_module(new_module)
  File "<frozen importlib._bootstrap_external>", line 940, in exec_module
  File "<frozen importlib._bootstrap>", line 241, in _call_with_frames_removed
  File "/opt/airflow/dags/team_adrien.py", line 17, in <module>
    from include.team_adrien_spark import run_daily
  File "/opt/airflow/include/team_adrien_spark.py", line 21, in <module>
    StructField("ts", T.LongType(), True),
    ^^^^^^^^^^^
NameError: name 'StructField' is not defined
[2026-06-10T08:43:31.255+0000] {processor.py:927} WARNING - No viable dags retrieved from /opt/airflow/dags/team_adrien.py
[2026-06-10T08:43:31.277+0000] {processor.py:208} INFO - Processing /opt/airflow/dags/team_adrien.py took 0.326 seconds
[2026-06-10T08:44:01.432+0000] {processor.py:186} INFO - Started process (PID=1065) to work on /opt/airflow/dags/team_adrien.py
[2026-06-10T08:44:01.433+0000] {processor.py:914} INFO - Processing file /opt/airflow/dags/team_adrien.py for tasks to queue
[2026-06-10T08:44:01.434+0000] {logging_mixin.py:190} INFO - [2026-06-10T08:44:01.434+0000] {dagbag.py:588} INFO - Filling up the DagBag from /opt/airflow/dags/team_adrien.py
[2026-06-10T08:44:01.592+0000] {logging_mixin.py:190} INFO - [2026-06-10T08:44:01.575+0000] {dagbag.py:387} ERROR - Failed to import: /opt/airflow/dags/team_adrien.py
Traceback (most recent call last):
  File "/home/airflow/.local/lib/python3.11/site-packages/airflow/models/dagbag.py", line 383, in parse
    loader.exec_module(new_module)
  File "<frozen importlib._bootstrap_external>", line 940, in exec_module
  File "<frozen importlib._bootstrap>", line 241, in _call_with_frames_removed
  File "/opt/airflow/dags/team_adrien.py", line 17, in <module>
    from include.team_adrien_spark import run_daily
  File "/opt/airflow/include/team_adrien_spark.py", line 21, in <module>
    StructField("ts", T.LongType(), True),
    ^^^^^^^^^^^
NameError: name 'StructField' is not defined
[2026-06-10T08:44:01.597+0000] {processor.py:927} WARNING - No viable dags retrieved from /opt/airflow/dags/team_adrien.py
[2026-06-10T08:44:01.613+0000] {processor.py:208} INFO - Processing /opt/airflow/dags/team_adrien.py took 0.186 seconds
[2026-06-10T08:44:31.961+0000] {processor.py:186} INFO - Started process (PID=1087) to work on /opt/airflow/dags/team_adrien.py
[2026-06-10T08:44:31.963+0000] {processor.py:914} INFO - Processing file /opt/airflow/dags/team_adrien.py for tasks to queue
[2026-06-10T08:44:31.964+0000] {logging_mixin.py:190} INFO - [2026-06-10T08:44:31.964+0000] {dagbag.py:588} INFO - Filling up the DagBag from /opt/airflow/dags/team_adrien.py
[2026-06-10T08:44:32.128+0000] {logging_mixin.py:190} INFO - [2026-06-10T08:44:32.107+0000] {dagbag.py:387} ERROR - Failed to import: /opt/airflow/dags/team_adrien.py
Traceback (most recent call last):
  File "/home/airflow/.local/lib/python3.11/site-packages/airflow/models/dagbag.py", line 383, in parse
    loader.exec_module(new_module)
  File "<frozen importlib._bootstrap_external>", line 940, in exec_module
  File "<frozen importlib._bootstrap>", line 241, in _call_with_frames_removed
  File "/opt/airflow/dags/team_adrien.py", line 17, in <module>
    from include.team_adrien_spark import run_daily
  File "/opt/airflow/include/team_adrien_spark.py", line 21, in <module>
    StructField("ts", T.LongType(), True),
    ^^^^^^^^^^^
NameError: name 'StructField' is not defined
[2026-06-10T08:44:32.134+0000] {processor.py:927} WARNING - No viable dags retrieved from /opt/airflow/dags/team_adrien.py
[2026-06-10T08:44:32.152+0000] {processor.py:208} INFO - Processing /opt/airflow/dags/team_adrien.py took 0.198 seconds
[2026-06-10T08:45:02.557+0000] {processor.py:186} INFO - Started process (PID=1109) to work on /opt/airflow/dags/team_adrien.py
[2026-06-10T08:45:02.559+0000] {processor.py:914} INFO - Processing file /opt/airflow/dags/team_adrien.py for tasks to queue
[2026-06-10T08:45:02.561+0000] {logging_mixin.py:190} INFO - [2026-06-10T08:45:02.561+0000] {dagbag.py:588} INFO - Filling up the DagBag from /opt/airflow/dags/team_adrien.py
[2026-06-10T08:45:02.735+0000] {logging_mixin.py:190} INFO - [2026-06-10T08:45:02.720+0000] {dagbag.py:387} ERROR - Failed to import: /opt/airflow/dags/team_adrien.py
Traceback (most recent call last):
  File "/home/airflow/.local/lib/python3.11/site-packages/airflow/models/dagbag.py", line 383, in parse
    loader.exec_module(new_module)
  File "<frozen importlib._bootstrap_external>", line 940, in exec_module
  File "<frozen importlib._bootstrap>", line 241, in _call_with_frames_removed
  File "/opt/airflow/dags/team_adrien.py", line 17, in <module>
    from include.team_adrien_spark import run_daily
  File "/opt/airflow/include/team_adrien_spark.py", line 21, in <module>
    StructField("ts", T.LongType(), True),
    ^^^^^^^^^^^
NameError: name 'StructField' is not defined
[2026-06-10T08:45:02.739+0000] {processor.py:927} WARNING - No viable dags retrieved from /opt/airflow/dags/team_adrien.py
[2026-06-10T08:45:02.764+0000] {processor.py:208} INFO - Processing /opt/airflow/dags/team_adrien.py took 0.213 seconds
[2026-06-10T08:45:33.177+0000] {processor.py:186} INFO - Started process (PID=1131) to work on /opt/airflow/dags/team_adrien.py
[2026-06-10T08:45:33.179+0000] {processor.py:914} INFO - Processing file /opt/airflow/dags/team_adrien.py for tasks to queue
[2026-06-10T08:45:33.181+0000] {logging_mixin.py:190} INFO - [2026-06-10T08:45:33.181+0000] {dagbag.py:588} INFO - Filling up the DagBag from /opt/airflow/dags/team_adrien.py
[2026-06-10T08:45:33.525+0000] {logging_mixin.py:190} INFO - [2026-06-10T08:45:33.502+0000] {dagbag.py:387} ERROR - Failed to import: /opt/airflow/dags/team_adrien.py
Traceback (most recent call last):
  File "/home/airflow/.local/lib/python3.11/site-packages/airflow/models/dagbag.py", line 383, in parse
    loader.exec_module(new_module)
  File "<frozen importlib._bootstrap_external>", line 940, in exec_module
  File "<frozen importlib._bootstrap>", line 241, in _call_with_frames_removed
  File "/opt/airflow/dags/team_adrien.py", line 17, in <module>
    from include.team_adrien_spark import run_daily
  File "/opt/airflow/include/team_adrien_spark.py", line 21, in <module>
    StructField("ts", T.LongType(), True),
    ^^^^^^^^^^^
NameError: name 'StructField' is not defined
[2026-06-10T08:45:33.532+0000] {processor.py:927} WARNING - No viable dags retrieved from /opt/airflow/dags/team_adrien.py
[2026-06-10T08:45:33.578+0000] {processor.py:208} INFO - Processing /opt/airflow/dags/team_adrien.py took 0.415 seconds
[2026-06-10T08:46:04.039+0000] {processor.py:186} INFO - Started process (PID=1153) to work on /opt/airflow/dags/team_adrien.py
[2026-06-10T08:46:04.042+0000] {processor.py:914} INFO - Processing file /opt/airflow/dags/team_adrien.py for tasks to queue
[2026-06-10T08:46:04.045+0000] {logging_mixin.py:190} INFO - [2026-06-10T08:46:04.044+0000] {dagbag.py:588} INFO - Filling up the DagBag from /opt/airflow/dags/team_adrien.py
[2026-06-10T08:46:04.720+0000] {logging_mixin.py:190} INFO - [2026-06-10T08:46:04.696+0000] {dagbag.py:387} ERROR - Failed to import: /opt/airflow/dags/team_adrien.py
Traceback (most recent call last):
  File "/home/airflow/.local/lib/python3.11/site-packages/airflow/models/dagbag.py", line 383, in parse
    loader.exec_module(new_module)
  File "<frozen importlib._bootstrap_external>", line 940, in exec_module
  File "<frozen importlib._bootstrap>", line 241, in _call_with_frames_removed
  File "/opt/airflow/dags/team_adrien.py", line 17, in <module>
    from include.team_adrien_spark import run_daily
  File "/opt/airflow/include/team_adrien_spark.py", line 21, in <module>
    StructField("ts", T.LongType(), True),
    ^^^^^^^^^^^
NameError: name 'StructField' is not defined
[2026-06-10T08:46:04.728+0000] {processor.py:927} WARNING - No viable dags retrieved from /opt/airflow/dags/team_adrien.py
[2026-06-10T08:46:04.800+0000] {processor.py:208} INFO - Processing /opt/airflow/dags/team_adrien.py took 0.772 seconds
[2026-06-10T08:46:35.705+0000] {processor.py:186} INFO - Started process (PID=1175) to work on /opt/airflow/dags/team_adrien.py
[2026-06-10T08:46:35.717+0000] {processor.py:914} INFO - Processing file /opt/airflow/dags/team_adrien.py for tasks to queue
[2026-06-10T08:46:35.719+0000] {logging_mixin.py:190} INFO - [2026-06-10T08:46:35.719+0000] {dagbag.py:588} INFO - Filling up the DagBag from /opt/airflow/dags/team_adrien.py
[2026-06-10T08:46:36.058+0000] {processor.py:925} INFO - DAG(s) 'team_adrien' retrieved from /opt/airflow/dags/team_adrien.py
[2026-06-10T08:46:36.929+0000] {logging_mixin.py:190} INFO - [2026-06-10T08:46:36.929+0000] {dag.py:3239} INFO - Sync 1 DAGs
[2026-06-10T08:46:36.967+0000] {logging_mixin.py:190} INFO - [2026-06-10T08:46:36.967+0000] {dag.py:4180} INFO - Setting next_dagrun for team_adrien to 2026-06-10 00:00:00+00:00, run_after=2026-06-11 00:00:00+00:00
[2026-06-10T08:46:37.015+0000] {processor.py:208} INFO - Processing /opt/airflow/dags/team_adrien.py took 1.317 seconds
[2026-06-10T08:47:07.950+0000] {processor.py:186} INFO - Started process (PID=1197) to work on /opt/airflow/dags/team_adrien.py
[2026-06-10T08:47:07.980+0000] {processor.py:914} INFO - Processing file /opt/airflow/dags/team_adrien.py for tasks to queue
[2026-06-10T08:47:07.994+0000] {logging_mixin.py:190} INFO - [2026-06-10T08:47:07.990+0000] {dagbag.py:588} INFO - Filling up the DagBag from /opt/airflow/dags/team_adrien.py
[2026-06-10T08:47:10.539+0000] {processor.py:925} INFO - DAG(s) 'team_adrien' retrieved from /opt/airflow/dags/team_adrien.py
[2026-06-10T08:47:10.712+0000] {logging_mixin.py:190} INFO - [2026-06-10T08:47:10.711+0000] {dag.py:3239} INFO - Sync 1 DAGs
[2026-06-10T08:47:10.894+0000] {logging_mixin.py:190} INFO - [2026-06-10T08:47:10.893+0000] {dag.py:4180} INFO - Setting next_dagrun for team_adrien to 2026-06-10 00:00:00+00:00, run_after=2026-06-11 00:00:00+00:00
[2026-06-10T08:47:11.009+0000] {processor.py:208} INFO - Processing /opt/airflow/dags/team_adrien.py took 3.249 seconds
[2026-06-10T08:47:41.396+0000] {processor.py:186} INFO - Started process (PID=1219) to work on /opt/airflow/dags/team_adrien.py
[2026-06-10T08:47:41.414+0000] {processor.py:914} INFO - Processing file /opt/airflow/dags/team_adrien.py for tasks to queue
[2026-06-10T08:47:41.426+0000] {logging_mixin.py:190} INFO - [2026-06-10T08:47:41.425+0000] {dagbag.py:588} INFO - Filling up the DagBag from /opt/airflow/dags/team_adrien.py
[2026-06-10T08:47:42.111+0000] {processor.py:925} INFO - DAG(s) 'team_adrien' retrieved from /opt/airflow/dags/team_adrien.py
[2026-06-10T08:47:42.184+0000] {logging_mixin.py:190} INFO - [2026-06-10T08:47:42.184+0000] {dag.py:3239} INFO - Sync 1 DAGs
[2026-06-10T08:47:42.273+0000] {logging_mixin.py:190} INFO - [2026-06-10T08:47:42.272+0000] {dag.py:4180} INFO - Setting next_dagrun for team_adrien to 2026-06-10 00:00:00+00:00, run_after=2026-06-11 00:00:00+00:00
[2026-06-10T08:47:42.363+0000] {processor.py:208} INFO - Processing /opt/airflow/dags/team_adrien.py took 1.005 seconds
[2026-06-10T08:48:12.921+0000] {processor.py:186} INFO - Started process (PID=1242) to work on /opt/airflow/dags/team_adrien.py
[2026-06-10T08:48:12.924+0000] {processor.py:914} INFO - Processing file /opt/airflow/dags/team_adrien.py for tasks to queue
[2026-06-10T08:48:12.927+0000] {logging_mixin.py:190} INFO - [2026-06-10T08:48:12.926+0000] {dagbag.py:588} INFO - Filling up the DagBag from /opt/airflow/dags/team_adrien.py
[2026-06-10T08:48:13.325+0000] {processor.py:925} INFO - DAG(s) 'team_adrien' retrieved from /opt/airflow/dags/team_adrien.py
[2026-06-10T08:48:13.378+0000] {logging_mixin.py:190} INFO - [2026-06-10T08:48:13.378+0000] {dag.py:3239} INFO - Sync 1 DAGs
[2026-06-10T08:48:13.415+0000] {logging_mixin.py:190} INFO - [2026-06-10T08:48:13.415+0000] {dag.py:4180} INFO - Setting next_dagrun for team_adrien to 2026-06-10 00:00:00+00:00, run_after=2026-06-11 00:00:00+00:00
[2026-06-10T08:48:13.452+0000] {processor.py:208} INFO - Processing /opt/airflow/dags/team_adrien.py took 0.542 seconds
[2026-06-10T08:48:43.885+0000] {processor.py:186} INFO - Started process (PID=1270) to work on /opt/airflow/dags/team_adrien.py
[2026-06-10T08:48:43.887+0000] {processor.py:914} INFO - Processing file /opt/airflow/dags/team_adrien.py for tasks to queue
[2026-06-10T08:48:43.891+0000] {logging_mixin.py:190} INFO - [2026-06-10T08:48:43.891+0000] {dagbag.py:588} INFO - Filling up the DagBag from /opt/airflow/dags/team_adrien.py
[2026-06-10T08:48:44.231+0000] {processor.py:925} INFO - DAG(s) 'team_adrien' retrieved from /opt/airflow/dags/team_adrien.py
[2026-06-10T08:48:44.289+0000] {logging_mixin.py:190} INFO - [2026-06-10T08:48:44.288+0000] {dag.py:3239} INFO - Sync 1 DAGs
[2026-06-10T08:48:44.332+0000] {logging_mixin.py:190} INFO - [2026-06-10T08:48:44.331+0000] {dag.py:4180} INFO - Setting next_dagrun for team_adrien to 2026-06-10 00:00:00+00:00, run_after=2026-06-11 00:00:00+00:00
[2026-06-10T08:48:44.366+0000] {processor.py:208} INFO - Processing /opt/airflow/dags/team_adrien.py took 0.494 seconds
[2026-06-10T08:49:14.826+0000] {processor.py:186} INFO - Started process (PID=1292) to work on /opt/airflow/dags/team_adrien.py
[2026-06-10T08:49:14.828+0000] {processor.py:914} INFO - Processing file /opt/airflow/dags/team_adrien.py for tasks to queue
[2026-06-10T08:49:14.830+0000] {logging_mixin.py:190} INFO - [2026-06-10T08:49:14.830+0000] {dagbag.py:588} INFO - Filling up the DagBag from /opt/airflow/dags/team_adrien.py
[2026-06-10T08:49:15.055+0000] {processor.py:925} INFO - DAG(s) 'team_adrien' retrieved from /opt/airflow/dags/team_adrien.py
[2026-06-10T08:49:15.098+0000] {logging_mixin.py:190} INFO - [2026-06-10T08:49:15.097+0000] {dag.py:3239} INFO - Sync 1 DAGs
[2026-06-10T08:49:15.128+0000] {logging_mixin.py:190} INFO - [2026-06-10T08:49:15.128+0000] {dag.py:4180} INFO - Setting next_dagrun for team_adrien to 2026-06-10 00:00:00+00:00, run_after=2026-06-11 00:00:00+00:00
[2026-06-10T08:49:15.151+0000] {processor.py:208} INFO - Processing /opt/airflow/dags/team_adrien.py took 0.334 seconds
[2026-06-10T08:49:45.554+0000] {processor.py:186} INFO - Started process (PID=1314) to work on /opt/airflow/dags/team_adrien.py
[2026-06-10T08:49:45.555+0000] {processor.py:914} INFO - Processing file /opt/airflow/dags/team_adrien.py for tasks to queue
[2026-06-10T08:49:45.557+0000] {logging_mixin.py:190} INFO - [2026-06-10T08:49:45.556+0000] {dagbag.py:588} INFO - Filling up the DagBag from /opt/airflow/dags/team_adrien.py
[2026-06-10T08:49:45.692+0000] {processor.py:925} INFO - DAG(s) 'team_adrien' retrieved from /opt/airflow/dags/team_adrien.py
[2026-06-10T08:49:45.720+0000] {logging_mixin.py:190} INFO - [2026-06-10T08:49:45.720+0000] {dag.py:3239} INFO - Sync 1 DAGs
[2026-06-10T08:49:45.747+0000] {logging_mixin.py:190} INFO - [2026-06-10T08:49:45.746+0000] {dag.py:4180} INFO - Setting next_dagrun for team_adrien to 2026-06-10 00:00:00+00:00, run_after=2026-06-11 00:00:00+00:00
[2026-06-10T08:49:45.766+0000] {processor.py:208} INFO - Processing /opt/airflow/dags/team_adrien.py took 0.217 seconds
[2026-06-10T08:50:16.202+0000] {processor.py:186} INFO - Started process (PID=1336) to work on /opt/airflow/dags/team_adrien.py
[2026-06-10T08:50:16.204+0000] {processor.py:914} INFO - Processing file /opt/airflow/dags/team_adrien.py for tasks to queue
[2026-06-10T08:50:16.205+0000] {logging_mixin.py:190} INFO - [2026-06-10T08:50:16.205+0000] {dagbag.py:588} INFO - Filling up the DagBag from /opt/airflow/dags/team_adrien.py
[2026-06-10T08:50:16.388+0000] {processor.py:925} INFO - DAG(s) 'team_adrien' retrieved from /opt/airflow/dags/team_adrien.py
[2026-06-10T08:50:16.416+0000] {logging_mixin.py:190} INFO - [2026-06-10T08:50:16.416+0000] {dag.py:3239} INFO - Sync 1 DAGs
[2026-06-10T08:50:16.443+0000] {logging_mixin.py:190} INFO - [2026-06-10T08:50:16.443+0000] {dag.py:4180} INFO - Setting next_dagrun for team_adrien to 2026-06-10 00:00:00+00:00, run_after=2026-06-11 00:00:00+00:00
[2026-06-10T08:50:16.465+0000] {processor.py:208} INFO - Processing /opt/airflow/dags/team_adrien.py took 0.270 seconds
[2026-06-10T08:50:46.862+0000] {processor.py:186} INFO - Started process (PID=1358) to work on /opt/airflow/dags/team_adrien.py
[2026-06-10T08:50:46.863+0000] {processor.py:914} INFO - Processing file /opt/airflow/dags/team_adrien.py for tasks to queue
[2026-06-10T08:50:46.864+0000] {logging_mixin.py:190} INFO - [2026-06-10T08:50:46.864+0000] {dagbag.py:588} INFO - Filling up the DagBag from /opt/airflow/dags/team_adrien.py
[2026-06-10T08:50:46.999+0000] {processor.py:925} INFO - DAG(s) 'team_adrien' retrieved from /opt/airflow/dags/team_adrien.py
[2026-06-10T08:50:47.050+0000] {logging_mixin.py:190} INFO - [2026-06-10T08:50:47.050+0000] {dag.py:3239} INFO - Sync 1 DAGs
[2026-06-10T08:50:47.081+0000] {logging_mixin.py:190} INFO - [2026-06-10T08:50:47.081+0000] {dag.py:4180} INFO - Setting next_dagrun for team_adrien to 2026-06-10 00:00:00+00:00, run_after=2026-06-11 00:00:00+00:00
[2026-06-10T08:50:47.113+0000] {processor.py:208} INFO - Processing /opt/airflow/dags/team_adrien.py took 0.257 seconds
[2026-06-10T08:51:17.480+0000] {processor.py:186} INFO - Started process (PID=1380) to work on /opt/airflow/dags/team_adrien.py
[2026-06-10T08:51:17.481+0000] {processor.py:914} INFO - Processing file /opt/airflow/dags/team_adrien.py for tasks to queue
[2026-06-10T08:51:17.482+0000] {logging_mixin.py:190} INFO - [2026-06-10T08:51:17.482+0000] {dagbag.py:588} INFO - Filling up the DagBag from /opt/airflow/dags/team_adrien.py
[2026-06-10T08:51:17.650+0000] {processor.py:925} INFO - DAG(s) 'team_adrien' retrieved from /opt/airflow/dags/team_adrien.py
[2026-06-10T08:51:17.677+0000] {logging_mixin.py:190} INFO - [2026-06-10T08:51:17.677+0000] {dag.py:3239} INFO - Sync 1 DAGs
[2026-06-10T08:51:17.702+0000] {logging_mixin.py:190} INFO - [2026-06-10T08:51:17.702+0000] {dag.py:4180} INFO - Setting next_dagrun for team_adrien to 2026-06-10 00:00:00+00:00, run_after=2026-06-11 00:00:00+00:00
[2026-06-10T08:51:17.728+0000] {processor.py:208} INFO - Processing /opt/airflow/dags/team_adrien.py took 0.253 seconds
[2026-06-10T08:51:48.113+0000] {processor.py:186} INFO - Started process (PID=1402) to work on /opt/airflow/dags/team_adrien.py
[2026-06-10T08:51:48.114+0000] {processor.py:914} INFO - Processing file /opt/airflow/dags/team_adrien.py for tasks to queue
[2026-06-10T08:51:48.116+0000] {logging_mixin.py:190} INFO - [2026-06-10T08:51:48.115+0000] {dagbag.py:588} INFO - Filling up the DagBag from /opt/airflow/dags/team_adrien.py
[2026-06-10T08:51:48.287+0000] {processor.py:925} INFO - DAG(s) 'team_adrien' retrieved from /opt/airflow/dags/team_adrien.py
[2026-06-10T08:51:48.329+0000] {logging_mixin.py:190} INFO - [2026-06-10T08:51:48.328+0000] {dag.py:3239} INFO - Sync 1 DAGs
[2026-06-10T08:51:48.367+0000] {logging_mixin.py:190} INFO - [2026-06-10T08:51:48.367+0000] {dag.py:4180} INFO - Setting next_dagrun for team_adrien to 2026-06-10 00:00:00+00:00, run_after=2026-06-11 00:00:00+00:00
[2026-06-10T08:51:48.397+0000] {processor.py:208} INFO - Processing /opt/airflow/dags/team_adrien.py took 0.290 seconds
[2026-06-10T08:52:19.307+0000] {processor.py:186} INFO - Started process (PID=1424) to work on /opt/airflow/dags/team_adrien.py
[2026-06-10T08:52:19.313+0000] {processor.py:914} INFO - Processing file /opt/airflow/dags/team_adrien.py for tasks to queue
[2026-06-10T08:52:19.318+0000] {logging_mixin.py:190} INFO - [2026-06-10T08:52:19.317+0000] {dagbag.py:588} INFO - Filling up the DagBag from /opt/airflow/dags/team_adrien.py
[2026-06-10T08:52:20.481+0000] {processor.py:925} INFO - DAG(s) 'team_adrien' retrieved from /opt/airflow/dags/team_adrien.py
[2026-06-10T08:52:20.880+0000] {logging_mixin.py:190} INFO - [2026-06-10T08:52:20.879+0000] {dag.py:3239} INFO - Sync 1 DAGs
[2026-06-10T08:52:21.004+0000] {logging_mixin.py:190} INFO - [2026-06-10T08:52:21.003+0000] {dag.py:4180} INFO - Setting next_dagrun for team_adrien to 2026-06-10 00:00:00+00:00, run_after=2026-06-11 00:00:00+00:00
[2026-06-10T08:52:21.097+0000] {processor.py:208} INFO - Processing /opt/airflow/dags/team_adrien.py took 1.925 seconds
[2026-06-10T08:52:51.587+0000] {processor.py:186} INFO - Started process (PID=1446) to work on /opt/airflow/dags/team_adrien.py
[2026-06-10T08:52:51.588+0000] {processor.py:914} INFO - Processing file /opt/airflow/dags/team_adrien.py for tasks to queue
[2026-06-10T08:52:51.591+0000] {logging_mixin.py:190} INFO - [2026-06-10T08:52:51.590+0000] {dagbag.py:588} INFO - Filling up the DagBag from /opt/airflow/dags/team_adrien.py
[2026-06-10T08:52:51.800+0000] {processor.py:925} INFO - DAG(s) 'team_adrien' retrieved from /opt/airflow/dags/team_adrien.py
[2026-06-10T08:52:51.828+0000] {logging_mixin.py:190} INFO - [2026-06-10T08:52:51.828+0000] {dag.py:3239} INFO - Sync 1 DAGs
[2026-06-10T08:52:51.852+0000] {logging_mixin.py:190} INFO - [2026-06-10T08:52:51.852+0000] {dag.py:4180} INFO - Setting next_dagrun for team_adrien to 2026-06-10 00:00:00+00:00, run_after=2026-06-11 00:00:00+00:00
[2026-06-10T08:52:51.888+0000] {processor.py:208} INFO - Processing /opt/airflow/dags/team_adrien.py took 0.314 seconds
[2026-06-10T08:53:22.295+0000] {processor.py:186} INFO - Started process (PID=1468) to work on /opt/airflow/dags/team_adrien.py
[2026-06-10T08:53:22.296+0000] {processor.py:914} INFO - Processing file /opt/airflow/dags/team_adrien.py for tasks to queue
[2026-06-10T08:53:22.306+0000] {logging_mixin.py:190} INFO - [2026-06-10T08:53:22.305+0000] {dagbag.py:588} INFO - Filling up the DagBag from /opt/airflow/dags/team_adrien.py
[2026-06-10T08:53:22.521+0000] {processor.py:925} INFO - DAG(s) 'team_adrien' retrieved from /opt/airflow/dags/team_adrien.py
[2026-06-10T08:53:22.552+0000] {logging_mixin.py:190} INFO - [2026-06-10T08:53:22.551+0000] {dag.py:3239} INFO - Sync 1 DAGs
[2026-06-10T08:53:22.576+0000] {logging_mixin.py:190} INFO - [2026-06-10T08:53:22.576+0000] {dag.py:4180} INFO - Setting next_dagrun for team_adrien to 2026-06-10 00:00:00+00:00, run_after=2026-06-11 00:00:00+00:00
[2026-06-10T08:53:22.598+0000] {processor.py:208} INFO - Processing /opt/airflow/dags/team_adrien.py took 0.309 seconds
[2026-06-10T08:53:52.978+0000] {processor.py:186} INFO - Started process (PID=1490) to work on /opt/airflow/dags/team_adrien.py
[2026-06-10T08:53:52.980+0000] {processor.py:914} INFO - Processing file /opt/airflow/dags/team_adrien.py for tasks to queue
[2026-06-10T08:53:52.982+0000] {logging_mixin.py:190} INFO - [2026-06-10T08:53:52.982+0000] {dagbag.py:588} INFO - Filling up the DagBag from /opt/airflow/dags/team_adrien.py
[2026-06-10T08:53:53.212+0000] {processor.py:925} INFO - DAG(s) 'team_adrien' retrieved from /opt/airflow/dags/team_adrien.py
[2026-06-10T08:53:53.247+0000] {logging_mixin.py:190} INFO - [2026-06-10T08:53:53.247+0000] {dag.py:3239} INFO - Sync 1 DAGs
[2026-06-10T08:53:53.276+0000] {logging_mixin.py:190} INFO - [2026-06-10T08:53:53.276+0000] {dag.py:4180} INFO - Setting next_dagrun for team_adrien to 2026-06-10 00:00:00+00:00, run_after=2026-06-11 00:00:00+00:00
[2026-06-10T08:53:53.301+0000] {processor.py:208} INFO - Processing /opt/airflow/dags/team_adrien.py took 0.331 seconds
[2026-06-10T08:54:23.845+0000] {processor.py:186} INFO - Started process (PID=1512) to work on /opt/airflow/dags/team_adrien.py
[2026-06-10T08:54:23.847+0000] {processor.py:914} INFO - Processing file /opt/airflow/dags/team_adrien.py for tasks to queue
[2026-06-10T08:54:23.849+0000] {logging_mixin.py:190} INFO - [2026-06-10T08:54:23.848+0000] {dagbag.py:588} INFO - Filling up the DagBag from /opt/airflow/dags/team_adrien.py
[2026-06-10T08:54:24.053+0000] {processor.py:925} INFO - DAG(s) 'team_adrien' retrieved from /opt/airflow/dags/team_adrien.py
[2026-06-10T08:54:24.087+0000] {logging_mixin.py:190} INFO - [2026-06-10T08:54:24.087+0000] {dag.py:3239} INFO - Sync 1 DAGs
[2026-06-10T08:54:24.112+0000] {logging_mixin.py:190} INFO - [2026-06-10T08:54:24.112+0000] {dag.py:4180} INFO - Setting next_dagrun for team_adrien to 2026-06-10 00:00:00+00:00, run_after=2026-06-11 00:00:00+00:00
[2026-06-10T08:54:24.136+0000] {processor.py:208} INFO - Processing /opt/airflow/dags/team_adrien.py took 0.296 seconds
[2026-06-10T08:54:54.560+0000] {processor.py:186} INFO - Started process (PID=1534) to work on /opt/airflow/dags/team_adrien.py
[2026-06-10T08:54:54.562+0000] {processor.py:914} INFO - Processing file /opt/airflow/dags/team_adrien.py for tasks to queue
[2026-06-10T08:54:54.564+0000] {logging_mixin.py:190} INFO - [2026-06-10T08:54:54.564+0000] {dagbag.py:588} INFO - Filling up the DagBag from /opt/airflow/dags/team_adrien.py
[2026-06-10T08:54:54.819+0000] {processor.py:925} INFO - DAG(s) 'team_adrien' retrieved from /opt/airflow/dags/team_adrien.py
[2026-06-10T08:54:54.903+0000] {logging_mixin.py:190} INFO - [2026-06-10T08:54:54.903+0000] {dag.py:3239} INFO - Sync 1 DAGs
[2026-06-10T08:54:54.962+0000] {logging_mixin.py:190} INFO - [2026-06-10T08:54:54.961+0000] {dag.py:4180} INFO - Setting next_dagrun for team_adrien to 2026-06-10 00:00:00+00:00, run_after=2026-06-11 00:00:00+00:00
[2026-06-10T08:54:55.007+0000] {processor.py:208} INFO - Processing /opt/airflow/dags/team_adrien.py took 0.456 seconds
[2026-06-10T08:55:25.409+0000] {processor.py:186} INFO - Started process (PID=1556) to work on /opt/airflow/dags/team_adrien.py
[2026-06-10T08:55:25.410+0000] {processor.py:914} INFO - Processing file /opt/airflow/dags/team_adrien.py for tasks to queue
[2026-06-10T08:55:25.412+0000] {logging_mixin.py:190} INFO - [2026-06-10T08:55:25.412+0000] {dagbag.py:588} INFO - Filling up the DagBag from /opt/airflow/dags/team_adrien.py
[2026-06-10T08:55:25.585+0000] {processor.py:925} INFO - DAG(s) 'team_adrien' retrieved from /opt/airflow/dags/team_adrien.py
[2026-06-10T08:55:25.619+0000] {logging_mixin.py:190} INFO - [2026-06-10T08:55:25.619+0000] {dag.py:3239} INFO - Sync 1 DAGs
[2026-06-10T08:55:25.645+0000] {logging_mixin.py:190} INFO - [2026-06-10T08:55:25.645+0000] {dag.py:4180} INFO - Setting next_dagrun for team_adrien to 2026-06-10 00:00:00+00:00, run_after=2026-06-11 00:00:00+00:00
[2026-06-10T08:55:25.664+0000] {processor.py:208} INFO - Processing /opt/airflow/dags/team_adrien.py took 0.278 seconds
