[2026-06-10T08:22:22.127+0000] {local_task_job_runner.py:123} INFO - ::group::Pre task execution logs
[2026-06-10T08:22:22.201+0000] {taskinstance.py:2613} INFO - Dependencies all met for dep_context=non-requeueable deps ti=<TaskInstance: team_adrien.wait_for_vendor_csv scheduled__2026-06-07T00:00:00+00:00 [queued]>
[2026-06-10T08:22:22.252+0000] {taskinstance.py:2613} INFO - Dependencies all met for dep_context=requeueable deps ti=<TaskInstance: team_adrien.wait_for_vendor_csv scheduled__2026-06-07T00:00:00+00:00 [queued]>
[2026-06-10T08:22:22.256+0000] {taskinstance.py:2866} INFO - Starting attempt 1 of 2
[2026-06-10T08:22:22.295+0000] {taskinstance.py:2889} INFO - Executing <Task(FileSensor): wait_for_vendor_csv> on 2026-06-07 00:00:00+00:00
[2026-06-10T08:22:22.310+0000] {standard_task_runner.py:72} INFO - Started process 124 to run task
[2026-06-10T08:22:22.317+0000] {standard_task_runner.py:104} INFO - Running: ['***', 'tasks', 'run', 'team_adrien', 'wait_for_vendor_csv', 'scheduled__2026-06-07T00:00:00+00:00', '--job-id', '28', '--raw', '--subdir', 'DAGS_FOLDER/team_adrien.py', '--cfg-path', '/tmp/tmp_ujjqfic']
[2026-06-10T08:22:22.323+0000] {standard_task_runner.py:105} INFO - Job 28: Subtask wait_for_vendor_csv
[2026-06-10T08:22:22.447+0000] {task_command.py:467} INFO - Running <TaskInstance: team_adrien.wait_for_vendor_csv scheduled__2026-06-07T00:00:00+00:00 [running]> on host bea06c6cb5ad
[2026-06-10T08:22:22.706+0000] {taskinstance.py:3132} INFO - Exporting env vars: AIRFLOW_CTX_DAG_OWNER='team_adrien' AIRFLOW_CTX_DAG_ID='team_adrien' AIRFLOW_CTX_TASK_ID='wait_for_vendor_csv' AIRFLOW_CTX_EXECUTION_DATE='2026-06-07T00:00:00+00:00' AIRFLOW_CTX_TRY_NUMBER='1' AIRFLOW_CTX_DAG_RUN_ID='scheduled__2026-06-07T00:00:00+00:00'
[2026-06-10T08:22:22.713+0000] {taskinstance.py:731} INFO - ::endgroup::
[2026-06-10T08:22:22.722+0000] {baseoperator.py:421} WARNING - FileSensor.execute cannot be called outside TaskInstance!
[2026-06-10T08:22:22.759+0000] {crypto.py:82} WARNING - empty cryptography key - values will not be stored encrypted.
[2026-06-10T08:22:22.765+0000] {base.py:84} INFO - Retrieving connection 'fs_default'
[2026-06-10T08:22:22.768+0000] {filesystem.py:109} INFO - Poking for file /opt/***/data/incoming/transactions_2026-06-07.csv
[2026-06-10T08:22:22.784+0000] {filesystem.py:113} INFO - Found File /opt/***/data/incoming/transactions_2026-06-07.csv last modified: 20260607122148
[2026-06-10T08:22:22.787+0000] {base.py:336} INFO - Success criteria met. Exiting.
[2026-06-10T08:22:22.789+0000] {filesystem.py:109} INFO - Poking for file /opt/***/data/incoming/transactions_2026-06-07.csv
[2026-06-10T08:22:22.803+0000] {filesystem.py:113} INFO - Found File /opt/***/data/incoming/transactions_2026-06-07.csv last modified: 20260607122148
[2026-06-10T08:22:22.830+0000] {taskinstance.py:340} INFO - ::group::Post task execution logs
[2026-06-10T08:22:22.833+0000] {taskinstance.py:352} INFO - Marking task as SUCCESS. dag_id=team_adrien, task_id=wait_for_vendor_csv, run_id=scheduled__2026-06-07T00:00:00+00:00, execution_date=20260607T000000, start_date=20260610T082222, end_date=20260610T082222
[2026-06-10T08:22:22.925+0000] {local_task_job_runner.py:266} INFO - Task exited with return code 0
[2026-06-10T08:22:23.035+0000] {taskinstance.py:3895} INFO - 1 downstream tasks scheduled from follow-on schedule check
[2026-06-10T08:22:23.041+0000] {local_task_job_runner.py:245} INFO - ::endgroup::
