[2026-06-05T14:16:47.923+0000] {processor.py:186} INFO - Started process (PID=72) to work on /opt/airflow/dags/team_at.py
[2026-06-05T14:16:47.928+0000] {processor.py:914} INFO - Processing file /opt/airflow/dags/team_at.py for tasks to queue
[2026-06-05T14:16:47.946+0000] {logging_mixin.py:190} INFO - [2026-06-05T14:16:47.941+0000] {dagbag.py:588} INFO - Filling up the DagBag from /opt/airflow/dags/team_at.py
[2026-06-05T14:16:48.938+0000] {logging_mixin.py:190} INFO - [2026-06-05T14:16:48.908+0000] {dagbag.py:387} ERROR - Failed to import: /opt/airflow/dags/team_at.py
Traceback (most recent call last):
  File "/home/airflow/.local/lib/python3.11/site-packages/airflow/models/dagbag.py", line 383, in parse
    loader.exec_module(new_module)
  File "<frozen importlib._bootstrap_external>", line 940, in exec_module
  File "<frozen importlib._bootstrap>", line 241, in _call_with_frames_removed
  File "/opt/airflow/dags/team_at.py", line 17, in <module>
    from include.team_adrien_spark import run_daily
ModuleNotFoundError: No module named 'include.team_adrien_spark'
[2026-06-05T14:16:48.950+0000] {processor.py:927} WARNING - No viable dags retrieved from /opt/airflow/dags/team_at.py
[2026-06-05T14:16:49.192+0000] {processor.py:208} INFO - Processing /opt/airflow/dags/team_at.py took 1.341 seconds
[2026-06-05T14:17:19.963+0000] {processor.py:186} INFO - Started process (PID=94) to work on /opt/airflow/dags/team_at.py
[2026-06-05T14:17:19.966+0000] {processor.py:914} INFO - Processing file /opt/airflow/dags/team_at.py for tasks to queue
[2026-06-05T14:17:20.004+0000] {logging_mixin.py:190} INFO - [2026-06-05T14:17:19.999+0000] {dagbag.py:588} INFO - Filling up the DagBag from /opt/airflow/dags/team_at.py
[2026-06-05T14:17:20.347+0000] {logging_mixin.py:190} INFO - [2026-06-05T14:17:20.339+0000] {dagbag.py:387} ERROR - Failed to import: /opt/airflow/dags/team_at.py
Traceback (most recent call last):
  File "/home/airflow/.local/lib/python3.11/site-packages/airflow/models/dagbag.py", line 383, in parse
    loader.exec_module(new_module)
  File "<frozen importlib._bootstrap_external>", line 940, in exec_module
  File "<frozen importlib._bootstrap>", line 241, in _call_with_frames_removed
  File "/opt/airflow/dags/team_at.py", line 17, in <module>
    from include.team_adrien_spark import run_daily
ModuleNotFoundError: No module named 'include.team_adrien_spark'
[2026-06-05T14:17:20.350+0000] {processor.py:927} WARNING - No viable dags retrieved from /opt/airflow/dags/team_at.py
[2026-06-05T14:17:20.415+0000] {processor.py:208} INFO - Processing /opt/airflow/dags/team_at.py took 0.563 seconds
[2026-06-05T14:17:51.042+0000] {processor.py:186} INFO - Started process (PID=116) to work on /opt/airflow/dags/team_at.py
[2026-06-05T14:17:51.045+0000] {processor.py:914} INFO - Processing file /opt/airflow/dags/team_at.py for tasks to queue
[2026-06-05T14:17:51.055+0000] {logging_mixin.py:190} INFO - [2026-06-05T14:17:51.053+0000] {dagbag.py:588} INFO - Filling up the DagBag from /opt/airflow/dags/team_at.py
[2026-06-05T14:17:51.246+0000] {logging_mixin.py:190} INFO - [2026-06-05T14:17:51.233+0000] {dagbag.py:387} ERROR - Failed to import: /opt/airflow/dags/team_at.py
Traceback (most recent call last):
  File "/home/airflow/.local/lib/python3.11/site-packages/airflow/models/dagbag.py", line 383, in parse
    loader.exec_module(new_module)
  File "<frozen importlib._bootstrap_external>", line 940, in exec_module
  File "<frozen importlib._bootstrap>", line 241, in _call_with_frames_removed
  File "/opt/airflow/dags/team_at.py", line 17, in <module>
    from include.team_adrien_spark import run_daily
ModuleNotFoundError: No module named 'include.team_adrien_spark'
[2026-06-05T14:17:51.251+0000] {processor.py:927} WARNING - No viable dags retrieved from /opt/airflow/dags/team_at.py
[2026-06-05T14:17:51.335+0000] {processor.py:208} INFO - Processing /opt/airflow/dags/team_at.py took 0.325 seconds
[2026-06-05T14:18:21.974+0000] {processor.py:186} INFO - Started process (PID=138) to work on /opt/airflow/dags/team_at.py
[2026-06-05T14:18:21.976+0000] {processor.py:914} INFO - Processing file /opt/airflow/dags/team_at.py for tasks to queue
[2026-06-05T14:18:21.980+0000] {logging_mixin.py:190} INFO - [2026-06-05T14:18:21.980+0000] {dagbag.py:588} INFO - Filling up the DagBag from /opt/airflow/dags/team_at.py
[2026-06-05T14:18:22.158+0000] {logging_mixin.py:190} INFO - [2026-06-05T14:18:22.145+0000] {dagbag.py:387} ERROR - Failed to import: /opt/airflow/dags/team_at.py
Traceback (most recent call last):
  File "/home/airflow/.local/lib/python3.11/site-packages/airflow/models/dagbag.py", line 383, in parse
    loader.exec_module(new_module)
  File "<frozen importlib._bootstrap_external>", line 940, in exec_module
  File "<frozen importlib._bootstrap>", line 241, in _call_with_frames_removed
  File "/opt/airflow/dags/team_at.py", line 17, in <module>
    from include.team_adrien_spark import run_daily
ModuleNotFoundError: No module named 'include.team_adrien_spark'
[2026-06-05T14:18:22.161+0000] {processor.py:927} WARNING - No viable dags retrieved from /opt/airflow/dags/team_at.py
[2026-06-05T14:18:22.209+0000] {processor.py:208} INFO - Processing /opt/airflow/dags/team_at.py took 0.245 seconds
[2026-06-05T14:18:52.752+0000] {processor.py:186} INFO - Started process (PID=160) to work on /opt/airflow/dags/team_at.py
[2026-06-05T14:18:52.753+0000] {processor.py:914} INFO - Processing file /opt/airflow/dags/team_at.py for tasks to queue
[2026-06-05T14:18:52.758+0000] {logging_mixin.py:190} INFO - [2026-06-05T14:18:52.757+0000] {dagbag.py:588} INFO - Filling up the DagBag from /opt/airflow/dags/team_at.py
[2026-06-05T14:18:52.864+0000] {logging_mixin.py:190} INFO - [2026-06-05T14:18:52.857+0000] {dagbag.py:387} ERROR - Failed to import: /opt/airflow/dags/team_at.py
Traceback (most recent call last):
  File "/home/airflow/.local/lib/python3.11/site-packages/airflow/models/dagbag.py", line 383, in parse
    loader.exec_module(new_module)
  File "<frozen importlib._bootstrap_external>", line 940, in exec_module
  File "<frozen importlib._bootstrap>", line 241, in _call_with_frames_removed
  File "/opt/airflow/dags/team_at.py", line 17, in <module>
    from include.team_adrien_spark import run_daily
ModuleNotFoundError: No module named 'include.team_adrien_spark'
[2026-06-05T14:18:52.867+0000] {processor.py:927} WARNING - No viable dags retrieved from /opt/airflow/dags/team_at.py
[2026-06-05T14:18:52.912+0000] {processor.py:208} INFO - Processing /opt/airflow/dags/team_at.py took 0.176 seconds
[2026-06-05T14:19:23.457+0000] {processor.py:186} INFO - Started process (PID=182) to work on /opt/airflow/dags/team_at.py
[2026-06-05T14:19:23.459+0000] {processor.py:914} INFO - Processing file /opt/airflow/dags/team_at.py for tasks to queue
[2026-06-05T14:19:23.464+0000] {logging_mixin.py:190} INFO - [2026-06-05T14:19:23.464+0000] {dagbag.py:588} INFO - Filling up the DagBag from /opt/airflow/dags/team_at.py
[2026-06-05T14:19:23.590+0000] {logging_mixin.py:190} INFO - [2026-06-05T14:19:23.582+0000] {dagbag.py:387} ERROR - Failed to import: /opt/airflow/dags/team_at.py
Traceback (most recent call last):
  File "/home/airflow/.local/lib/python3.11/site-packages/airflow/models/dagbag.py", line 383, in parse
    loader.exec_module(new_module)
  File "<frozen importlib._bootstrap_external>", line 940, in exec_module
  File "<frozen importlib._bootstrap>", line 241, in _call_with_frames_removed
  File "/opt/airflow/dags/team_at.py", line 17, in <module>
    from include.team_adrien_spark import run_daily
ModuleNotFoundError: No module named 'include.team_adrien_spark'
[2026-06-05T14:19:23.593+0000] {processor.py:927} WARNING - No viable dags retrieved from /opt/airflow/dags/team_at.py
[2026-06-05T14:19:23.664+0000] {processor.py:208} INFO - Processing /opt/airflow/dags/team_at.py took 0.217 seconds
[2026-06-05T14:19:54.217+0000] {processor.py:186} INFO - Started process (PID=204) to work on /opt/airflow/dags/team_at.py
[2026-06-05T14:19:54.219+0000] {processor.py:914} INFO - Processing file /opt/airflow/dags/team_at.py for tasks to queue
[2026-06-05T14:19:54.223+0000] {logging_mixin.py:190} INFO - [2026-06-05T14:19:54.223+0000] {dagbag.py:588} INFO - Filling up the DagBag from /opt/airflow/dags/team_at.py
[2026-06-05T14:19:54.344+0000] {logging_mixin.py:190} INFO - [2026-06-05T14:19:54.338+0000] {dagbag.py:387} ERROR - Failed to import: /opt/airflow/dags/team_at.py
Traceback (most recent call last):
  File "/home/airflow/.local/lib/python3.11/site-packages/airflow/models/dagbag.py", line 383, in parse
    loader.exec_module(new_module)
  File "<frozen importlib._bootstrap_external>", line 940, in exec_module
  File "<frozen importlib._bootstrap>", line 241, in _call_with_frames_removed
  File "/opt/airflow/dags/team_at.py", line 17, in <module>
    from include.team_adrien_spark import run_daily
ModuleNotFoundError: No module named 'include.team_adrien_spark'
[2026-06-05T14:19:54.347+0000] {processor.py:927} WARNING - No viable dags retrieved from /opt/airflow/dags/team_at.py
[2026-06-05T14:19:54.389+0000] {processor.py:208} INFO - Processing /opt/airflow/dags/team_at.py took 0.185 seconds
[2026-06-05T14:20:25.028+0000] {processor.py:186} INFO - Started process (PID=233) to work on /opt/airflow/dags/team_at.py
[2026-06-05T14:20:25.031+0000] {processor.py:914} INFO - Processing file /opt/airflow/dags/team_at.py for tasks to queue
[2026-06-05T14:20:25.052+0000] {logging_mixin.py:190} INFO - [2026-06-05T14:20:25.035+0000] {dagbag.py:588} INFO - Filling up the DagBag from /opt/airflow/dags/team_at.py
[2026-06-05T14:20:25.225+0000] {logging_mixin.py:190} INFO - [2026-06-05T14:20:25.217+0000] {dagbag.py:387} ERROR - Failed to import: /opt/airflow/dags/team_at.py
Traceback (most recent call last):
  File "/home/airflow/.local/lib/python3.11/site-packages/airflow/models/dagbag.py", line 383, in parse
    loader.exec_module(new_module)
  File "<frozen importlib._bootstrap_external>", line 940, in exec_module
  File "<frozen importlib._bootstrap>", line 241, in _call_with_frames_removed
  File "/opt/airflow/dags/team_at.py", line 17, in <module>
    from include.team_adrien_spark import run_daily
ModuleNotFoundError: No module named 'include.team_adrien_spark'
[2026-06-05T14:20:25.228+0000] {processor.py:927} WARNING - No viable dags retrieved from /opt/airflow/dags/team_at.py
[2026-06-05T14:20:25.296+0000] {processor.py:208} INFO - Processing /opt/airflow/dags/team_at.py took 0.282 seconds
[2026-06-05T14:20:55.935+0000] {processor.py:186} INFO - Started process (PID=255) to work on /opt/airflow/dags/team_at.py
[2026-06-05T14:20:55.937+0000] {processor.py:914} INFO - Processing file /opt/airflow/dags/team_at.py for tasks to queue
[2026-06-05T14:20:55.941+0000] {logging_mixin.py:190} INFO - [2026-06-05T14:20:55.941+0000] {dagbag.py:588} INFO - Filling up the DagBag from /opt/airflow/dags/team_at.py
[2026-06-05T14:20:56.085+0000] {logging_mixin.py:190} INFO - [2026-06-05T14:20:56.077+0000] {dagbag.py:387} ERROR - Failed to import: /opt/airflow/dags/team_at.py
Traceback (most recent call last):
  File "/home/airflow/.local/lib/python3.11/site-packages/airflow/models/dagbag.py", line 383, in parse
    loader.exec_module(new_module)
  File "<frozen importlib._bootstrap_external>", line 940, in exec_module
  File "<frozen importlib._bootstrap>", line 241, in _call_with_frames_removed
  File "/opt/airflow/dags/team_at.py", line 17, in <module>
    from include.team_adrien_spark import run_daily
ModuleNotFoundError: No module named 'include.team_adrien_spark'
[2026-06-05T14:20:56.088+0000] {processor.py:927} WARNING - No viable dags retrieved from /opt/airflow/dags/team_at.py
[2026-06-05T14:20:56.133+0000] {processor.py:208} INFO - Processing /opt/airflow/dags/team_at.py took 0.209 seconds
[2026-06-05T14:21:26.638+0000] {processor.py:186} INFO - Started process (PID=277) to work on /opt/airflow/dags/team_at.py
[2026-06-05T14:21:26.640+0000] {processor.py:914} INFO - Processing file /opt/airflow/dags/team_at.py for tasks to queue
[2026-06-05T14:21:26.644+0000] {logging_mixin.py:190} INFO - [2026-06-05T14:21:26.644+0000] {dagbag.py:588} INFO - Filling up the DagBag from /opt/airflow/dags/team_at.py
[2026-06-05T14:21:26.775+0000] {logging_mixin.py:190} INFO - [2026-06-05T14:21:26.768+0000] {dagbag.py:387} ERROR - Failed to import: /opt/airflow/dags/team_at.py
Traceback (most recent call last):
  File "/home/airflow/.local/lib/python3.11/site-packages/airflow/models/dagbag.py", line 383, in parse
    loader.exec_module(new_module)
  File "<frozen importlib._bootstrap_external>", line 940, in exec_module
  File "<frozen importlib._bootstrap>", line 241, in _call_with_frames_removed
  File "/opt/airflow/dags/team_at.py", line 17, in <module>
    from include.team_adrien_spark import run_daily
ModuleNotFoundError: No module named 'include.team_adrien_spark'
[2026-06-05T14:21:26.777+0000] {processor.py:927} WARNING - No viable dags retrieved from /opt/airflow/dags/team_at.py
[2026-06-05T14:21:26.840+0000] {processor.py:208} INFO - Processing /opt/airflow/dags/team_at.py took 0.217 seconds
[2026-06-05T14:21:57.559+0000] {processor.py:186} INFO - Started process (PID=299) to work on /opt/airflow/dags/team_at.py
[2026-06-05T14:21:57.561+0000] {processor.py:914} INFO - Processing file /opt/airflow/dags/team_at.py for tasks to queue
[2026-06-05T14:21:57.566+0000] {logging_mixin.py:190} INFO - [2026-06-05T14:21:57.565+0000] {dagbag.py:588} INFO - Filling up the DagBag from /opt/airflow/dags/team_at.py
[2026-06-05T14:21:57.681+0000] {logging_mixin.py:190} INFO - [2026-06-05T14:21:57.675+0000] {dagbag.py:387} ERROR - Failed to import: /opt/airflow/dags/team_at.py
Traceback (most recent call last):
  File "/home/airflow/.local/lib/python3.11/site-packages/airflow/models/dagbag.py", line 383, in parse
    loader.exec_module(new_module)
  File "<frozen importlib._bootstrap_external>", line 940, in exec_module
  File "<frozen importlib._bootstrap>", line 241, in _call_with_frames_removed
  File "/opt/airflow/dags/team_at.py", line 17, in <module>
    from include.team_adrien_spark import run_daily
ModuleNotFoundError: No module named 'include.team_adrien_spark'
[2026-06-05T14:21:57.684+0000] {processor.py:927} WARNING - No viable dags retrieved from /opt/airflow/dags/team_at.py
[2026-06-05T14:21:57.719+0000] {processor.py:208} INFO - Processing /opt/airflow/dags/team_at.py took 0.169 seconds
[2026-06-05T14:22:28.140+0000] {processor.py:186} INFO - Started process (PID=322) to work on /opt/airflow/dags/team_at.py
[2026-06-05T14:22:28.144+0000] {processor.py:914} INFO - Processing file /opt/airflow/dags/team_at.py for tasks to queue
[2026-06-05T14:22:28.153+0000] {logging_mixin.py:190} INFO - [2026-06-05T14:22:28.152+0000] {dagbag.py:588} INFO - Filling up the DagBag from /opt/airflow/dags/team_at.py
[2026-06-05T14:22:28.438+0000] {logging_mixin.py:190} INFO - [2026-06-05T14:22:28.420+0000] {dagbag.py:387} ERROR - Failed to import: /opt/airflow/dags/team_at.py
Traceback (most recent call last):
  File "/home/airflow/.local/lib/python3.11/site-packages/airflow/models/dagbag.py", line 383, in parse
    loader.exec_module(new_module)
  File "<frozen importlib._bootstrap_external>", line 940, in exec_module
  File "<frozen importlib._bootstrap>", line 241, in _call_with_frames_removed
  File "/opt/airflow/dags/team_at.py", line 17, in <module>
    from include.team_adrien_spark import run_daily
ModuleNotFoundError: No module named 'include.team_adrien_spark'
[2026-06-05T14:22:28.445+0000] {processor.py:927} WARNING - No viable dags retrieved from /opt/airflow/dags/team_at.py
[2026-06-05T14:22:28.515+0000] {processor.py:208} INFO - Processing /opt/airflow/dags/team_at.py took 0.394 seconds
[2026-06-05T14:22:59.228+0000] {processor.py:186} INFO - Started process (PID=344) to work on /opt/airflow/dags/team_at.py
[2026-06-05T14:22:59.231+0000] {processor.py:914} INFO - Processing file /opt/airflow/dags/team_at.py for tasks to queue
[2026-06-05T14:22:59.235+0000] {logging_mixin.py:190} INFO - [2026-06-05T14:22:59.234+0000] {dagbag.py:588} INFO - Filling up the DagBag from /opt/airflow/dags/team_at.py
[2026-06-05T14:22:59.467+0000] {logging_mixin.py:190} INFO - [2026-06-05T14:22:59.456+0000] {dagbag.py:387} ERROR - Failed to import: /opt/airflow/dags/team_at.py
Traceback (most recent call last):
  File "/home/airflow/.local/lib/python3.11/site-packages/airflow/models/dagbag.py", line 383, in parse
    loader.exec_module(new_module)
  File "<frozen importlib._bootstrap_external>", line 940, in exec_module
  File "<frozen importlib._bootstrap>", line 241, in _call_with_frames_removed
  File "/opt/airflow/dags/team_at.py", line 17, in <module>
    from include.team_adrien_spark import run_daily
ModuleNotFoundError: No module named 'include.team_adrien_spark'
[2026-06-05T14:22:59.472+0000] {processor.py:927} WARNING - No viable dags retrieved from /opt/airflow/dags/team_at.py
[2026-06-05T14:22:59.516+0000] {processor.py:208} INFO - Processing /opt/airflow/dags/team_at.py took 0.305 seconds
